[0.147s] DEBUG:colcon:Command line arguments: ['/usr/bin/colcon', 'build']
[0.147s] DEBUG:colcon:Parsed command line arguments: Namespace(log_base=None, log_level=None, verb_name='build', build_base='build', install_base='install', merge_install=False, symlink_install=False, test_result_base=None, continue_on_error=False, executor='parallel', parallel_workers=20, event_handlers=None, ignore_user_meta=False, metas=['./colcon.meta'], base_paths=['.'], packages_ignore=None, packages_ignore_regex=None, paths=None, packages_up_to=None, packages_up_to_regex=None, packages_above=None, packages_above_and_dependencies=None, packages_above_depth=None, packages_select_by_dep=None, packages_skip_by_dep=None, packages_skip_up_to=None, packages_select_build_failed=False, packages_skip_build_finished=False, packages_select_test_failures=False, packages_skip_test_passed=False, packages_select=None, packages_skip=None, packages_select_regex=None, packages_skip_regex=None, packages_start=None, packages_end=None, allow_overriding=[], cmake_args=None, cmake_target=None, cmake_target_skip_unavailable=False, cmake_clean_cache=False, cmake_clean_first=False, cmake_force_configure=False, ament_cmake_args=None, catkin_cmake_args=None, catkin_skip_building_tests=False, verb_parser=<colcon_defaults.argument_parser.defaults.DefaultArgumentsDecorator object at 0x7452269337f0>, verb_extension=<colcon_core.verb.build.BuildVerb object at 0x745226ae4e50>, main=<bound method BuildVerb.main of <colcon_core.verb.build.BuildVerb object at 0x745226ae4e50>>)
[0.268s] Level 1:colcon.colcon_core.package_discovery:discover_packages(colcon_meta) check parameters
[0.268s] Level 1:colcon.colcon_core.package_discovery:discover_packages(recursive) check parameters
[0.268s] Level 1:colcon.colcon_core.package_discovery:discover_packages(ignore) check parameters
[0.268s] Level 1:colcon.colcon_core.package_discovery:discover_packages(path) check parameters
[0.268s] Level 1:colcon.colcon_core.package_discovery:discover_packages(colcon_meta) discover
[0.268s] Level 1:colcon.colcon_core.package_discovery:discover_packages(recursive) discover
[0.268s] INFO:colcon.colcon_core.package_discovery:Crawling recursively for packages in '/home/huahua/project/go2_sim_ws'
[0.268s] Level 1:colcon.colcon_core.package_identification:_identify(.) by extensions ['ignore', 'ignore_ament_install']
[0.268s] Level 1:colcon.colcon_core.package_identification:_identify(.) by extension 'ignore'
[0.268s] Level 1:colcon.colcon_core.package_identification:_identify(.) by extension 'ignore_ament_install'
[0.268s] Level 1:colcon.colcon_core.package_identification:_identify(.) by extensions ['colcon_pkg']
[0.268s] Level 1:colcon.colcon_core.package_identification:_identify(.) by extension 'colcon_pkg'
[0.268s] Level 1:colcon.colcon_core.package_identification:_identify(.) by extensions ['colcon_meta']
[0.268s] Level 1:colcon.colcon_core.package_identification:_identify(.) by extension 'colcon_meta'
[0.268s] Level 1:colcon.colcon_core.package_identification:_identify(.) by extensions ['ros']
[0.268s] Level 1:colcon.colcon_core.package_identification:_identify(.) by extension 'ros'
[0.274s] Level 1:colcon.colcon_core.package_identification:_identify(.) by extensions ['cmake', 'python']
[0.274s] Level 1:colcon.colcon_core.package_identification:_identify(.) by extension 'cmake'
[0.274s] Level 1:colcon.colcon_core.package_identification:_identify(.) by extension 'python'
[0.274s] Level 1:colcon.colcon_core.package_identification:_identify(.) by extensions ['python_setup_py']
[0.274s] Level 1:colcon.colcon_core.package_identification:_identify(.) by extension 'python_setup_py'
[0.274s] Level 1:colcon.colcon_core.package_identification:_identify(build) by extensions ['ignore', 'ignore_ament_install']
[0.274s] Level 1:colcon.colcon_core.package_identification:_identify(build) by extension 'ignore'
[0.274s] Level 1:colcon.colcon_core.package_identification:_identify(build) ignored
[0.275s] Level 1:colcon.colcon_core.package_identification:_identify(images) by extensions ['ignore', 'ignore_ament_install']
[0.275s] Level 1:colcon.colcon_core.package_identification:_identify(images) by extension 'ignore'
[0.275s] Level 1:colcon.colcon_core.package_identification:_identify(images) by extension 'ignore_ament_install'
[0.275s] Level 1:colcon.colcon_core.package_identification:_identify(images) by extensions ['colcon_pkg']
[0.275s] Level 1:colcon.colcon_core.package_identification:_identify(images) by extension 'colcon_pkg'
[0.275s] Level 1:colcon.colcon_core.package_identification:_identify(images) by extensions ['colcon_meta']
[0.275s] Level 1:colcon.colcon_core.package_identification:_identify(images) by extension 'colcon_meta'
[0.275s] Level 1:colcon.colcon_core.package_identification:_identify(images) by extensions ['ros']
[0.275s] Level 1:colcon.colcon_core.package_identification:_identify(images) by extension 'ros'
[0.275s] Level 1:colcon.colcon_core.package_identification:_identify(images) by extensions ['cmake', 'python']
[0.275s] Level 1:colcon.colcon_core.package_identification:_identify(images) by extension 'cmake'
[0.275s] Level 1:colcon.colcon_core.package_identification:_identify(images) by extension 'python'
[0.275s] Level 1:colcon.colcon_core.package_identification:_identify(images) by extensions ['python_setup_py']
[0.275s] Level 1:colcon.colcon_core.package_identification:_identify(images) by extension 'python_setup_py'
[0.275s] Level 1:colcon.colcon_core.package_identification:_identify(install) by extensions ['ignore', 'ignore_ament_install']
[0.275s] Level 1:colcon.colcon_core.package_identification:_identify(install) by extension 'ignore'
[0.275s] Level 1:colcon.colcon_core.package_identification:_identify(install) ignored
[0.275s] Level 1:colcon.colcon_core.package_identification:_identify(log) by extensions ['ignore', 'ignore_ament_install']
[0.275s] Level 1:colcon.colcon_core.package_identification:_identify(log) by extension 'ignore'
[0.275s] Level 1:colcon.colcon_core.package_identification:_identify(log) ignored
[0.275s] Level 1:colcon.colcon_core.package_identification:_identify(src) by extensions ['ignore', 'ignore_ament_install']
[0.275s] Level 1:colcon.colcon_core.package_identification:_identify(src) by extension 'ignore'
[0.275s] Level 1:colcon.colcon_core.package_identification:_identify(src) by extension 'ignore_ament_install'
[0.275s] Level 1:colcon.colcon_core.package_identification:_identify(src) by extensions ['colcon_pkg']
[0.275s] Level 1:colcon.colcon_core.package_identification:_identify(src) by extension 'colcon_pkg'
[0.275s] Level 1:colcon.colcon_core.package_identification:_identify(src) by extensions ['colcon_meta']
[0.275s] Level 1:colcon.colcon_core.package_identification:_identify(src) by extension 'colcon_meta'
[0.275s] Level 1:colcon.colcon_core.package_identification:_identify(src) by extensions ['ros']
[0.275s] Level 1:colcon.colcon_core.package_identification:_identify(src) by extension 'ros'
[0.275s] Level 1:colcon.colcon_core.package_identification:_identify(src) by extensions ['cmake', 'python']
[0.275s] Level 1:colcon.colcon_core.package_identification:_identify(src) by extension 'cmake'
[0.275s] Level 1:colcon.colcon_core.package_identification:_identify(src) by extension 'python'
[0.275s] Level 1:colcon.colcon_core.package_identification:_identify(src) by extensions ['python_setup_py']
[0.275s] Level 1:colcon.colcon_core.package_identification:_identify(src) by extension 'python_setup_py'
[0.275s] Level 1:colcon.colcon_core.package_identification:_identify(src/docker) by extensions ['ignore', 'ignore_ament_install']
[0.275s] Level 1:colcon.colcon_core.package_identification:_identify(src/docker) by extension 'ignore'
[0.275s] Level 1:colcon.colcon_core.package_identification:_identify(src/docker) by extension 'ignore_ament_install'
[0.275s] Level 1:colcon.colcon_core.package_identification:_identify(src/docker) by extensions ['colcon_pkg']
[0.275s] Level 1:colcon.colcon_core.package_identification:_identify(src/docker) by extension 'colcon_pkg'
[0.275s] Level 1:colcon.colcon_core.package_identification:_identify(src/docker) by extensions ['colcon_meta']
[0.275s] Level 1:colcon.colcon_core.package_identification:_identify(src/docker) by extension 'colcon_meta'
[0.275s] Level 1:colcon.colcon_core.package_identification:_identify(src/docker) by extensions ['ros']
[0.275s] Level 1:colcon.colcon_core.package_identification:_identify(src/docker) by extension 'ros'
[0.275s] Level 1:colcon.colcon_core.package_identification:_identify(src/docker) by extensions ['cmake', 'python']
[0.275s] Level 1:colcon.colcon_core.package_identification:_identify(src/docker) by extension 'cmake'
[0.275s] Level 1:colcon.colcon_core.package_identification:_identify(src/docker) by extension 'python'
[0.275s] Level 1:colcon.colcon_core.package_identification:_identify(src/docker) by extensions ['python_setup_py']
[0.275s] Level 1:colcon.colcon_core.package_identification:_identify(src/docker) by extension 'python_setup_py'
[0.276s] Level 1:colcon.colcon_core.package_identification:_identify(src/gazebo_sim) by extensions ['ignore', 'ignore_ament_install']
[0.276s] Level 1:colcon.colcon_core.package_identification:_identify(src/gazebo_sim) by extension 'ignore'
[0.276s] Level 1:colcon.colcon_core.package_identification:_identify(src/gazebo_sim) by extension 'ignore_ament_install'
[0.276s] Level 1:colcon.colcon_core.package_identification:_identify(src/gazebo_sim) by extensions ['colcon_pkg']
[0.276s] Level 1:colcon.colcon_core.package_identification:_identify(src/gazebo_sim) by extension 'colcon_pkg'
[0.276s] Level 1:colcon.colcon_core.package_identification:_identify(src/gazebo_sim) by extensions ['colcon_meta']
[0.276s] Level 1:colcon.colcon_core.package_identification:_identify(src/gazebo_sim) by extension 'colcon_meta'
[0.276s] Level 1:colcon.colcon_core.package_identification:_identify(src/gazebo_sim) by extensions ['ros']
[0.276s] Level 1:colcon.colcon_core.package_identification:_identify(src/gazebo_sim) by extension 'ros'
[0.278s] DEBUG:colcon.colcon_core.package_identification:Package 'src/gazebo_sim' with type 'ros.ament_cmake' and name 'gazebo_sim'
[0.278s] Level 1:colcon.colcon_core.package_identification:_identify(src/go1_description) by extensions ['ignore', 'ignore_ament_install']
[0.278s] Level 1:colcon.colcon_core.package_identification:_identify(src/go1_description) by extension 'ignore'
[0.278s] Level 1:colcon.colcon_core.package_identification:_identify(src/go1_description) by extension 'ignore_ament_install'
[0.278s] Level 1:colcon.colcon_core.package_identification:_identify(src/go1_description) by extensions ['colcon_pkg']
[0.278s] Level 1:colcon.colcon_core.package_identification:_identify(src/go1_description) by extension 'colcon_pkg'
[0.278s] Level 1:colcon.colcon_core.package_identification:_identify(src/go1_description) by extensions ['colcon_meta']
[0.278s] Level 1:colcon.colcon_core.package_identification:_identify(src/go1_description) by extension 'colcon_meta'
[0.279s] Level 1:colcon.colcon_core.package_identification:_identify(src/go1_description) by extensions ['ros']
[0.279s] Level 1:colcon.colcon_core.package_identification:_identify(src/go1_description) by extension 'ros'
[0.280s] DEBUG:colcon.colcon_core.package_identification:Package 'src/go1_description' with type 'ros.ament_cmake' and name 'go1_description'
[0.280s] Level 1:colcon.colcon_core.package_identification:_identify(src/go2_description) by extensions ['ignore', 'ignore_ament_install']
[0.280s] Level 1:colcon.colcon_core.package_identification:_identify(src/go2_description) by extension 'ignore'
[0.280s] Level 1:colcon.colcon_core.package_identification:_identify(src/go2_description) by extension 'ignore_ament_install'
[0.280s] Level 1:colcon.colcon_core.package_identification:_identify(src/go2_description) by extensions ['colcon_pkg']
[0.280s] Level 1:colcon.colcon_core.package_identification:_identify(src/go2_description) by extension 'colcon_pkg'
[0.280s] Level 1:colcon.colcon_core.package_identification:_identify(src/go2_description) by extensions ['colcon_meta']
[0.280s] Level 1:colcon.colcon_core.package_identification:_identify(src/go2_description) by extension 'colcon_meta'
[0.280s] Level 1:colcon.colcon_core.package_identification:_identify(src/go2_description) by extensions ['ros']
[0.280s] Level 1:colcon.colcon_core.package_identification:_identify(src/go2_description) by extension 'ros'
[0.280s] DEBUG:colcon.colcon_core.package_identification:Package 'src/go2_description' with type 'ros.ament_cmake' and name 'go2_description'
[0.280s] Level 1:colcon.colcon_core.package_identification:_identify(src/quadropted_controller) by extensions ['ignore', 'ignore_ament_install']
[0.280s] Level 1:colcon.colcon_core.package_identification:_identify(src/quadropted_controller) by extension 'ignore'
[0.280s] Level 1:colcon.colcon_core.package_identification:_identify(src/quadropted_controller) by extension 'ignore_ament_install'
[0.281s] Level 1:colcon.colcon_core.package_identification:_identify(src/quadropted_controller) by extensions ['colcon_pkg']
[0.281s] Level 1:colcon.colcon_core.package_identification:_identify(src/quadropted_controller) by extension 'colcon_pkg'
[0.281s] Level 1:colcon.colcon_core.package_identification:_identify(src/quadropted_controller) by extensions ['colcon_meta']
[0.281s] Level 1:colcon.colcon_core.package_identification:_identify(src/quadropted_controller) by extension 'colcon_meta'
[0.281s] Level 1:colcon.colcon_core.package_identification:_identify(src/quadropted_controller) by extensions ['ros']
[0.281s] Level 1:colcon.colcon_core.package_identification:_identify(src/quadropted_controller) by extension 'ros'
[0.281s] DEBUG:colcon.colcon_core.package_identification:Package 'src/quadropted_controller' with type 'ros.ament_cmake' and name 'quadropted_controller'
[0.281s] Level 1:colcon.colcon_core.package_identification:_identify(src/quadropted_msgs) by extensions ['ignore', 'ignore_ament_install']
[0.281s] Level 1:colcon.colcon_core.package_identification:_identify(src/quadropted_msgs) by extension 'ignore'
[0.281s] Level 1:colcon.colcon_core.package_identification:_identify(src/quadropted_msgs) by extension 'ignore_ament_install'
[0.281s] Level 1:colcon.colcon_core.package_identification:_identify(src/quadropted_msgs) by extensions ['colcon_pkg']
[0.281s] Level 1:colcon.colcon_core.package_identification:_identify(src/quadropted_msgs) by extension 'colcon_pkg'
[0.281s] Level 1:colcon.colcon_core.package_identification:_identify(src/quadropted_msgs) by extensions ['colcon_meta']
[0.281s] Level 1:colcon.colcon_core.package_identification:_identify(src/quadropted_msgs) by extension 'colcon_meta'
[0.281s] Level 1:colcon.colcon_core.package_identification:_identify(src/quadropted_msgs) by extensions ['ros']
[0.281s] Level 1:colcon.colcon_core.package_identification:_identify(src/quadropted_msgs) by extension 'ros'
[0.281s] DEBUG:colcon.colcon_core.package_identification:Package 'src/quadropted_msgs' with type 'ros.ament_cmake' and name 'quadropted_msgs'
[0.281s] Level 1:colcon.colcon_core.package_discovery:discover_packages(recursive) using defaults
[0.281s] Level 1:colcon.colcon_core.package_discovery:discover_packages(ignore) discover
[0.281s] Level 1:colcon.colcon_core.package_discovery:discover_packages(ignore) using defaults
[0.281s] Level 1:colcon.colcon_core.package_discovery:discover_packages(path) discover
[0.281s] Level 1:colcon.colcon_core.package_discovery:discover_packages(path) using defaults
[0.306s] Level 1:colcon.colcon_core.package_discovery:discover_packages(prefix_path) check parameters
[0.307s] Level 1:colcon.colcon_core.package_discovery:discover_packages(prefix_path) discover
[0.310s] DEBUG:colcon.colcon_installed_package_information.package_discovery:Found 393 installed packages in /opt/ros/humble
[0.311s] Level 1:colcon.colcon_core.package_discovery:discover_packages(prefix_path) using defaults
[0.334s] Level 5:colcon.colcon_core.verb:set package 'gazebo_sim' build argument 'cmake_args' from command line to 'None'
[0.334s] Level 5:colcon.colcon_core.verb:set package 'gazebo_sim' build argument 'cmake_target' from command line to 'None'
[0.334s] Level 5:colcon.colcon_core.verb:set package 'gazebo_sim' build argument 'cmake_target_skip_unavailable' from command line to 'False'
[0.334s] Level 5:colcon.colcon_core.verb:set package 'gazebo_sim' build argument 'cmake_clean_cache' from command line to 'False'
[0.334s] Level 5:colcon.colcon_core.verb:set package 'gazebo_sim' build argument 'cmake_clean_first' from command line to 'False'
[0.334s] Level 5:colcon.colcon_core.verb:set package 'gazebo_sim' build argument 'cmake_force_configure' from command line to 'False'
[0.334s] Level 5:colcon.colcon_core.verb:set package 'gazebo_sim' build argument 'ament_cmake_args' from command line to 'None'
[0.334s] Level 5:colcon.colcon_core.verb:set package 'gazebo_sim' build argument 'catkin_cmake_args' from command line to 'None'
[0.334s] Level 5:colcon.colcon_core.verb:set package 'gazebo_sim' build argument 'catkin_skip_building_tests' from command line to 'False'
[0.334s] DEBUG:colcon.colcon_core.verb:Building package 'gazebo_sim' with the following arguments: {'ament_cmake_args': None, 'build_base': '/home/huahua/project/go2_sim_ws/build/gazebo_sim', 'catkin_cmake_args': None, 'catkin_skip_building_tests': False, 'cmake_args': None, 'cmake_clean_cache': False, 'cmake_clean_first': False, 'cmake_force_configure': False, 'cmake_target': None, 'cmake_target_skip_unavailable': False, 'install_base': '/home/huahua/project/go2_sim_ws/install/gazebo_sim', 'merge_install': False, 'path': '/home/huahua/project/go2_sim_ws/src/gazebo_sim', 'symlink_install': False, 'test_result_base': None}
[0.334s] Level 5:colcon.colcon_core.verb:set package 'go1_description' build argument 'cmake_args' from command line to 'None'
[0.334s] Level 5:colcon.colcon_core.verb:set package 'go1_description' build argument 'cmake_target' from command line to 'None'
[0.334s] Level 5:colcon.colcon_core.verb:set package 'go1_description' build argument 'cmake_target_skip_unavailable' from command line to 'False'
[0.334s] Level 5:colcon.colcon_core.verb:set package 'go1_description' build argument 'cmake_clean_cache' from command line to 'False'
[0.334s] Level 5:colcon.colcon_core.verb:set package 'go1_description' build argument 'cmake_clean_first' from command line to 'False'
[0.334s] Level 5:colcon.colcon_core.verb:set package 'go1_description' build argument 'cmake_force_configure' from command line to 'False'
[0.334s] Level 5:colcon.colcon_core.verb:set package 'go1_description' build argument 'ament_cmake_args' from command line to 'None'
[0.334s] Level 5:colcon.colcon_core.verb:set package 'go1_description' build argument 'catkin_cmake_args' from command line to 'None'
[0.334s] Level 5:colcon.colcon_core.verb:set package 'go1_description' build argument 'catkin_skip_building_tests' from command line to 'False'
[0.334s] DEBUG:colcon.colcon_core.verb:Building package 'go1_description' with the following arguments: {'ament_cmake_args': None, 'build_base': '/home/huahua/project/go2_sim_ws/build/go1_description', 'catkin_cmake_args': None, 'catkin_skip_building_tests': False, 'cmake_args': None, 'cmake_clean_cache': False, 'cmake_clean_first': False, 'cmake_force_configure': False, 'cmake_target': None, 'cmake_target_skip_unavailable': False, 'install_base': '/home/huahua/project/go2_sim_ws/install/go1_description', 'merge_install': False, 'path': '/home/huahua/project/go2_sim_ws/src/go1_description', 'symlink_install': False, 'test_result_base': None}
[0.334s] Level 5:colcon.colcon_core.verb:set package 'go2_description' build argument 'cmake_args' from command line to 'None'
[0.334s] Level 5:colcon.colcon_core.verb:set package 'go2_description' build argument 'cmake_target' from command line to 'None'
[0.334s] Level 5:colcon.colcon_core.verb:set package 'go2_description' build argument 'cmake_target_skip_unavailable' from command line to 'False'
[0.334s] Level 5:colcon.colcon_core.verb:set package 'go2_description' build argument 'cmake_clean_cache' from command line to 'False'
[0.334s] Level 5:colcon.colcon_core.verb:set package 'go2_description' build argument 'cmake_clean_first' from command line to 'False'
[0.334s] Level 5:colcon.colcon_core.verb:set package 'go2_description' build argument 'cmake_force_configure' from command line to 'False'
[0.334s] Level 5:colcon.colcon_core.verb:set package 'go2_description' build argument 'ament_cmake_args' from command line to 'None'
[0.334s] Level 5:colcon.colcon_core.verb:set package 'go2_description' build argument 'catkin_cmake_args' from command line to 'None'
[0.334s] Level 5:colcon.colcon_core.verb:set package 'go2_description' build argument 'catkin_skip_building_tests' from command line to 'False'
[0.334s] DEBUG:colcon.colcon_core.verb:Building package 'go2_description' with the following arguments: {'ament_cmake_args': None, 'build_base': '/home/huahua/project/go2_sim_ws/build/go2_description', 'catkin_cmake_args': None, 'catkin_skip_building_tests': False, 'cmake_args': None, 'cmake_clean_cache': False, 'cmake_clean_first': False, 'cmake_force_configure': False, 'cmake_target': None, 'cmake_target_skip_unavailable': False, 'install_base': '/home/huahua/project/go2_sim_ws/install/go2_description', 'merge_install': False, 'path': '/home/huahua/project/go2_sim_ws/src/go2_description', 'symlink_install': False, 'test_result_base': None}
[0.334s] Level 5:colcon.colcon_core.verb:set package 'quadropted_controller' build argument 'cmake_args' from command line to 'None'
[0.334s] Level 5:colcon.colcon_core.verb:set package 'quadropted_controller' build argument 'cmake_target' from command line to 'None'
[0.334s] Level 5:colcon.colcon_core.verb:set package 'quadropted_controller' build argument 'cmake_target_skip_unavailable' from command line to 'False'
[0.334s] Level 5:colcon.colcon_core.verb:set package 'quadropted_controller' build argument 'cmake_clean_cache' from command line to 'False'
[0.334s] Level 5:colcon.colcon_core.verb:set package 'quadropted_controller' build argument 'cmake_clean_first' from command line to 'False'
[0.334s] Level 5:colcon.colcon_core.verb:set package 'quadropted_controller' build argument 'cmake_force_configure' from command line to 'False'
[0.334s] Level 5:colcon.colcon_core.verb:set package 'quadropted_controller' build argument 'ament_cmake_args' from command line to 'None'
[0.334s] Level 5:colcon.colcon_core.verb:set package 'quadropted_controller' build argument 'catkin_cmake_args' from command line to 'None'
[0.334s] Level 5:colcon.colcon_core.verb:set package 'quadropted_controller' build argument 'catkin_skip_building_tests' from command line to 'False'
[0.335s] DEBUG:colcon.colcon_core.verb:Building package 'quadropted_controller' with the following arguments: {'ament_cmake_args': None, 'build_base': '/home/huahua/project/go2_sim_ws/build/quadropted_controller', 'catkin_cmake_args': None, 'catkin_skip_building_tests': False, 'cmake_args': None, 'cmake_clean_cache': False, 'cmake_clean_first': False, 'cmake_force_configure': False, 'cmake_target': None, 'cmake_target_skip_unavailable': False, 'install_base': '/home/huahua/project/go2_sim_ws/install/quadropted_controller', 'merge_install': False, 'path': '/home/huahua/project/go2_sim_ws/src/quadropted_controller', 'symlink_install': False, 'test_result_base': None}
[0.335s] Level 5:colcon.colcon_core.verb:set package 'quadropted_msgs' build argument 'cmake_args' from command line to 'None'
[0.335s] Level 5:colcon.colcon_core.verb:set package 'quadropted_msgs' build argument 'cmake_target' from command line to 'None'
[0.335s] Level 5:colcon.colcon_core.verb:set package 'quadropted_msgs' build argument 'cmake_target_skip_unavailable' from command line to 'False'
[0.335s] Level 5:colcon.colcon_core.verb:set package 'quadropted_msgs' build argument 'cmake_clean_cache' from command line to 'False'
[0.335s] Level 5:colcon.colcon_core.verb:set package 'quadropted_msgs' build argument 'cmake_clean_first' from command line to 'False'
[0.335s] Level 5:colcon.colcon_core.verb:set package 'quadropted_msgs' build argument 'cmake_force_configure' from command line to 'False'
[0.335s] Level 5:colcon.colcon_core.verb:set package 'quadropted_msgs' build argument 'ament_cmake_args' from command line to 'None'
[0.335s] Level 5:colcon.colcon_core.verb:set package 'quadropted_msgs' build argument 'catkin_cmake_args' from command line to 'None'
[0.335s] Level 5:colcon.colcon_core.verb:set package 'quadropted_msgs' build argument 'catkin_skip_building_tests' from command line to 'False'
[0.335s] DEBUG:colcon.colcon_core.verb:Building package 'quadropted_msgs' with the following arguments: {'ament_cmake_args': None, 'build_base': '/home/huahua/project/go2_sim_ws/build/quadropted_msgs', 'catkin_cmake_args': None, 'catkin_skip_building_tests': False, 'cmake_args': None, 'cmake_clean_cache': False, 'cmake_clean_first': False, 'cmake_force_configure': False, 'cmake_target': None, 'cmake_target_skip_unavailable': False, 'install_base': '/home/huahua/project/go2_sim_ws/install/quadropted_msgs', 'merge_install': False, 'path': '/home/huahua/project/go2_sim_ws/src/quadropted_msgs', 'symlink_install': False, 'test_result_base': None}
[0.335s] INFO:colcon.colcon_core.executor:Executing jobs using 'parallel' executor
[0.336s] DEBUG:colcon.colcon_parallel_executor.executor.parallel:run_until_complete
[0.336s] INFO:colcon.colcon_ros.task.ament_cmake.build:Building ROS package in '/home/huahua/project/go2_sim_ws/src/gazebo_sim' with build type 'ament_cmake'
[0.336s] INFO:colcon.colcon_cmake.task.cmake.build:Building CMake package in '/home/huahua/project/go2_sim_ws/src/gazebo_sim'
[0.338s] INFO:colcon.colcon_core.plugin_system:Skipping extension 'colcon_core.shell.bat': Not used on non-Windows systems
[0.338s] INFO:colcon.colcon_core.shell:Skip shell extension 'powershell' for command environment: Not usable outside of PowerShell
[0.338s] DEBUG:colcon.colcon_core.shell:Skip shell extension 'dsv' for command environment
[0.340s] INFO:colcon.colcon_ros.task.ament_cmake.build:Building ROS package in '/home/huahua/project/go2_sim_ws/src/go1_description' with build type 'ament_cmake'
[0.340s] INFO:colcon.colcon_cmake.task.cmake.build:Building CMake package in '/home/huahua/project/go2_sim_ws/src/go1_description'
[0.340s] INFO:colcon.colcon_core.shell:Skip shell extension 'powershell' for command environment: Not usable outside of PowerShell
[0.340s] DEBUG:colcon.colcon_core.shell:Skip shell extension 'dsv' for command environment
[0.342s] INFO:colcon.colcon_ros.task.ament_cmake.build:Building ROS package in '/home/huahua/project/go2_sim_ws/src/go2_description' with build type 'ament_cmake'
[0.342s] INFO:colcon.colcon_cmake.task.cmake.build:Building CMake package in '/home/huahua/project/go2_sim_ws/src/go2_description'
[0.342s] INFO:colcon.colcon_core.shell:Skip shell extension 'powershell' for command environment: Not usable outside of PowerShell
[0.342s] DEBUG:colcon.colcon_core.shell:Skip shell extension 'dsv' for command environment
[0.343s] INFO:colcon.colcon_ros.task.ament_cmake.build:Building ROS package in '/home/huahua/project/go2_sim_ws/src/quadropted_controller' with build type 'ament_cmake'
[0.343s] INFO:colcon.colcon_cmake.task.cmake.build:Building CMake package in '/home/huahua/project/go2_sim_ws/src/quadropted_controller'
[0.343s] INFO:colcon.colcon_core.shell:Skip shell extension 'powershell' for command environment: Not usable outside of PowerShell
[0.343s] DEBUG:colcon.colcon_core.shell:Skip shell extension 'dsv' for command environment
[0.345s] INFO:colcon.colcon_ros.task.ament_cmake.build:Building ROS package in '/home/huahua/project/go2_sim_ws/src/quadropted_msgs' with build type 'ament_cmake'
[0.345s] INFO:colcon.colcon_cmake.task.cmake.build:Building CMake package in '/home/huahua/project/go2_sim_ws/src/quadropted_msgs'
[0.345s] INFO:colcon.colcon_core.shell:Skip shell extension 'powershell' for command environment: Not usable outside of PowerShell
[0.345s] DEBUG:colcon.colcon_core.shell:Skip shell extension 'dsv' for command environment
[0.348s] DEBUG:colcon.colcon_core.event_handler.log_command:Invoking command in '/home/huahua/project/go2_sim_ws/build/gazebo_sim': CMAKE_PREFIX_PATH=/opt/ros/humble /usr/bin/cmake /home/huahua/project/go2_sim_ws/src/gazebo_sim -DCMAKE_INSTALL_PREFIX=/home/huahua/project/go2_sim_ws/install/gazebo_sim
[0.350s] DEBUG:colcon.colcon_core.event_handler.log_command:Invoking command in '/home/huahua/project/go2_sim_ws/build/go1_description': CMAKE_PREFIX_PATH=/opt/ros/humble /usr/bin/cmake /home/huahua/project/go2_sim_ws/src/go1_description -DCMAKE_INSTALL_PREFIX=/home/huahua/project/go2_sim_ws/install/go1_description
[0.351s] DEBUG:colcon.colcon_core.event_handler.log_command:Invoking command in '/home/huahua/project/go2_sim_ws/build/go2_description': CMAKE_PREFIX_PATH=/opt/ros/humble /usr/bin/cmake /home/huahua/project/go2_sim_ws/src/go2_description -DCMAKE_INSTALL_PREFIX=/home/huahua/project/go2_sim_ws/install/go2_description
[0.352s] DEBUG:colcon.colcon_core.event_handler.log_command:Invoking command in '/home/huahua/project/go2_sim_ws/build/quadropted_controller': CMAKE_PREFIX_PATH=/opt/ros/humble /usr/bin/cmake /home/huahua/project/go2_sim_ws/src/quadropted_controller -DCMAKE_INSTALL_PREFIX=/home/huahua/project/go2_sim_ws/install/quadropted_controller
[0.354s] DEBUG:colcon.colcon_core.event_handler.log_command:Invoking command in '/home/huahua/project/go2_sim_ws/build/quadropted_msgs': CMAKE_PREFIX_PATH=/opt/ros/humble /usr/bin/cmake /home/huahua/project/go2_sim_ws/src/quadropted_msgs -DCMAKE_INSTALL_PREFIX=/home/huahua/project/go2_sim_ws/install/quadropted_msgs
[0.824s] DEBUG:colcon.colcon_core.event_handler.log_command:Invoked command in '/home/huahua/project/go2_sim_ws/build/quadropted_controller' returned '0': CMAKE_PREFIX_PATH=/opt/ros/humble /usr/bin/cmake /home/huahua/project/go2_sim_ws/src/quadropted_controller -DCMAKE_INSTALL_PREFIX=/home/huahua/project/go2_sim_ws/install/quadropted_controller
[0.825s] DEBUG:colcon.colcon_core.event_handler.log_command:Invoking command in '/home/huahua/project/go2_sim_ws/build/quadropted_controller': CMAKE_PREFIX_PATH=/opt/ros/humble /usr/bin/cmake --build /home/huahua/project/go2_sim_ws/build/quadropted_controller -- -j20 -l20
[0.826s] DEBUG:colcon.colcon_core.event_handler.log_command:Invoked command in '/home/huahua/project/go2_sim_ws/build/go2_description' returned '0': CMAKE_PREFIX_PATH=/opt/ros/humble /usr/bin/cmake /home/huahua/project/go2_sim_ws/src/go2_description -DCMAKE_INSTALL_PREFIX=/home/huahua/project/go2_sim_ws/install/go2_description
[0.827s] DEBUG:colcon.colcon_core.event_handler.log_command:Invoking command in '/home/huahua/project/go2_sim_ws/build/go2_description': CMAKE_PREFIX_PATH=/opt/ros/humble /usr/bin/cmake --build /home/huahua/project/go2_sim_ws/build/go2_description -- -j20 -l20
[0.849s] DEBUG:colcon.colcon_core.event_handler.log_command:Invoked command in '/home/huahua/project/go2_sim_ws/build/quadropted_controller' returned '0': CMAKE_PREFIX_PATH=/opt/ros/humble /usr/bin/cmake --build /home/huahua/project/go2_sim_ws/build/quadropted_controller -- -j20 -l20
[0.855s] DEBUG:colcon.colcon_core.event_handler.log_command:Invoking command in '/home/huahua/project/go2_sim_ws/build/quadropted_controller': CMAKE_PREFIX_PATH=/opt/ros/humble /usr/bin/cmake --install /home/huahua/project/go2_sim_ws/build/quadropted_controller
[0.856s] DEBUG:colcon.colcon_core.event_handler.log_command:Invoked command in '/home/huahua/project/go2_sim_ws/build/go2_description' returned '0': CMAKE_PREFIX_PATH=/opt/ros/humble /usr/bin/cmake --build /home/huahua/project/go2_sim_ws/build/go2_description -- -j20 -l20
[0.857s] DEBUG:colcon.colcon_core.event_handler.log_command:Invoking command in '/home/huahua/project/go2_sim_ws/build/go2_description': CMAKE_PREFIX_PATH=/opt/ros/humble /usr/bin/cmake --install /home/huahua/project/go2_sim_ws/build/go2_description
[0.868s] Level 1:colcon.colcon_core.environment:create_environment_scripts_only(quadropted_controller)
[0.868s] DEBUG:colcon.colcon_core.event_handler.log_command:Invoked command in '/home/huahua/project/go2_sim_ws/build/quadropted_controller' returned '0': CMAKE_PREFIX_PATH=/opt/ros/humble /usr/bin/cmake --install /home/huahua/project/go2_sim_ws/build/quadropted_controller
[0.872s] Level 1:colcon.colcon_core.environment:checking '/home/huahua/project/go2_sim_ws/install/quadropted_controller' for CMake module files
[0.872s] Level 1:colcon.colcon_core.environment:checking '/home/huahua/project/go2_sim_ws/install/quadropted_controller' for CMake config files
[0.873s] Level 1:colcon.colcon_core.shell:create_environment_hook('quadropted_controller', 'cmake_prefix_path')
[0.873s] INFO:colcon.colcon_core.shell:Creating environment hook '/home/huahua/project/go2_sim_ws/install/quadropted_controller/share/quadropted_controller/hook/cmake_prefix_path.ps1'
[0.874s] INFO:colcon.colcon_core.shell:Creating environment descriptor '/home/huahua/project/go2_sim_ws/install/quadropted_controller/share/quadropted_controller/hook/cmake_prefix_path.dsv'
[0.874s] INFO:colcon.colcon_core.shell:Creating environment hook '/home/huahua/project/go2_sim_ws/install/quadropted_controller/share/quadropted_controller/hook/cmake_prefix_path.sh'
[0.875s] Level 1:colcon.colcon_core.environment:checking '/home/huahua/project/go2_sim_ws/install/quadropted_controller/lib'
[0.875s] Level 1:colcon.colcon_core.environment:checking '/home/huahua/project/go2_sim_ws/install/quadropted_controller/bin'
[0.876s] Level 1:colcon.colcon_core.environment:checking '/home/huahua/project/go2_sim_ws/install/quadropted_controller/lib/pkgconfig/quadropted_controller.pc'
[0.876s] Level 1:colcon.colcon_core.environment:checking '/home/huahua/project/go2_sim_ws/install/quadropted_controller/lib/python3.10/site-packages'
[0.876s] Level 1:colcon.colcon_core.environment:checking '/home/huahua/project/go2_sim_ws/install/quadropted_controller/bin'
[0.876s] INFO:colcon.colcon_core.shell:Creating package script '/home/huahua/project/go2_sim_ws/install/quadropted_controller/share/quadropted_controller/package.ps1'
[0.877s] INFO:colcon.colcon_core.shell:Creating package descriptor '/home/huahua/project/go2_sim_ws/install/quadropted_controller/share/quadropted_controller/package.dsv'
[0.877s] INFO:colcon.colcon_core.shell:Creating package script '/home/huahua/project/go2_sim_ws/install/quadropted_controller/share/quadropted_controller/package.sh'
[0.877s] INFO:colcon.colcon_core.shell:Creating package script '/home/huahua/project/go2_sim_ws/install/quadropted_controller/share/quadropted_controller/package.bash'
[0.878s] INFO:colcon.colcon_core.shell:Creating package script '/home/huahua/project/go2_sim_ws/install/quadropted_controller/share/quadropted_controller/package.zsh'
[0.878s] Level 1:colcon.colcon_core.environment:create_file_with_runtime_dependencies(/home/huahua/project/go2_sim_ws/install/quadropted_controller/share/colcon-core/packages/quadropted_controller)
[0.879s] Level 1:colcon.colcon_core.environment:create_environment_scripts_only(quadropted_controller)
[0.879s] Level 1:colcon.colcon_core.environment:checking '/home/huahua/project/go2_sim_ws/install/quadropted_controller' for CMake module files
[0.879s] Level 1:colcon.colcon_core.environment:checking '/home/huahua/project/go2_sim_ws/install/quadropted_controller' for CMake config files
[0.879s] Level 1:colcon.colcon_core.shell:create_environment_hook('quadropted_controller', 'cmake_prefix_path')
[0.879s] INFO:colcon.colcon_core.shell:Creating environment hook '/home/huahua/project/go2_sim_ws/install/quadropted_controller/share/quadropted_controller/hook/cmake_prefix_path.ps1'
[0.879s] INFO:colcon.colcon_core.shell:Creating environment descriptor '/home/huahua/project/go2_sim_ws/install/quadropted_controller/share/quadropted_controller/hook/cmake_prefix_path.dsv'
[0.880s] INFO:colcon.colcon_core.shell:Creating environment hook '/home/huahua/project/go2_sim_ws/install/quadropted_controller/share/quadropted_controller/hook/cmake_prefix_path.sh'
[0.880s] Level 1:colcon.colcon_core.environment:checking '/home/huahua/project/go2_sim_ws/install/quadropted_controller/lib'
[0.880s] Level 1:colcon.colcon_core.environment:checking '/home/huahua/project/go2_sim_ws/install/quadropted_controller/bin'
[0.880s] Level 1:colcon.colcon_core.environment:checking '/home/huahua/project/go2_sim_ws/install/quadropted_controller/lib/pkgconfig/quadropted_controller.pc'
[0.880s] Level 1:colcon.colcon_core.environment:checking '/home/huahua/project/go2_sim_ws/install/quadropted_controller/lib/python3.10/site-packages'
[0.880s] Level 1:colcon.colcon_core.environment:checking '/home/huahua/project/go2_sim_ws/install/quadropted_controller/bin'
[0.880s] INFO:colcon.colcon_core.shell:Creating package script '/home/huahua/project/go2_sim_ws/install/quadropted_controller/share/quadropted_controller/package.ps1'
[0.881s] INFO:colcon.colcon_core.shell:Creating package descriptor '/home/huahua/project/go2_sim_ws/install/quadropted_controller/share/quadropted_controller/package.dsv'
[0.881s] INFO:colcon.colcon_core.shell:Creating package script '/home/huahua/project/go2_sim_ws/install/quadropted_controller/share/quadropted_controller/package.sh'
[0.881s] INFO:colcon.colcon_core.shell:Creating package script '/home/huahua/project/go2_sim_ws/install/quadropted_controller/share/quadropted_controller/package.bash'
[0.882s] INFO:colcon.colcon_core.shell:Creating package script '/home/huahua/project/go2_sim_ws/install/quadropted_controller/share/quadropted_controller/package.zsh'
[0.882s] Level 1:colcon.colcon_core.environment:create_file_with_runtime_dependencies(/home/huahua/project/go2_sim_ws/install/quadropted_controller/share/colcon-core/packages/quadropted_controller)
[0.888s] Level 1:colcon.colcon_core.environment:create_environment_scripts_only(go2_description)
[0.889s] DEBUG:colcon.colcon_core.event_handler.log_command:Invoked command in '/home/huahua/project/go2_sim_ws/build/go2_description' returned '0': CMAKE_PREFIX_PATH=/opt/ros/humble /usr/bin/cmake --install /home/huahua/project/go2_sim_ws/build/go2_description
[0.889s] Level 1:colcon.colcon_core.environment:checking '/home/huahua/project/go2_sim_ws/install/go2_description' for CMake module files
[0.889s] Level 1:colcon.colcon_core.environment:checking '/home/huahua/project/go2_sim_ws/install/go2_description' for CMake config files
[0.889s] Level 1:colcon.colcon_core.shell:create_environment_hook('go2_description', 'cmake_prefix_path')
[0.889s] INFO:colcon.colcon_core.shell:Creating environment hook '/home/huahua/project/go2_sim_ws/install/go2_description/share/go2_description/hook/cmake_prefix_path.ps1'
[0.890s] INFO:colcon.colcon_core.shell:Creating environment descriptor '/home/huahua/project/go2_sim_ws/install/go2_description/share/go2_description/hook/cmake_prefix_path.dsv'
[0.890s] INFO:colcon.colcon_core.shell:Creating environment hook '/home/huahua/project/go2_sim_ws/install/go2_description/share/go2_description/hook/cmake_prefix_path.sh'
[0.890s] Level 1:colcon.colcon_core.environment:checking '/home/huahua/project/go2_sim_ws/install/go2_description/bin'
[0.890s] Level 1:colcon.colcon_core.environment:checking '/home/huahua/project/go2_sim_ws/install/go2_description/lib/pkgconfig/go2_description.pc'
[0.890s] Level 1:colcon.colcon_core.environment:checking '/home/huahua/project/go2_sim_ws/install/go2_description/lib/python3.10/site-packages'
[0.890s] Level 1:colcon.colcon_core.environment:checking '/home/huahua/project/go2_sim_ws/install/go2_description/bin'
[0.890s] INFO:colcon.colcon_core.shell:Creating package script '/home/huahua/project/go2_sim_ws/install/go2_description/share/go2_description/package.ps1'
[0.891s] INFO:colcon.colcon_core.shell:Creating package descriptor '/home/huahua/project/go2_sim_ws/install/go2_description/share/go2_description/package.dsv'
[0.891s] INFO:colcon.colcon_core.shell:Creating package script '/home/huahua/project/go2_sim_ws/install/go2_description/share/go2_description/package.sh'
[0.891s] INFO:colcon.colcon_core.shell:Creating package script '/home/huahua/project/go2_sim_ws/install/go2_description/share/go2_description/package.bash'
[0.891s] INFO:colcon.colcon_core.shell:Creating package script '/home/huahua/project/go2_sim_ws/install/go2_description/share/go2_description/package.zsh'
[0.891s] Level 1:colcon.colcon_core.environment:create_file_with_runtime_dependencies(/home/huahua/project/go2_sim_ws/install/go2_description/share/colcon-core/packages/go2_description)
[0.892s] Level 1:colcon.colcon_core.environment:create_environment_scripts_only(go2_description)
[0.892s] Level 1:colcon.colcon_core.environment:checking '/home/huahua/project/go2_sim_ws/install/go2_description' for CMake module files
[0.892s] Level 1:colcon.colcon_core.environment:checking '/home/huahua/project/go2_sim_ws/install/go2_description' for CMake config files
[0.892s] Level 1:colcon.colcon_core.shell:create_environment_hook('go2_description', 'cmake_prefix_path')
[0.892s] INFO:colcon.colcon_core.shell:Creating environment hook '/home/huahua/project/go2_sim_ws/install/go2_description/share/go2_description/hook/cmake_prefix_path.ps1'
[0.892s] INFO:colcon.colcon_core.shell:Creating environment descriptor '/home/huahua/project/go2_sim_ws/install/go2_description/share/go2_description/hook/cmake_prefix_path.dsv'
[0.893s] INFO:colcon.colcon_core.shell:Creating environment hook '/home/huahua/project/go2_sim_ws/install/go2_description/share/go2_description/hook/cmake_prefix_path.sh'
[0.893s] Level 1:colcon.colcon_core.environment:checking '/home/huahua/project/go2_sim_ws/install/go2_description/bin'
[0.893s] Level 1:colcon.colcon_core.environment:checking '/home/huahua/project/go2_sim_ws/install/go2_description/lib/pkgconfig/go2_description.pc'
[0.893s] Level 1:colcon.colcon_core.environment:checking '/home/huahua/project/go2_sim_ws/install/go2_description/lib/python3.10/site-packages'
[0.893s] Level 1:colcon.colcon_core.environment:checking '/home/huahua/project/go2_sim_ws/install/go2_description/bin'
[0.894s] INFO:colcon.colcon_core.shell:Creating package script '/home/huahua/project/go2_sim_ws/install/go2_description/share/go2_description/package.ps1'
[0.894s] INFO:colcon.colcon_core.shell:Creating package descriptor '/home/huahua/project/go2_sim_ws/install/go2_description/share/go2_description/package.dsv'
[0.894s] INFO:colcon.colcon_core.shell:Creating package script '/home/huahua/project/go2_sim_ws/install/go2_description/share/go2_description/package.sh'
[0.894s] INFO:colcon.colcon_core.shell:Creating package script '/home/huahua/project/go2_sim_ws/install/go2_description/share/go2_description/package.bash'
[0.894s] INFO:colcon.colcon_core.shell:Creating package script '/home/huahua/project/go2_sim_ws/install/go2_description/share/go2_description/package.zsh'
[0.895s] Level 1:colcon.colcon_core.environment:create_file_with_runtime_dependencies(/home/huahua/project/go2_sim_ws/install/go2_description/share/colcon-core/packages/go2_description)
[1.186s] DEBUG:colcon.colcon_core.event_handler.log_command:Invoked command in '/home/huahua/project/go2_sim_ws/build/gazebo_sim' returned '0': CMAKE_PREFIX_PATH=/opt/ros/humble /usr/bin/cmake /home/huahua/project/go2_sim_ws/src/gazebo_sim -DCMAKE_INSTALL_PREFIX=/home/huahua/project/go2_sim_ws/install/gazebo_sim
[1.187s] DEBUG:colcon.colcon_core.event_handler.log_command:Invoking command in '/home/huahua/project/go2_sim_ws/build/gazebo_sim': CMAKE_PREFIX_PATH=/opt/ros/humble /usr/bin/cmake --build /home/huahua/project/go2_sim_ws/build/gazebo_sim -- -j20 -l20
[1.187s] DEBUG:colcon.colcon_core.event_handler.log_command:Invoked command in '/home/huahua/project/go2_sim_ws/build/go1_description' returned '0': CMAKE_PREFIX_PATH=/opt/ros/humble /usr/bin/cmake /home/huahua/project/go2_sim_ws/src/go1_description -DCMAKE_INSTALL_PREFIX=/home/huahua/project/go2_sim_ws/install/go1_description
[1.188s] DEBUG:colcon.colcon_core.event_handler.log_command:Invoking command in '/home/huahua/project/go2_sim_ws/build/go1_description': CMAKE_PREFIX_PATH=/opt/ros/humble /usr/bin/cmake --build /home/huahua/project/go2_sim_ws/build/go1_description -- -j20 -l20
[1.216s] DEBUG:colcon.colcon_core.event_handler.log_command:Invoked command in '/home/huahua/project/go2_sim_ws/build/gazebo_sim' returned '0': CMAKE_PREFIX_PATH=/opt/ros/humble /usr/bin/cmake --build /home/huahua/project/go2_sim_ws/build/gazebo_sim -- -j20 -l20
[1.218s] DEBUG:colcon.colcon_core.event_handler.log_command:Invoking command in '/home/huahua/project/go2_sim_ws/build/gazebo_sim': CMAKE_PREFIX_PATH=/opt/ros/humble /usr/bin/cmake --install /home/huahua/project/go2_sim_ws/build/gazebo_sim
[1.219s] DEBUG:colcon.colcon_core.event_handler.log_command:Invoked command in '/home/huahua/project/go2_sim_ws/build/go1_description' returned '0': CMAKE_PREFIX_PATH=/opt/ros/humble /usr/bin/cmake --build /home/huahua/project/go2_sim_ws/build/go1_description -- -j20 -l20
[1.220s] DEBUG:colcon.colcon_core.event_handler.log_command:Invoking command in '/home/huahua/project/go2_sim_ws/build/go1_description': CMAKE_PREFIX_PATH=/opt/ros/humble /usr/bin/cmake --install /home/huahua/project/go2_sim_ws/build/go1_description
[1.256s] Level 1:colcon.colcon_core.environment:create_environment_scripts_only(go1_description)
[1.256s] Level 1:colcon.colcon_core.environment:checking '/home/huahua/project/go2_sim_ws/install/go1_description' for CMake module files
[1.256s] DEBUG:colcon.colcon_core.event_handler.log_command:Invoked command in '/home/huahua/project/go2_sim_ws/build/go1_description' returned '0': CMAKE_PREFIX_PATH=/opt/ros/humble /usr/bin/cmake --install /home/huahua/project/go2_sim_ws/build/go1_description
[1.257s] Level 1:colcon.colcon_core.environment:checking '/home/huahua/project/go2_sim_ws/install/go1_description' for CMake config files
[1.258s] Level 1:colcon.colcon_core.shell:create_environment_hook('go1_description', 'cmake_prefix_path')
[1.258s] INFO:colcon.colcon_core.shell:Creating environment hook '/home/huahua/project/go2_sim_ws/install/go1_description/share/go1_description/hook/cmake_prefix_path.ps1'
[1.258s] INFO:colcon.colcon_core.shell:Creating environment descriptor '/home/huahua/project/go2_sim_ws/install/go1_description/share/go1_description/hook/cmake_prefix_path.dsv'
[1.258s] INFO:colcon.colcon_core.shell:Creating environment hook '/home/huahua/project/go2_sim_ws/install/go1_description/share/go1_description/hook/cmake_prefix_path.sh'
[1.258s] Level 1:colcon.colcon_core.environment:checking '/home/huahua/project/go2_sim_ws/install/go1_description/bin'
[1.258s] Level 1:colcon.colcon_core.environment:checking '/home/huahua/project/go2_sim_ws/install/go1_description/lib/pkgconfig/go1_description.pc'
[1.259s] Level 1:colcon.colcon_core.environment:checking '/home/huahua/project/go2_sim_ws/install/go1_description/lib/python3.10/site-packages'
[1.259s] Level 1:colcon.colcon_core.environment:checking '/home/huahua/project/go2_sim_ws/install/go1_description/bin'
[1.259s] INFO:colcon.colcon_core.shell:Creating package script '/home/huahua/project/go2_sim_ws/install/go1_description/share/go1_description/package.ps1'
[1.259s] INFO:colcon.colcon_core.shell:Creating package descriptor '/home/huahua/project/go2_sim_ws/install/go1_description/share/go1_description/package.dsv'
[1.260s] INFO:colcon.colcon_core.shell:Creating package script '/home/huahua/project/go2_sim_ws/install/go1_description/share/go1_description/package.sh'
[1.260s] INFO:colcon.colcon_core.shell:Creating package script '/home/huahua/project/go2_sim_ws/install/go1_description/share/go1_description/package.bash'
[1.260s] INFO:colcon.colcon_core.shell:Creating package script '/home/huahua/project/go2_sim_ws/install/go1_description/share/go1_description/package.zsh'
[1.260s] Level 1:colcon.colcon_core.environment:create_file_with_runtime_dependencies(/home/huahua/project/go2_sim_ws/install/go1_description/share/colcon-core/packages/go1_description)
[1.261s] Level 1:colcon.colcon_core.environment:create_environment_scripts_only(go1_description)
[1.261s] Level 1:colcon.colcon_core.environment:checking '/home/huahua/project/go2_sim_ws/install/go1_description' for CMake module files
[1.261s] Level 1:colcon.colcon_core.environment:checking '/home/huahua/project/go2_sim_ws/install/go1_description' for CMake config files
[1.261s] Level 1:colcon.colcon_core.shell:create_environment_hook('go1_description', 'cmake_prefix_path')
[1.261s] INFO:colcon.colcon_core.shell:Creating environment hook '/home/huahua/project/go2_sim_ws/install/go1_description/share/go1_description/hook/cmake_prefix_path.ps1'
[1.262s] INFO:colcon.colcon_core.shell:Creating environment descriptor '/home/huahua/project/go2_sim_ws/install/go1_description/share/go1_description/hook/cmake_prefix_path.dsv'
[1.262s] INFO:colcon.colcon_core.shell:Creating environment hook '/home/huahua/project/go2_sim_ws/install/go1_description/share/go1_description/hook/cmake_prefix_path.sh'
[1.262s] Level 1:colcon.colcon_core.environment:checking '/home/huahua/project/go2_sim_ws/install/go1_description/bin'
[1.262s] Level 1:colcon.colcon_core.environment:checking '/home/huahua/project/go2_sim_ws/install/go1_description/lib/pkgconfig/go1_description.pc'
[1.263s] Level 1:colcon.colcon_core.environment:checking '/home/huahua/project/go2_sim_ws/install/go1_description/lib/python3.10/site-packages'
[1.263s] Level 1:colcon.colcon_core.environment:checking '/home/huahua/project/go2_sim_ws/install/go1_description/bin'
[1.263s] INFO:colcon.colcon_core.shell:Creating package script '/home/huahua/project/go2_sim_ws/install/go1_description/share/go1_description/package.ps1'
[1.264s] INFO:colcon.colcon_core.shell:Creating package descriptor '/home/huahua/project/go2_sim_ws/install/go1_description/share/go1_description/package.dsv'
[1.264s] INFO:colcon.colcon_core.shell:Creating package script '/home/huahua/project/go2_sim_ws/install/go1_description/share/go1_description/package.sh'
[1.264s] INFO:colcon.colcon_core.shell:Creating package script '/home/huahua/project/go2_sim_ws/install/go1_description/share/go1_description/package.bash'
[1.264s] INFO:colcon.colcon_core.shell:Creating package script '/home/huahua/project/go2_sim_ws/install/go1_description/share/go1_description/package.zsh'
[1.265s] Level 1:colcon.colcon_core.environment:create_file_with_runtime_dependencies(/home/huahua/project/go2_sim_ws/install/go1_description/share/colcon-core/packages/go1_description)
[1.305s] Level 1:colcon.colcon_core.environment:create_environment_scripts_only(gazebo_sim)
[1.306s] DEBUG:colcon.colcon_core.event_handler.log_command:Invoked command in '/home/huahua/project/go2_sim_ws/build/gazebo_sim' returned '0': CMAKE_PREFIX_PATH=/opt/ros/humble /usr/bin/cmake --install /home/huahua/project/go2_sim_ws/build/gazebo_sim
[1.306s] Level 1:colcon.colcon_core.environment:checking '/home/huahua/project/go2_sim_ws/install/gazebo_sim' for CMake module files
[1.306s] Level 1:colcon.colcon_core.environment:checking '/home/huahua/project/go2_sim_ws/install/gazebo_sim' for CMake config files
[1.306s] Level 1:colcon.colcon_core.shell:create_environment_hook('gazebo_sim', 'cmake_prefix_path')
[1.306s] INFO:colcon.colcon_core.shell:Creating environment hook '/home/huahua/project/go2_sim_ws/install/gazebo_sim/share/gazebo_sim/hook/cmake_prefix_path.ps1'
[1.307s] INFO:colcon.colcon_core.shell:Creating environment descriptor '/home/huahua/project/go2_sim_ws/install/gazebo_sim/share/gazebo_sim/hook/cmake_prefix_path.dsv'
[1.307s] INFO:colcon.colcon_core.shell:Creating environment hook '/home/huahua/project/go2_sim_ws/install/gazebo_sim/share/gazebo_sim/hook/cmake_prefix_path.sh'
[1.307s] Level 1:colcon.colcon_core.environment:checking '/home/huahua/project/go2_sim_ws/install/gazebo_sim/bin'
[1.307s] Level 1:colcon.colcon_core.environment:checking '/home/huahua/project/go2_sim_ws/install/gazebo_sim/lib/pkgconfig/gazebo_sim.pc'
[1.307s] Level 1:colcon.colcon_core.environment:checking '/home/huahua/project/go2_sim_ws/install/gazebo_sim/lib/python3.10/site-packages'
[1.307s] Level 1:colcon.colcon_core.environment:checking '/home/huahua/project/go2_sim_ws/install/gazebo_sim/bin'
[1.308s] INFO:colcon.colcon_core.shell:Creating package script '/home/huahua/project/go2_sim_ws/install/gazebo_sim/share/gazebo_sim/package.ps1'
[1.308s] INFO:colcon.colcon_core.shell:Creating package descriptor '/home/huahua/project/go2_sim_ws/install/gazebo_sim/share/gazebo_sim/package.dsv'
[1.308s] INFO:colcon.colcon_core.shell:Creating package script '/home/huahua/project/go2_sim_ws/install/gazebo_sim/share/gazebo_sim/package.sh'
[1.308s] INFO:colcon.colcon_core.shell:Creating package script '/home/huahua/project/go2_sim_ws/install/gazebo_sim/share/gazebo_sim/package.bash'
[1.308s] INFO:colcon.colcon_core.shell:Creating package script '/home/huahua/project/go2_sim_ws/install/gazebo_sim/share/gazebo_sim/package.zsh'
[1.308s] Level 1:colcon.colcon_core.environment:create_file_with_runtime_dependencies(/home/huahua/project/go2_sim_ws/install/gazebo_sim/share/colcon-core/packages/gazebo_sim)
[1.309s] Level 1:colcon.colcon_core.environment:create_environment_scripts_only(gazebo_sim)
[1.309s] Level 1:colcon.colcon_core.environment:checking '/home/huahua/project/go2_sim_ws/install/gazebo_sim' for CMake module files
[1.309s] Level 1:colcon.colcon_core.environment:checking '/home/huahua/project/go2_sim_ws/install/gazebo_sim' for CMake config files
[1.309s] Level 1:colcon.colcon_core.shell:create_environment_hook('gazebo_sim', 'cmake_prefix_path')
[1.309s] INFO:colcon.colcon_core.shell:Creating environment hook '/home/huahua/project/go2_sim_ws/install/gazebo_sim/share/gazebo_sim/hook/cmake_prefix_path.ps1'
[1.309s] INFO:colcon.colcon_core.shell:Creating environment descriptor '/home/huahua/project/go2_sim_ws/install/gazebo_sim/share/gazebo_sim/hook/cmake_prefix_path.dsv'
[1.309s] INFO:colcon.colcon_core.shell:Creating environment hook '/home/huahua/project/go2_sim_ws/install/gazebo_sim/share/gazebo_sim/hook/cmake_prefix_path.sh'
[1.310s] Level 1:colcon.colcon_core.environment:checking '/home/huahua/project/go2_sim_ws/install/gazebo_sim/bin'
[1.310s] Level 1:colcon.colcon_core.environment:checking '/home/huahua/project/go2_sim_ws/install/gazebo_sim/lib/pkgconfig/gazebo_sim.pc'
[1.310s] Level 1:colcon.colcon_core.environment:checking '/home/huahua/project/go2_sim_ws/install/gazebo_sim/lib/python3.10/site-packages'
[1.310s] Level 1:colcon.colcon_core.environment:checking '/home/huahua/project/go2_sim_ws/install/gazebo_sim/bin'
[1.310s] INFO:colcon.colcon_core.shell:Creating package script '/home/huahua/project/go2_sim_ws/install/gazebo_sim/share/gazebo_sim/package.ps1'
[1.311s] INFO:colcon.colcon_core.shell:Creating package descriptor '/home/huahua/project/go2_sim_ws/install/gazebo_sim/share/gazebo_sim/package.dsv'
[1.311s] INFO:colcon.colcon_core.shell:Creating package script '/home/huahua/project/go2_sim_ws/install/gazebo_sim/share/gazebo_sim/package.sh'
[1.311s] INFO:colcon.colcon_core.shell:Creating package script '/home/huahua/project/go2_sim_ws/install/gazebo_sim/share/gazebo_sim/package.bash'
[1.311s] INFO:colcon.colcon_core.shell:Creating package script '/home/huahua/project/go2_sim_ws/install/gazebo_sim/share/gazebo_sim/package.zsh'
[1.311s] Level 1:colcon.colcon_core.environment:create_file_with_runtime_dependencies(/home/huahua/project/go2_sim_ws/install/gazebo_sim/share/colcon-core/packages/gazebo_sim)
[1.552s] DEBUG:colcon.colcon_core.event_handler.log_command:Invoked command in '/home/huahua/project/go2_sim_ws/build/quadropted_msgs' returned '0': CMAKE_PREFIX_PATH=/opt/ros/humble /usr/bin/cmake /home/huahua/project/go2_sim_ws/src/quadropted_msgs -DCMAKE_INSTALL_PREFIX=/home/huahua/project/go2_sim_ws/install/quadropted_msgs
[1.553s] DEBUG:colcon.colcon_core.event_handler.log_command:Invoking command in '/home/huahua/project/go2_sim_ws/build/quadropted_msgs': CMAKE_PREFIX_PATH=/opt/ros/humble /usr/bin/cmake --build /home/huahua/project/go2_sim_ws/build/quadropted_msgs -- -j20 -l20
[3.456s] DEBUG:colcon.colcon_core.event_handler.log_command:Invoked command in '/home/huahua/project/go2_sim_ws/build/quadropted_msgs' returned '0': CMAKE_PREFIX_PATH=/opt/ros/humble /usr/bin/cmake --build /home/huahua/project/go2_sim_ws/build/quadropted_msgs -- -j20 -l20
[3.458s] DEBUG:colcon.colcon_core.event_handler.log_command:Invoking command in '/home/huahua/project/go2_sim_ws/build/quadropted_msgs': CMAKE_PREFIX_PATH=/opt/ros/humble /usr/bin/cmake --install /home/huahua/project/go2_sim_ws/build/quadropted_msgs
[3.506s] Level 1:colcon.colcon_core.environment:create_environment_scripts_only(quadropted_msgs)
[3.506s] DEBUG:colcon.colcon_core.event_handler.log_command:Invoked command in '/home/huahua/project/go2_sim_ws/build/quadropted_msgs' returned '0': CMAKE_PREFIX_PATH=/opt/ros/humble /usr/bin/cmake --install /home/huahua/project/go2_sim_ws/build/quadropted_msgs
[3.506s] Level 1:colcon.colcon_core.environment:checking '/home/huahua/project/go2_sim_ws/install/quadropted_msgs' for CMake module files
[3.507s] Level 1:colcon.colcon_core.environment:checking '/home/huahua/project/go2_sim_ws/install/quadropted_msgs' for CMake config files
[3.507s] Level 1:colcon.colcon_core.shell:create_environment_hook('quadropted_msgs', 'cmake_prefix_path')
[3.508s] INFO:colcon.colcon_core.shell:Creating environment hook '/home/huahua/project/go2_sim_ws/install/quadropted_msgs/share/quadropted_msgs/hook/cmake_prefix_path.ps1'
[3.508s] INFO:colcon.colcon_core.shell:Creating environment descriptor '/home/huahua/project/go2_sim_ws/install/quadropted_msgs/share/quadropted_msgs/hook/cmake_prefix_path.dsv'
[3.508s] INFO:colcon.colcon_core.shell:Creating environment hook '/home/huahua/project/go2_sim_ws/install/quadropted_msgs/share/quadropted_msgs/hook/cmake_prefix_path.sh'
[3.509s] Level 1:colcon.colcon_core.environment:checking '/home/huahua/project/go2_sim_ws/install/quadropted_msgs/lib'
[3.509s] Level 1:colcon.colcon_core.shell:create_environment_hook('quadropted_msgs', 'ld_library_path_lib')
[3.509s] INFO:colcon.colcon_core.shell:Creating environment hook '/home/huahua/project/go2_sim_ws/install/quadropted_msgs/share/quadropted_msgs/hook/ld_library_path_lib.ps1'
[3.509s] INFO:colcon.colcon_core.shell:Creating environment descriptor '/home/huahua/project/go2_sim_ws/install/quadropted_msgs/share/quadropted_msgs/hook/ld_library_path_lib.dsv'
[3.509s] INFO:colcon.colcon_core.shell:Creating environment hook '/home/huahua/project/go2_sim_ws/install/quadropted_msgs/share/quadropted_msgs/hook/ld_library_path_lib.sh'
[3.509s] Level 1:colcon.colcon_core.environment:checking '/home/huahua/project/go2_sim_ws/install/quadropted_msgs/bin'
[3.509s] Level 1:colcon.colcon_core.environment:checking '/home/huahua/project/go2_sim_ws/install/quadropted_msgs/lib/pkgconfig/quadropted_msgs.pc'
[3.509s] Level 1:colcon.colcon_core.environment:checking '/home/huahua/project/go2_sim_ws/install/quadropted_msgs/lib/python3.10/site-packages'
[3.510s] Level 1:colcon.colcon_core.environment:checking '/home/huahua/project/go2_sim_ws/install/quadropted_msgs/bin'
[3.510s] INFO:colcon.colcon_core.shell:Creating package script '/home/huahua/project/go2_sim_ws/install/quadropted_msgs/share/quadropted_msgs/package.ps1'
[3.510s] INFO:colcon.colcon_core.shell:Creating package descriptor '/home/huahua/project/go2_sim_ws/install/quadropted_msgs/share/quadropted_msgs/package.dsv'
[3.510s] INFO:colcon.colcon_core.shell:Creating package script '/home/huahua/project/go2_sim_ws/install/quadropted_msgs/share/quadropted_msgs/package.sh'
[3.510s] INFO:colcon.colcon_core.shell:Creating package script '/home/huahua/project/go2_sim_ws/install/quadropted_msgs/share/quadropted_msgs/package.bash'
[3.510s] INFO:colcon.colcon_core.shell:Creating package script '/home/huahua/project/go2_sim_ws/install/quadropted_msgs/share/quadropted_msgs/package.zsh'
[3.511s] Level 1:colcon.colcon_core.environment:create_file_with_runtime_dependencies(/home/huahua/project/go2_sim_ws/install/quadropted_msgs/share/colcon-core/packages/quadropted_msgs)
[3.511s] Level 1:colcon.colcon_core.environment:create_environment_scripts_only(quadropted_msgs)
[3.511s] Level 1:colcon.colcon_core.environment:checking '/home/huahua/project/go2_sim_ws/install/quadropted_msgs' for CMake module files
[3.511s] Level 1:colcon.colcon_core.environment:checking '/home/huahua/project/go2_sim_ws/install/quadropted_msgs' for CMake config files
[3.511s] Level 1:colcon.colcon_core.shell:create_environment_hook('quadropted_msgs', 'cmake_prefix_path')
[3.512s] INFO:colcon.colcon_core.shell:Creating environment hook '/home/huahua/project/go2_sim_ws/install/quadropted_msgs/share/quadropted_msgs/hook/cmake_prefix_path.ps1'
[3.512s] INFO:colcon.colcon_core.shell:Creating environment descriptor '/home/huahua/project/go2_sim_ws/install/quadropted_msgs/share/quadropted_msgs/hook/cmake_prefix_path.dsv'
[3.512s] INFO:colcon.colcon_core.shell:Creating environment hook '/home/huahua/project/go2_sim_ws/install/quadropted_msgs/share/quadropted_msgs/hook/cmake_prefix_path.sh'
[3.512s] Level 1:colcon.colcon_core.environment:checking '/home/huahua/project/go2_sim_ws/install/quadropted_msgs/lib'
[3.512s] Level 1:colcon.colcon_core.shell:create_environment_hook('quadropted_msgs', 'ld_library_path_lib')
[3.512s] INFO:colcon.colcon_core.shell:Creating environment hook '/home/huahua/project/go2_sim_ws/install/quadropted_msgs/share/quadropted_msgs/hook/ld_library_path_lib.ps1'
[3.512s] INFO:colcon.colcon_core.shell:Creating environment descriptor '/home/huahua/project/go2_sim_ws/install/quadropted_msgs/share/quadropted_msgs/hook/ld_library_path_lib.dsv'
[3.513s] INFO:colcon.colcon_core.shell:Creating environment hook '/home/huahua/project/go2_sim_ws/install/quadropted_msgs/share/quadropted_msgs/hook/ld_library_path_lib.sh'
[3.513s] Level 1:colcon.colcon_core.environment:checking '/home/huahua/project/go2_sim_ws/install/quadropted_msgs/bin'
[3.513s] Level 1:colcon.colcon_core.environment:checking '/home/huahua/project/go2_sim_ws/install/quadropted_msgs/lib/pkgconfig/quadropted_msgs.pc'
[3.513s] Level 1:colcon.colcon_core.environment:checking '/home/huahua/project/go2_sim_ws/install/quadropted_msgs/lib/python3.10/site-packages'
[3.513s] Level 1:colcon.colcon_core.environment:checking '/home/huahua/project/go2_sim_ws/install/quadropted_msgs/bin'
[3.513s] INFO:colcon.colcon_core.shell:Creating package script '/home/huahua/project/go2_sim_ws/install/quadropted_msgs/share/quadropted_msgs/package.ps1'
[3.513s] INFO:colcon.colcon_core.shell:Creating package descriptor '/home/huahua/project/go2_sim_ws/install/quadropted_msgs/share/quadropted_msgs/package.dsv'
[3.515s] INFO:colcon.colcon_core.shell:Creating package script '/home/huahua/project/go2_sim_ws/install/quadropted_msgs/share/quadropted_msgs/package.sh'
[3.515s] INFO:colcon.colcon_core.shell:Creating package script '/home/huahua/project/go2_sim_ws/install/quadropted_msgs/share/quadropted_msgs/package.bash'
[3.515s] INFO:colcon.colcon_core.shell:Creating package script '/home/huahua/project/go2_sim_ws/install/quadropted_msgs/share/quadropted_msgs/package.zsh'
[3.516s] Level 1:colcon.colcon_core.environment:create_file_with_runtime_dependencies(/home/huahua/project/go2_sim_ws/install/quadropted_msgs/share/colcon-core/packages/quadropted_msgs)
[3.516s] DEBUG:colcon.colcon_parallel_executor.executor.parallel:closing loop
[3.516s] DEBUG:colcon.colcon_parallel_executor.executor.parallel:loop closed
[3.516s] DEBUG:colcon.colcon_parallel_executor.executor.parallel:run_until_complete finished with '0'
[3.516s] DEBUG:colcon.colcon_core.event_reactor:joining thread
[3.524s] INFO:colcon.colcon_core.plugin_system:Skipping extension 'colcon_notification.desktop_notification.terminal_notifier': Not used on non-Darwin systems
[3.524s] INFO:colcon.colcon_core.plugin_system:Skipping extension 'colcon_notification.desktop_notification.win32': Not used on non-Windows systems
[3.524s] INFO:colcon.colcon_notification.desktop_notification:Sending desktop notification using 'notify2'
[3.539s] DEBUG:colcon.colcon_core.event_reactor:joined thread
[3.539s] INFO:colcon.colcon_core.shell:Creating prefix script '/home/huahua/project/go2_sim_ws/install/local_setup.ps1'
[3.540s] INFO:colcon.colcon_core.shell:Creating prefix util module '/home/huahua/project/go2_sim_ws/install/_local_setup_util_ps1.py'
[3.542s] INFO:colcon.colcon_core.shell:Creating prefix chain script '/home/huahua/project/go2_sim_ws/install/setup.ps1'
[3.543s] INFO:colcon.colcon_core.shell:Creating prefix script '/home/huahua/project/go2_sim_ws/install/local_setup.sh'
[3.543s] INFO:colcon.colcon_core.shell:Creating prefix util module '/home/huahua/project/go2_sim_ws/install/_local_setup_util_sh.py'
[3.543s] INFO:colcon.colcon_core.shell:Creating prefix chain script '/home/huahua/project/go2_sim_ws/install/setup.sh'
[3.544s] INFO:colcon.colcon_core.shell:Creating prefix script '/home/huahua/project/go2_sim_ws/install/local_setup.bash'
[3.544s] INFO:colcon.colcon_core.shell:Creating prefix chain script '/home/huahua/project/go2_sim_ws/install/setup.bash'
[3.545s] INFO:colcon.colcon_core.shell:Creating prefix script '/home/huahua/project/go2_sim_ws/install/local_setup.zsh'
[3.545s] INFO:colcon.colcon_core.shell:Creating prefix chain script '/home/huahua/project/go2_sim_ws/install/setup.zsh'
