-- Install configuration: ""
-- Up-to-date: /home/huahua/project/go2_sim_ws/install/quadropted_controller/lib/quadropted_controller
-- Up-to-date: /home/huahua/project/go2_sim_ws/install/quadropted_controller/lib/quadropted_controller/cmd_vel_pub.py
-- Up-to-date: /home/huahua/project/go2_sim_ws/install/quadropted_controller/lib/quadropted_controller/.QuadrupedOdometryNode.py.swp
-- Up-to-date: /home/huahua/project/go2_sim_ws/install/quadropted_controller/lib/quadropted_controller/InverseKinematics
-- Up-to-date: /home/huahua/project/go2_sim_ws/install/quadropted_controller/lib/quadropted_controller/InverseKinematics/robot_IK.py
-- Up-to-date: /home/huahua/project/go2_sim_ws/install/quadropted_controller/lib/quadropted_controller/InverseKinematics/__pycache__
-- Up-to-date: /home/huahua/project/go2_sim_ws/install/quadropted_controller/lib/quadropted_controller/InverseKinematics/__pycache__/robot_IK.cpython-310.pyc
-- Up-to-date: /home/huahua/project/go2_sim_ws/install/quadropted_controller/lib/quadropted_controller/InverseKinematics/__pycache__/robot_IK.cpython-312.pyc
-- Up-to-date: /home/huahua/project/go2_sim_ws/install/quadropted_controller/lib/quadropted_controller/QuadrupedOdometryNode.py
-- Up-to-date: /home/huahua/project/go2_sim_ws/install/quadropted_controller/lib/quadropted_controller/robot_controller_gazebo.py
-- Up-to-date: /home/huahua/project/go2_sim_ws/install/quadropted_controller/lib/quadropted_controller/ForwardKinematics
-- Up-to-date: /home/huahua/project/go2_sim_ws/install/quadropted_controller/lib/quadropted_controller/ForwardKinematics/robot_FK.py
-- Up-to-date: /home/huahua/project/go2_sim_ws/install/quadropted_controller/lib/quadropted_controller/ForwardKinematics/__pycache__
-- Up-to-date: /home/huahua/project/go2_sim_ws/install/quadropted_controller/lib/quadropted_controller/ForwardKinematics/__pycache__/robot_FK.cpython-310.pyc
-- Up-to-date: /home/huahua/project/go2_sim_ws/install/quadropted_controller/lib/quadropted_controller/ForwardKinematics/__pycache__/robot_FK.cpython-312.pyc
-- Up-to-date: /home/huahua/project/go2_sim_ws/install/quadropted_controller/lib/quadropted_controller/RobotController
-- Up-to-date: /home/huahua/project/go2_sim_ws/install/quadropted_controller/lib/quadropted_controller/RobotController/TrotGaitController.py
-- Up-to-date: /home/huahua/project/go2_sim_ws/install/quadropted_controller/lib/quadropted_controller/RobotController/GaitController.py
-- Up-to-date: /home/huahua/project/go2_sim_ws/install/quadropted_controller/lib/quadropted_controller/RobotController/StateCommand.py
-- Up-to-date: /home/huahua/project/go2_sim_ws/install/quadropted_controller/lib/quadropted_controller/RobotController/RestController.py
-- Up-to-date: /home/huahua/project/go2_sim_ws/install/quadropted_controller/lib/quadropted_controller/RobotController/PIDController.py
-- Up-to-date: /home/huahua/project/go2_sim_ws/install/quadropted_controller/lib/quadropted_controller/RobotController/CrawlGaitController.py
-- Up-to-date: /home/huahua/project/go2_sim_ws/install/quadropted_controller/lib/quadropted_controller/RobotController/RobotController.py
-- Up-to-date: /home/huahua/project/go2_sim_ws/install/quadropted_controller/lib/quadropted_controller/RobotController/StandController.py
-- Up-to-date: /home/huahua/project/go2_sim_ws/install/quadropted_controller/lib/quadropted_controller/RobotController/__pycache__
-- Up-to-date: /home/huahua/project/go2_sim_ws/install/quadropted_controller/lib/quadropted_controller/RobotController/__pycache__/RobotController.cpython-310.pyc
-- Up-to-date: /home/huahua/project/go2_sim_ws/install/quadropted_controller/lib/quadropted_controller/RobotController/__pycache__/StateCommand.cpython-312.pyc
-- Up-to-date: /home/huahua/project/go2_sim_ws/install/quadropted_controller/lib/quadropted_controller/RobotController/__pycache__/TrotGaitController.cpython-312.pyc
-- Up-to-date: /home/huahua/project/go2_sim_ws/install/quadropted_controller/lib/quadropted_controller/RobotController/__pycache__/PIDController.cpython-312.pyc
-- Up-to-date: /home/huahua/project/go2_sim_ws/install/quadropted_controller/lib/quadropted_controller/RobotController/__pycache__/CrawlGaitController.cpython-310.pyc
-- Up-to-date: /home/huahua/project/go2_sim_ws/install/quadropted_controller/lib/quadropted_controller/RobotController/__pycache__/StandController.cpython-312.pyc
-- Up-to-date: /home/huahua/project/go2_sim_ws/install/quadropted_controller/lib/quadropted_controller/RobotController/__pycache__/StandController.cpython-310.pyc
-- Up-to-date: /home/huahua/project/go2_sim_ws/install/quadropted_controller/lib/quadropted_controller/RobotController/__pycache__/RestController.cpython-312.pyc
-- Up-to-date: /home/huahua/project/go2_sim_ws/install/quadropted_controller/lib/quadropted_controller/RobotController/__pycache__/PIDController.cpython-310.pyc
-- Up-to-date: /home/huahua/project/go2_sim_ws/install/quadropted_controller/lib/quadropted_controller/RobotController/__pycache__/TrotGaitController.cpython-310.pyc
-- Up-to-date: /home/huahua/project/go2_sim_ws/install/quadropted_controller/lib/quadropted_controller/RobotController/__pycache__/CrawlGaitController.cpython-312.pyc
-- Up-to-date: /home/huahua/project/go2_sim_ws/install/quadropted_controller/lib/quadropted_controller/RobotController/__pycache__/RobotController.cpython-312.pyc
-- Up-to-date: /home/huahua/project/go2_sim_ws/install/quadropted_controller/lib/quadropted_controller/RobotController/__pycache__/GaitController.cpython-310.pyc
-- Up-to-date: /home/huahua/project/go2_sim_ws/install/quadropted_controller/lib/quadropted_controller/RobotController/__pycache__/GaitController.cpython-312.pyc
-- Up-to-date: /home/huahua/project/go2_sim_ws/install/quadropted_controller/lib/quadropted_controller/RobotController/__pycache__/RestController.cpython-310.pyc
-- Up-to-date: /home/huahua/project/go2_sim_ws/install/quadropted_controller/lib/quadropted_controller/RobotController/__pycache__/StateCommand.cpython-310.pyc
-- Up-to-date: /home/huahua/project/go2_sim_ws/install/quadropted_controller/lib/quadropted_controller/RoboticsUtilities
-- Up-to-date: /home/huahua/project/go2_sim_ws/install/quadropted_controller/lib/quadropted_controller/RoboticsUtilities/Transformations.py
-- Up-to-date: /home/huahua/project/go2_sim_ws/install/quadropted_controller/lib/quadropted_controller/RoboticsUtilities/__pycache__
-- Up-to-date: /home/huahua/project/go2_sim_ws/install/quadropted_controller/lib/quadropted_controller/RoboticsUtilities/__pycache__/Transformations.cpython-312.pyc
-- Up-to-date: /home/huahua/project/go2_sim_ws/install/quadropted_controller/lib/quadropted_controller/RoboticsUtilities/__pycache__/Transformations.cpython-310.pyc
-- Up-to-date: /home/huahua/project/go2_sim_ws/install/quadropted_controller/lib/quadropted_controller/robot_controller_gazebo.py
-- Up-to-date: /home/huahua/project/go2_sim_ws/install/quadropted_controller/lib/quadropted_controller/QuadrupedOdometryNode.py
-- Up-to-date: /home/huahua/project/go2_sim_ws/install/quadropted_controller/lib/quadropted_controller/cmd_vel_pub.py
-- Up-to-date: /home/huahua/project/go2_sim_ws/install/quadropted_controller/share/quadropted_controller//launch
-- Up-to-date: /home/huahua/project/go2_sim_ws/install/quadropted_controller/share/quadropted_controller//launch/robot_controller.launch.py
-- Up-to-date: /home/huahua/project/go2_sim_ws/install/quadropted_controller/share/ament_index/resource_index/package_run_dependencies/quadropted_controller
-- Up-to-date: /home/huahua/project/go2_sim_ws/install/quadropted_controller/share/ament_index/resource_index/parent_prefix_path/quadropted_controller
-- Up-to-date: /home/huahua/project/go2_sim_ws/install/quadropted_controller/share/quadropted_controller/environment/ament_prefix_path.sh
-- Up-to-date: /home/huahua/project/go2_sim_ws/install/quadropted_controller/share/quadropted_controller/environment/ament_prefix_path.dsv
-- Up-to-date: /home/huahua/project/go2_sim_ws/install/quadropted_controller/share/quadropted_controller/environment/path.sh
-- Up-to-date: /home/huahua/project/go2_sim_ws/install/quadropted_controller/share/quadropted_controller/environment/path.dsv
-- Up-to-date: /home/huahua/project/go2_sim_ws/install/quadropted_controller/share/quadropted_controller/local_setup.bash
-- Up-to-date: /home/huahua/project/go2_sim_ws/install/quadropted_controller/share/quadropted_controller/local_setup.sh
-- Up-to-date: /home/huahua/project/go2_sim_ws/install/quadropted_controller/share/quadropted_controller/local_setup.zsh
-- Up-to-date: /home/huahua/project/go2_sim_ws/install/quadropted_controller/share/quadropted_controller/local_setup.dsv
-- Up-to-date: /home/huahua/project/go2_sim_ws/install/quadropted_controller/share/quadropted_controller/package.dsv
-- Up-to-date: /home/huahua/project/go2_sim_ws/install/quadropted_controller/share/ament_index/resource_index/packages/quadropted_controller
-- Up-to-date: /home/huahua/project/go2_sim_ws/install/quadropted_controller/share/quadropted_controller/cmake/quadropted_controllerConfig.cmake
-- Up-to-date: /home/huahua/project/go2_sim_ws/install/quadropted_controller/share/quadropted_controller/cmake/quadropted_controllerConfig-version.cmake
-- Up-to-date: /home/huahua/project/go2_sim_ws/install/quadropted_controller/share/quadropted_controller/package.xml
