[0.009s] Invoking command in '/home/huahua/project/go2_sim_ws/build/quadropted_controller': CMAKE_PREFIX_PATH=${CMAKE_PREFIX_PATH}:/opt/ros/humble /usr/bin/cmake --build /home/huahua/project/go2_sim_ws/build/quadropted_controller -- -j20 -l20
[0.046s] Invoked command in '/home/huahua/project/go2_sim_ws/build/quadropted_controller' returned '0': CMAKE_PREFIX_PATH=${CMAKE_PREFIX_PATH}:/opt/ros/humble /usr/bin/cmake --build /home/huahua/project/go2_sim_ws/build/quadropted_controller -- -j20 -l20
[0.046s] Invoking command in '/home/huahua/project/go2_sim_ws/build/quadropted_controller': CMAKE_PREFIX_PATH=${CMAKE_PREFIX_PATH}:/opt/ros/humble /usr/bin/cmake --install /home/huahua/project/go2_sim_ws/build/quadropted_controller
[0.075s] -- Install configuration: ""
[0.077s] -- Up-to-date: /home/huahua/project/go2_sim_ws/install/quadropted_controller/lib/quadropted_controller
[0.077s] -- Up-to-date: /home/huahua/project/go2_sim_ws/install/quadropted_controller/lib/quadropted_controller/cmd_vel_pub.py
[0.077s] -- Up-to-date: /home/huahua/project/go2_sim_ws/install/quadropted_controller/lib/quadropted_controller/.QuadrupedOdometryNode.py.swp
[0.077s] -- Up-to-date: /home/huahua/project/go2_sim_ws/install/quadropted_controller/lib/quadropted_controller/InverseKinematics
[0.077s] -- Up-to-date: /home/huahua/project/go2_sim_ws/install/quadropted_controller/lib/quadropted_controller/InverseKinematics/robot_IK.py
[0.077s] -- Up-to-date: /home/huahua/project/go2_sim_ws/install/quadropted_controller/lib/quadropted_controller/InverseKinematics/__pycache__
[0.077s] -- Up-to-date: /home/huahua/project/go2_sim_ws/install/quadropted_controller/lib/quadropted_controller/InverseKinematics/__pycache__/robot_IK.cpython-310.pyc
[0.077s] -- Up-to-date: /home/huahua/project/go2_sim_ws/install/quadropted_controller/lib/quadropted_controller/InverseKinematics/__pycache__/robot_IK.cpython-312.pyc
[0.077s] -- Up-to-date: /home/huahua/project/go2_sim_ws/install/quadropted_controller/lib/quadropted_controller/QuadrupedOdometryNode.py
[0.077s] -- Up-to-date: /home/huahua/project/go2_sim_ws/install/quadropted_controller/lib/quadropted_controller/robot_controller_gazebo.py
[0.077s] -- Up-to-date: /home/huahua/project/go2_sim_ws/install/quadropted_controller/lib/quadropted_controller/ForwardKinematics
[0.077s] -- Up-to-date: /home/huahua/project/go2_sim_ws/install/quadropted_controller/lib/quadropted_controller/ForwardKinematics/robot_FK.py
[0.077s] -- Up-to-date: /home/huahua/project/go2_sim_ws/install/quadropted_controller/lib/quadropted_controller/ForwardKinematics/__pycache__
[0.077s] -- Up-to-date: /home/huahua/project/go2_sim_ws/install/quadropted_controller/lib/quadropted_controller/ForwardKinematics/__pycache__/robot_FK.cpython-310.pyc
[0.077s] -- Up-to-date: /home/huahua/project/go2_sim_ws/install/quadropted_controller/lib/quadropted_controller/ForwardKinematics/__pycache__/robot_FK.cpython-312.pyc
[0.077s] -- Up-to-date: /home/huahua/project/go2_sim_ws/install/quadropted_controller/lib/quadropted_controller/RobotController
[0.077s] -- Up-to-date: /home/huahua/project/go2_sim_ws/install/quadropted_controller/lib/quadropted_controller/RobotController/TrotGaitController.py
[0.077s] -- Up-to-date: /home/huahua/project/go2_sim_ws/install/quadropted_controller/lib/quadropted_controller/RobotController/GaitController.py
[0.077s] -- Up-to-date: /home/huahua/project/go2_sim_ws/install/quadropted_controller/lib/quadropted_controller/RobotController/StateCommand.py
[0.077s] -- Up-to-date: /home/huahua/project/go2_sim_ws/install/quadropted_controller/lib/quadropted_controller/RobotController/RestController.py
[0.077s] -- Up-to-date: /home/huahua/project/go2_sim_ws/install/quadropted_controller/lib/quadropted_controller/RobotController/PIDController.py
[0.077s] -- Up-to-date: /home/huahua/project/go2_sim_ws/install/quadropted_controller/lib/quadropted_controller/RobotController/CrawlGaitController.py
[0.077s] -- Up-to-date: /home/huahua/project/go2_sim_ws/install/quadropted_controller/lib/quadropted_controller/RobotController/RobotController.py
[0.078s] -- Up-to-date: /home/huahua/project/go2_sim_ws/install/quadropted_controller/lib/quadropted_controller/RobotController/StandController.py
[0.078s] -- Up-to-date: /home/huahua/project/go2_sim_ws/install/quadropted_controller/lib/quadropted_controller/RobotController/__pycache__
[0.078s] -- Up-to-date: /home/huahua/project/go2_sim_ws/install/quadropted_controller/lib/quadropted_controller/RobotController/__pycache__/RobotController.cpython-310.pyc
[0.078s] -- Up-to-date: /home/huahua/project/go2_sim_ws/install/quadropted_controller/lib/quadropted_controller/RobotController/__pycache__/StateCommand.cpython-312.pyc
[0.078s] -- Up-to-date: /home/huahua/project/go2_sim_ws/install/quadropted_controller/lib/quadropted_controller/RobotController/__pycache__/TrotGaitController.cpython-312.pyc
[0.078s] -- Up-to-date: /home/huahua/project/go2_sim_ws/install/quadropted_controller/lib/quadropted_controller/RobotController/__pycache__/PIDController.cpython-312.pyc
[0.078s] -- Up-to-date: /home/huahua/project/go2_sim_ws/install/quadropted_controller/lib/quadropted_controller/RobotController/__pycache__/CrawlGaitController.cpython-310.pyc
[0.078s] -- Up-to-date: /home/huahua/project/go2_sim_ws/install/quadropted_controller/lib/quadropted_controller/RobotController/__pycache__/StandController.cpython-312.pyc
[0.078s] -- Up-to-date: /home/huahua/project/go2_sim_ws/install/quadropted_controller/lib/quadropted_controller/RobotController/__pycache__/StandController.cpython-310.pyc
[0.078s] -- Up-to-date: /home/huahua/project/go2_sim_ws/install/quadropted_controller/lib/quadropted_controller/RobotController/__pycache__/RestController.cpython-312.pyc
[0.078s] -- Up-to-date: /home/huahua/project/go2_sim_ws/install/quadropted_controller/lib/quadropted_controller/RobotController/__pycache__/PIDController.cpython-310.pyc
[0.078s] -- Up-to-date: /home/huahua/project/go2_sim_ws/install/quadropted_controller/lib/quadropted_controller/RobotController/__pycache__/TrotGaitController.cpython-310.pyc
[0.078s] -- Up-to-date: /home/huahua/project/go2_sim_ws/install/quadropted_controller/lib/quadropted_controller/RobotController/__pycache__/CrawlGaitController.cpython-312.pyc
[0.078s] -- Up-to-date: /home/huahua/project/go2_sim_ws/install/quadropted_controller/lib/quadropted_controller/RobotController/__pycache__/RobotController.cpython-312.pyc
[0.078s] -- Up-to-date: /home/huahua/project/go2_sim_ws/install/quadropted_controller/lib/quadropted_controller/RobotController/__pycache__/GaitController.cpython-310.pyc
[0.078s] -- Up-to-date: /home/huahua/project/go2_sim_ws/install/quadropted_controller/lib/quadropted_controller/RobotController/__pycache__/GaitController.cpython-312.pyc
[0.078s] -- Up-to-date: /home/huahua/project/go2_sim_ws/install/quadropted_controller/lib/quadropted_controller/RobotController/__pycache__/RestController.cpython-310.pyc
[0.078s] -- Up-to-date: /home/huahua/project/go2_sim_ws/install/quadropted_controller/lib/quadropted_controller/RobotController/__pycache__/StateCommand.cpython-310.pyc
[0.078s] -- Up-to-date: /home/huahua/project/go2_sim_ws/install/quadropted_controller/lib/quadropted_controller/RoboticsUtilities
[0.078s] -- Up-to-date: /home/huahua/project/go2_sim_ws/install/quadropted_controller/lib/quadropted_controller/RoboticsUtilities/Transformations.py
[0.078s] -- Up-to-date: /home/huahua/project/go2_sim_ws/install/quadropted_controller/lib/quadropted_controller/RoboticsUtilities/__pycache__
[0.078s] -- Up-to-date: /home/huahua/project/go2_sim_ws/install/quadropted_controller/lib/quadropted_controller/RoboticsUtilities/__pycache__/Transformations.cpython-312.pyc
[0.078s] -- Up-to-date: /home/huahua/project/go2_sim_ws/install/quadropted_controller/lib/quadropted_controller/RoboticsUtilities/__pycache__/Transformations.cpython-310.pyc
[0.078s] -- Up-to-date: /home/huahua/project/go2_sim_ws/install/quadropted_controller/lib/quadropted_controller/robot_controller_gazebo.py
[0.078s] -- Up-to-date: /home/huahua/project/go2_sim_ws/install/quadropted_controller/lib/quadropted_controller/QuadrupedOdometryNode.py
[0.078s] -- Up-to-date: /home/huahua/project/go2_sim_ws/install/quadropted_controller/lib/quadropted_controller/cmd_vel_pub.py
[0.078s] -- Up-to-date: /home/huahua/project/go2_sim_ws/install/quadropted_controller/share/quadropted_controller//launch
[0.078s] -- Up-to-date: /home/huahua/project/go2_sim_ws/install/quadropted_controller/share/quadropted_controller//launch/robot_controller.launch.py
[0.079s] -- Up-to-date: /home/huahua/project/go2_sim_ws/install/quadropted_controller/share/ament_index/resource_index/package_run_dependencies/quadropted_controller
[0.079s] -- Up-to-date: /home/huahua/project/go2_sim_ws/install/quadropted_controller/share/ament_index/resource_index/parent_prefix_path/quadropted_controller
[0.079s] -- Up-to-date: /home/huahua/project/go2_sim_ws/install/quadropted_controller/share/quadropted_controller/environment/ament_prefix_path.sh
[0.079s] -- Up-to-date: /home/huahua/project/go2_sim_ws/install/quadropted_controller/share/quadropted_controller/environment/ament_prefix_path.dsv
[0.079s] -- Up-to-date: /home/huahua/project/go2_sim_ws/install/quadropted_controller/share/quadropted_controller/environment/path.sh
[0.079s] -- Up-to-date: /home/huahua/project/go2_sim_ws/install/quadropted_controller/share/quadropted_controller/environment/path.dsv
[0.079s] -- Up-to-date: /home/huahua/project/go2_sim_ws/install/quadropted_controller/share/quadropted_controller/local_setup.bash
[0.079s] -- Up-to-date: /home/huahua/project/go2_sim_ws/install/quadropted_controller/share/quadropted_controller/local_setup.sh
[0.079s] -- Up-to-date: /home/huahua/project/go2_sim_ws/install/quadropted_controller/share/quadropted_controller/local_setup.zsh
[0.079s] -- Up-to-date: /home/huahua/project/go2_sim_ws/install/quadropted_controller/share/quadropted_controller/local_setup.dsv
[0.079s] -- Up-to-date: /home/huahua/project/go2_sim_ws/install/quadropted_controller/share/quadropted_controller/package.dsv
[0.079s] -- Up-to-date: /home/huahua/project/go2_sim_ws/install/quadropted_controller/share/ament_index/resource_index/packages/quadropted_controller
[0.079s] -- Up-to-date: /home/huahua/project/go2_sim_ws/install/quadropted_controller/share/quadropted_controller/cmake/quadropted_controllerConfig.cmake
[0.079s] -- Up-to-date: /home/huahua/project/go2_sim_ws/install/quadropted_controller/share/quadropted_controller/cmake/quadropted_controllerConfig-version.cmake
[0.079s] -- Up-to-date: /home/huahua/project/go2_sim_ws/install/quadropted_controller/share/quadropted_controller/package.xml
[0.107s] Invoked command in '/home/huahua/project/go2_sim_ws/build/quadropted_controller' returned '0': CMAKE_PREFIX_PATH=${CMAKE_PREFIX_PATH}:/opt/ros/humble /usr/bin/cmake --install /home/huahua/project/go2_sim_ws/build/quadropted_controller
