[0.010s] Invoking command in '/home/huahua/project/go2_sim_ws/build/go1_description': CMAKE_PREFIX_PATH=/opt/ros/humble /usr/bin/cmake /home/huahua/project/go2_sim_ws/src/go1_description -DCMAKE_INSTALL_PREFIX=/home/huahua/project/go2_sim_ws/install/go1_description
[0.094s] -- The C compiler identification is GNU 11.4.0
[0.162s] -- The CXX compiler identification is GNU 11.4.0
[0.169s] -- Detecting C compiler ABI info
[0.218s] -- Detecting C compiler ABI info - done
[0.224s] -- Check for working C compiler: /usr/bin/cc - skipped
[0.224s] -- Detecting C compile features
[0.225s] -- Detecting C compile features - done
[0.226s] -- Detecting CXX compiler ABI info
[0.276s] -- Detecting CXX compiler ABI info - done
[0.281s] -- Check for working CXX compiler: /usr/bin/c++ - skipped
[0.281s] -- Detecting CXX compile features
[0.282s] -- Detecting CXX compile features - done
[0.284s] -- Found ament_cmake: 1.3.12 (/opt/ros/humble/share/ament_cmake/cmake)
[0.392s] -- Found Python3: /usr/bin/python3 (found version "3.10.12") found components: Interpreter 
[0.452s] -- Found rclcpp: 16.0.16 (/opt/ros/humble/share/rclcpp/cmake)
[0.479s] -- Found rosidl_generator_c: 3.1.7 (/opt/ros/humble/share/rosidl_generator_c/cmake)
[0.481s] -- Found rosidl_adapter: 3.1.7 (/opt/ros/humble/share/rosidl_adapter/cmake)
[0.486s] -- Found rosidl_generator_cpp: 3.1.7 (/opt/ros/humble/share/rosidl_generator_cpp/cmake)
[0.492s] -- Using all available rosidl_typesupport_c: rosidl_typesupport_fastrtps_c;rosidl_typesupport_introspection_c
[0.500s] -- Using all available rosidl_typesupport_cpp: rosidl_typesupport_fastrtps_cpp;rosidl_typesupport_introspection_cpp
[0.530s] -- Found rmw_implementation_cmake: 6.1.2 (/opt/ros/humble/share/rmw_implementation_cmake/cmake)
[0.532s] -- Found rmw_fastrtps_cpp: 6.2.9 (/opt/ros/humble/share/rmw_fastrtps_cpp/cmake)
[0.592s] -- Found OpenSSL: /usr/lib/x86_64-linux-gnu/libcrypto.so (found version "3.0.2")  
[0.608s] -- Found FastRTPS: /opt/ros/humble/include  
[0.631s] -- Using RMW implementation 'rmw_fastrtps_cpp' as default
[0.637s] -- Looking for pthread.h
[0.689s] -- Looking for pthread.h - found
[0.690s] -- Performing Test CMAKE_HAVE_LIBC_PTHREAD
[0.740s] -- Performing Test CMAKE_HAVE_LIBC_PTHREAD - Success
[0.741s] -- Found Threads: TRUE  
[0.775s] -- Found urdf: 2.6.1 (/opt/ros/humble/share/urdf/cmake)
[0.798s] -- Found xacro: 2.1.1 (/opt/ros/humble/share/xacro/cmake)
[0.837s] -- Configuring done
[0.839s] -- Generating done
[0.840s] -- Build files have been written to: /home/huahua/project/go2_sim_ws/build/go1_description
[0.847s] Invoked command in '/home/huahua/project/go2_sim_ws/build/go1_description' returned '0': CMAKE_PREFIX_PATH=/opt/ros/humble /usr/bin/cmake /home/huahua/project/go2_sim_ws/src/go1_description -DCMAKE_INSTALL_PREFIX=/home/huahua/project/go2_sim_ws/install/go1_description
[0.848s] Invoking command in '/home/huahua/project/go2_sim_ws/build/go1_description': CMAKE_PREFIX_PATH=/opt/ros/humble /usr/bin/cmake --build /home/huahua/project/go2_sim_ws/build/go1_description -- -j20 -l20
[0.878s] Invoked command in '/home/huahua/project/go2_sim_ws/build/go1_description' returned '0': CMAKE_PREFIX_PATH=/opt/ros/humble /usr/bin/cmake --build /home/huahua/project/go2_sim_ws/build/go1_description -- -j20 -l20
[0.879s] Invoking command in '/home/huahua/project/go2_sim_ws/build/go1_description': CMAKE_PREFIX_PATH=/opt/ros/humble /usr/bin/cmake --install /home/huahua/project/go2_sim_ws/build/go1_description
[0.883s] -- Install configuration: ""
[0.883s] -- Installing: /home/huahua/project/go2_sim_ws/install/go1_description/share/go1_description//meshes
[0.884s] -- Installing: /home/huahua/project/go2_sim_ws/install/go1_description/share/go1_description//meshes/thigh.dae
[0.884s] -- Installing: /home/huahua/project/go2_sim_ws/install/go1_description/share/go1_description//meshes/trunk.dae
[0.910s] -- Installing: /home/huahua/project/go2_sim_ws/install/go1_description/share/go1_description//meshes/thigh_mirror.dae
[0.911s] -- Installing: /home/huahua/project/go2_sim_ws/install/go1_description/share/go1_description//meshes/calf.dae
[0.912s] -- Installing: /home/huahua/project/go2_sim_ws/install/go1_description/share/go1_description//meshes/depthCamera.dae
[0.912s] -- Installing: /home/huahua/project/go2_sim_ws/install/go1_description/share/go1_description//meshes/ultraSound.dae
[0.912s] -- Installing: /home/huahua/project/go2_sim_ws/install/go1_description/share/go1_description//meshes/hip.dae
[0.913s] -- Installing: /home/huahua/project/go2_sim_ws/install/go1_description/share/go1_description//config
[0.913s] -- Installing: /home/huahua/project/go2_sim_ws/install/go1_description/share/go1_description//config/robot_control.yaml
[0.913s] -- Installing: /home/huahua/project/go2_sim_ws/install/go1_description/share/go1_description//config/gz_bridge.yaml
[0.914s] -- Installing: /home/huahua/project/go2_sim_ws/install/go1_description/share/go1_description//config/gaz_ros2_ctl_use_sim.yaml
[0.914s] -- Installing: /home/huahua/project/go2_sim_ws/install/go1_description/share/go1_description//xacro
[0.914s] -- Installing: /home/huahua/project/go2_sim_ws/install/go1_description/share/go1_description//xacro/gazebo.xacro
[0.914s] -- Installing: /home/huahua/project/go2_sim_ws/install/go1_description/share/go1_description//xacro/ultraSound.xacro
[0.914s] -- Installing: /home/huahua/project/go2_sim_ws/install/go1_description/share/go1_description//xacro/const.xacro
[0.914s] -- Installing: /home/huahua/project/go2_sim_ws/install/go1_description/share/go1_description//xacro/robot.xacro
[0.914s] -- Installing: /home/huahua/project/go2_sim_ws/install/go1_description/share/go1_description//xacro/leg.xacro
[0.914s] -- Installing: /home/huahua/project/go2_sim_ws/install/go1_description/share/go1_description//xacro/transmission.xacro
[0.914s] -- Installing: /home/huahua/project/go2_sim_ws/install/go1_description/share/go1_description//xacro/materials.xacro
[0.914s] -- Installing: /home/huahua/project/go2_sim_ws/install/go1_description/share/go1_description//xacro/depthCamera.xacro
[0.914s] -- Installing: /home/huahua/project/go2_sim_ws/install/go1_description/share/go1_description//launch
[0.914s] -- Installing: /home/huahua/project/go2_sim_ws/install/go1_description/share/go1_description//launch/joints_move.launch.py
[0.914s] -- Installing: /home/huahua/project/go2_sim_ws/install/go1_description/share/go1_description//launch/launch_sim.launch.py
[0.914s] -- Installing: /home/huahua/project/go2_sim_ws/install/go1_description/share/ament_index/resource_index/package_run_dependencies/go1_description
[0.914s] -- Installing: /home/huahua/project/go2_sim_ws/install/go1_description/share/ament_index/resource_index/parent_prefix_path/go1_description
[0.914s] -- Installing: /home/huahua/project/go2_sim_ws/install/go1_description/share/go1_description/environment/ament_prefix_path.sh
[0.914s] -- Installing: /home/huahua/project/go2_sim_ws/install/go1_description/share/go1_description/environment/ament_prefix_path.dsv
[0.914s] -- Installing: /home/huahua/project/go2_sim_ws/install/go1_description/share/go1_description/environment/path.sh
[0.914s] -- Installing: /home/huahua/project/go2_sim_ws/install/go1_description/share/go1_description/environment/path.dsv
[0.914s] -- Installing: /home/huahua/project/go2_sim_ws/install/go1_description/share/go1_description/local_setup.bash
[0.914s] -- Installing: /home/huahua/project/go2_sim_ws/install/go1_description/share/go1_description/local_setup.sh
[0.914s] -- Installing: /home/huahua/project/go2_sim_ws/install/go1_description/share/go1_description/local_setup.zsh
[0.915s] -- Installing: /home/huahua/project/go2_sim_ws/install/go1_description/share/go1_description/local_setup.dsv
[0.915s] -- Installing: /home/huahua/project/go2_sim_ws/install/go1_description/share/go1_description/package.dsv
[0.915s] -- Installing: /home/huahua/project/go2_sim_ws/install/go1_description/share/ament_index/resource_index/packages/go1_description
[0.915s] -- Installing: /home/huahua/project/go2_sim_ws/install/go1_description/share/go1_description/cmake/go1_descriptionConfig.cmake
[0.915s] -- Installing: /home/huahua/project/go2_sim_ws/install/go1_description/share/go1_description/cmake/go1_descriptionConfig-version.cmake
[0.915s] -- Installing: /home/huahua/project/go2_sim_ws/install/go1_description/share/go1_description/package.xml
[0.916s] Invoked command in '/home/huahua/project/go2_sim_ws/build/go1_description' returned '0': CMAKE_PREFIX_PATH=/opt/ros/humble /usr/bin/cmake --install /home/huahua/project/go2_sim_ws/build/go1_description
