-- The C compiler identification is GNU 11.4.0
-- The CXX compiler identification is GNU 11.4.0
-- Detecting C compiler ABI info
-- Detecting C compiler ABI info - done
-- Check for working C compiler: /usr/bin/cc - skipped
-- Detecting C compile features
-- Detecting C compile features - done
-- Detecting CXX compiler ABI info
-- Detecting CXX compiler ABI info - done
-- Check for working CXX compiler: /usr/bin/c++ - skipped
-- Detecting CXX compile features
-- Detecting CXX compile features - done
-- Found ament_cmake: 1.3.12 (/opt/ros/humble/share/ament_cmake/cmake)
-- Found Python3: /usr/bin/python3 (found version "3.10.12") found components: Interpreter 
-- Found geometry_msgs: 4.9.0 (/opt/ros/humble/share/geometry_msgs/cmake)
-- Found rosidl_generator_c: 3.1.7 (/opt/ros/humble/share/rosidl_generator_c/cmake)
-- Found rosidl_adapter: 3.1.7 (/opt/ros/humble/share/rosidl_adapter/cmake)
-- Found rosidl_generator_cpp: 3.1.7 (/opt/ros/humble/share/rosidl_generator_cpp/cmake)
-- Using all available rosidl_typesupport_c: rosidl_typesupport_fastrtps_c;rosidl_typesupport_introspection_c
-- Using all available rosidl_typesupport_cpp: rosidl_typesupport_fastrtps_cpp;rosidl_typesupport_introspection_cpp
-- Found rosidl_default_generators: 1.2.0 (/opt/ros/humble/share/rosidl_default_generators/cmake)
-- Found ament_cmake_ros: 0.10.0 (/opt/ros/humble/share/ament_cmake_ros/cmake)
-- Using all available rosidl_typesupport_c: rosidl_typesupport_fastrtps_c;rosidl_typesupport_introspection_c
-- Using all available rosidl_typesupport_cpp: rosidl_typesupport_fastrtps_cpp;rosidl_typesupport_introspection_cpp
-- Found PythonInterp: /usr/bin/python3 (found suitable version "3.10.12", minimum required is "3.6") 
-- Found python_cmake_module: 0.10.0 (/opt/ros/humble/share/python_cmake_module/cmake)
-- Found PythonLibs: /usr/lib/x86_64-linux-gnu/libpython3.10.so (found suitable version "3.10.12", minimum required is "3.5") 
-- Using PYTHON_EXECUTABLE: /usr/bin/python3
-- Using PYTHON_INCLUDE_DIRS: /usr/include/python3.10
-- Using PYTHON_LIBRARIES: /usr/lib/x86_64-linux-gnu/libpython3.10.so
-- Found PythonExtra: .so  
-- Found ament_lint_auto: 0.12.14 (/opt/ros/humble/share/ament_lint_auto/cmake)
-- Added test 'lint_cmake' to check CMake code style
-- Added test 'xmllint' to check XML markup files
-- Configuring done
-- Generating done
-- Build files have been written to: /home/huahua/project/go2_sim_ws/build/quadropted_msgs
[  1%] [34m[1mGenerating C code for ROS interfaces[0m
[  3%] [34m[1mGenerating C++ code for ROS interfaces[0m
[  3%] Built target ament_cmake_python_copy_quadropted_msgs
running egg_info
creating quadropted_msgs.egg-info
writing quadropted_msgs.egg-info/PKG-INFO
writing dependency_links to quadropted_msgs.egg-info/dependency_links.txt
writing top-level names to quadropted_msgs.egg-info/top_level.txt
writing manifest file 'quadropted_msgs.egg-info/SOURCES.txt'
reading manifest file 'quadropted_msgs.egg-info/SOURCES.txt'
writing manifest file 'quadropted_msgs.egg-info/SOURCES.txt'
[  3%] Built target ament_cmake_python_build_quadropted_msgs_egg
[  3%] Built target quadropted_msgs__cpp
[  4%] [34m[1mGenerating C++ type support dispatch for ROS interfaces[0m
[  6%] [34m[1mGenerating C++ introspection for ROS interfaces[0m
[  7%] [34m[1mGenerating C++ type support for eProsima Fast-RTPS[0m
[ 11%] [32mBuilding C object CMakeFiles/quadropted_msgs__rosidl_generator_c.dir/rosidl_generator_c/quadropted_msgs/msg/detail/robot_velocity__functions.c.o[0m
[ 11%] [32mBuilding C object CMakeFiles/quadropted_msgs__rosidl_generator_c.dir/rosidl_generator_c/quadropted_msgs/msg/detail/robot_gait_command__functions.c.o[0m
[ 12%] [32mBuilding C object CMakeFiles/quadropted_msgs__rosidl_generator_c.dir/rosidl_generator_c/quadropted_msgs/msg/detail/robot_foot_contact__functions.c.o[0m
[ 14%] [32mBuilding C object CMakeFiles/quadropted_msgs__rosidl_generator_c.dir/rosidl_generator_c/quadropted_msgs/msg/detail/robot_mode_command__functions.c.o[0m
[ 15%] [32mBuilding C object CMakeFiles/quadropted_msgs__rosidl_generator_c.dir/rosidl_generator_c/quadropted_msgs/srv/detail/robot_behavior_command__functions.c.o[0m
[ 17%] [32m[1mLinking C shared library libquadropted_msgs__rosidl_generator_c.so[0m
[ 17%] Built target quadropted_msgs__rosidl_generator_c
[ 19%] [34m[1mGenerating C introspection for ROS interfaces[0m
[ 22%] [34m[1mGenerating C type support for eProsima Fast-RTPS[0m
[ 22%] [34m[1mGenerating C type support dispatch for ROS interfaces[0m
[ 23%] [32mBuilding CXX object CMakeFiles/quadropted_msgs__rosidl_typesupport_cpp.dir/rosidl_typesupport_cpp/quadropted_msgs/msg/robot_velocity__type_support.cpp.o[0m
[ 25%] [32mBuilding CXX object CMakeFiles/quadropted_msgs__rosidl_typesupport_cpp.dir/rosidl_typesupport_cpp/quadropted_msgs/srv/robot_behavior_command__type_support.cpp.o[0m
[ 30%] [32mBuilding CXX object CMakeFiles/quadropted_msgs__rosidl_typesupport_cpp.dir/rosidl_typesupport_cpp/quadropted_msgs/msg/robot_foot_contact__type_support.cpp.o[0m
[ 30%] [32mBuilding CXX object CMakeFiles/quadropted_msgs__rosidl_typesupport_cpp.dir/rosidl_typesupport_cpp/quadropted_msgs/msg/robot_mode_command__type_support.cpp.o[0m
[ 30%] [32mBuilding CXX object CMakeFiles/quadropted_msgs__rosidl_typesupport_cpp.dir/rosidl_typesupport_cpp/quadropted_msgs/msg/robot_gait_command__type_support.cpp.o[0m
[ 31%] [32mBuilding CXX object CMakeFiles/quadropted_msgs__rosidl_typesupport_introspection_cpp.dir/rosidl_typesupport_introspection_cpp/quadropted_msgs/msg/detail/robot_velocity__type_support.cpp.o[0m
[ 33%] [32mBuilding CXX object CMakeFiles/quadropted_msgs__rosidl_typesupport_introspection_cpp.dir/rosidl_typesupport_introspection_cpp/quadropted_msgs/srv/detail/robot_behavior_command__type_support.cpp.o[0m
[ 34%] [32mBuilding CXX object CMakeFiles/quadropted_msgs__rosidl_typesupport_introspection_cpp.dir/rosidl_typesupport_introspection_cpp/quadropted_msgs/msg/detail/robot_foot_contact__type_support.cpp.o[0m
[ 36%] [32mBuilding CXX object CMakeFiles/quadropted_msgs__rosidl_typesupport_introspection_cpp.dir/rosidl_typesupport_introspection_cpp/quadropted_msgs/msg/detail/robot_gait_command__type_support.cpp.o[0m
[ 38%] [32mBuilding CXX object CMakeFiles/quadropted_msgs__rosidl_typesupport_introspection_cpp.dir/rosidl_typesupport_introspection_cpp/quadropted_msgs/msg/detail/robot_mode_command__type_support.cpp.o[0m
[ 39%] [32mBuilding CXX object CMakeFiles/quadropted_msgs__rosidl_typesupport_fastrtps_cpp.dir/rosidl_typesupport_fastrtps_cpp/quadropted_msgs/srv/detail/dds_fastrtps/robot_behavior_command__type_support.cpp.o[0m
[ 41%] [32mBuilding CXX object CMakeFiles/quadropted_msgs__rosidl_typesupport_fastrtps_cpp.dir/rosidl_typesupport_fastrtps_cpp/quadropted_msgs/msg/detail/dds_fastrtps/robot_mode_command__type_support.cpp.o[0m
[ 44%] [32mBuilding CXX object CMakeFiles/quadropted_msgs__rosidl_typesupport_fastrtps_cpp.dir/rosidl_typesupport_fastrtps_cpp/quadropted_msgs/msg/detail/dds_fastrtps/robot_foot_contact__type_support.cpp.o[0m
[ 46%] [32mBuilding CXX object CMakeFiles/quadropted_msgs__rosidl_typesupport_fastrtps_cpp.dir/rosidl_typesupport_fastrtps_cpp/quadropted_msgs/msg/detail/dds_fastrtps/robot_velocity__type_support.cpp.o[0m
[ 46%] [32mBuilding CXX object CMakeFiles/quadropted_msgs__rosidl_typesupport_fastrtps_cpp.dir/rosidl_typesupport_fastrtps_cpp/quadropted_msgs/msg/detail/dds_fastrtps/robot_gait_command__type_support.cpp.o[0m
[ 49%] [32mBuilding CXX object CMakeFiles/quadropted_msgs__rosidl_typesupport_c.dir/rosidl_typesupport_c/quadropted_msgs/msg/robot_velocity__type_support.cpp.o[0m
[ 49%] [32mBuilding CXX object CMakeFiles/quadropted_msgs__rosidl_typesupport_c.dir/rosidl_typesupport_c/quadropted_msgs/msg/robot_gait_command__type_support.cpp.o[0m
[ 50%] [32mBuilding CXX object CMakeFiles/quadropted_msgs__rosidl_typesupport_c.dir/rosidl_typesupport_c/quadropted_msgs/msg/robot_mode_command__type_support.cpp.o[0m
[ 52%] [32mBuilding CXX object CMakeFiles/quadropted_msgs__rosidl_typesupport_c.dir/rosidl_typesupport_c/quadropted_msgs/msg/robot_foot_contact__type_support.cpp.o[0m
[ 53%] [32mBuilding CXX object CMakeFiles/quadropted_msgs__rosidl_typesupport_c.dir/rosidl_typesupport_c/quadropted_msgs/srv/robot_behavior_command__type_support.cpp.o[0m
[ 55%] [32m[1mLinking CXX shared library libquadropted_msgs__rosidl_typesupport_c.so[0m
[ 57%] [32mBuilding C object CMakeFiles/quadropted_msgs__rosidl_typesupport_introspection_c.dir/rosidl_typesupport_introspection_c/quadropted_msgs/msg/detail/robot_velocity__type_support.c.o[0m
[ 58%] [32mBuilding C object CMakeFiles/quadropted_msgs__rosidl_typesupport_introspection_c.dir/rosidl_typesupport_introspection_c/quadropted_msgs/msg/detail/robot_mode_command__type_support.c.o[0m
[ 60%] [32mBuilding C object CMakeFiles/quadropted_msgs__rosidl_typesupport_introspection_c.dir/rosidl_typesupport_introspection_c/quadropted_msgs/msg/detail/robot_gait_command__type_support.c.o[0m
[ 61%] [32mBuilding C object CMakeFiles/quadropted_msgs__rosidl_typesupport_introspection_c.dir/rosidl_typesupport_introspection_c/quadropted_msgs/msg/detail/robot_foot_contact__type_support.c.o[0m
[ 63%] [32mBuilding C object CMakeFiles/quadropted_msgs__rosidl_typesupport_introspection_c.dir/rosidl_typesupport_introspection_c/quadropted_msgs/srv/detail/robot_behavior_command__type_support.c.o[0m
[ 63%] Built target quadropted_msgs__rosidl_typesupport_c
[ 65%] [32m[1mLinking C shared library libquadropted_msgs__rosidl_typesupport_introspection_c.so[0m
[ 66%] [32m[1mLinking CXX shared library libquadropted_msgs__rosidl_typesupport_cpp.so[0m
[ 68%] [32mBuilding CXX object CMakeFiles/quadropted_msgs__rosidl_typesupport_fastrtps_c.dir/rosidl_typesupport_fastrtps_c/quadropted_msgs/msg/detail/robot_foot_contact__type_support_c.cpp.o[0m
[ 69%] [32mBuilding CXX object CMakeFiles/quadropted_msgs__rosidl_typesupport_fastrtps_c.dir/rosidl_typesupport_fastrtps_c/quadropted_msgs/msg/detail/robot_velocity__type_support_c.cpp.o[0m
[ 71%] [32mBuilding CXX object CMakeFiles/quadropted_msgs__rosidl_typesupport_fastrtps_c.dir/rosidl_typesupport_fastrtps_c/quadropted_msgs/msg/detail/robot_gait_command__type_support_c.cpp.o[0m
[ 73%] [32mBuilding CXX object CMakeFiles/quadropted_msgs__rosidl_typesupport_fastrtps_c.dir/rosidl_typesupport_fastrtps_c/quadropted_msgs/msg/detail/robot_mode_command__type_support_c.cpp.o[0m
[ 74%] [32mBuilding CXX object CMakeFiles/quadropted_msgs__rosidl_typesupport_fastrtps_c.dir/rosidl_typesupport_fastrtps_c/quadropted_msgs/srv/detail/robot_behavior_command__type_support_c.cpp.o[0m
[ 74%] Built target quadropted_msgs__rosidl_typesupport_introspection_c
[ 74%] Built target quadropted_msgs__rosidl_typesupport_cpp
[ 76%] [32m[1mLinking CXX shared library libquadropted_msgs__rosidl_typesupport_introspection_cpp.so[0m
[ 77%] [32m[1mLinking CXX shared library libquadropted_msgs__rosidl_typesupport_fastrtps_cpp.so[0m
[ 77%] Built target quadropted_msgs__rosidl_typesupport_introspection_cpp
[ 77%] Built target quadropted_msgs__rosidl_typesupport_fastrtps_cpp
[ 79%] [32m[1mLinking CXX shared library libquadropted_msgs__rosidl_typesupport_fastrtps_c.so[0m
[ 79%] Built target quadropted_msgs__rosidl_typesupport_fastrtps_c
[ 79%] Built target quadropted_msgs
[ 80%] [34m[1mGenerating Python code for ROS interfaces[0m
[ 80%] Built target quadropted_msgs__py
[ 82%] [32mBuilding C object CMakeFiles/quadropted_msgs__rosidl_generator_py.dir/rosidl_generator_py/quadropted_msgs/srv/_robot_behavior_command_s.c.o[0m
[ 85%] [32mBuilding C object CMakeFiles/quadropted_msgs__rosidl_generator_py.dir/rosidl_generator_py/quadropted_msgs/msg/_robot_velocity_s.c.o[0m
[ 85%] [32mBuilding C object CMakeFiles/quadropted_msgs__rosidl_generator_py.dir/rosidl_generator_py/quadropted_msgs/msg/_robot_gait_command_s.c.o[0m
[ 88%] [32mBuilding C object CMakeFiles/quadropted_msgs__rosidl_generator_py.dir/rosidl_generator_py/quadropted_msgs/msg/_robot_foot_contact_s.c.o[0m
[ 88%] [32mBuilding C object CMakeFiles/quadropted_msgs__rosidl_generator_py.dir/rosidl_generator_py/quadropted_msgs/msg/_robot_mode_command_s.c.o[0m
[ 90%] [32m[1mLinking C shared library rosidl_generator_py/quadropted_msgs/libquadropted_msgs__rosidl_generator_py.so[0m
[ 90%] Built target quadropted_msgs__rosidl_generator_py
[ 92%] [32mBuilding C object CMakeFiles/quadropted_msgs__rosidl_typesupport_introspection_c__pyext.dir/rosidl_generator_py/quadropted_msgs/_quadropted_msgs_s.ep.rosidl_typesupport_introspection_c.c.o[0m
[ 93%] [32mBuilding C object CMakeFiles/quadropted_msgs__rosidl_typesupport_fastrtps_c__pyext.dir/rosidl_generator_py/quadropted_msgs/_quadropted_msgs_s.ep.rosidl_typesupport_fastrtps_c.c.o[0m
[ 95%] [32mBuilding C object CMakeFiles/quadropted_msgs__rosidl_typesupport_c__pyext.dir/rosidl_generator_py/quadropted_msgs/_quadropted_msgs_s.ep.rosidl_typesupport_c.c.o[0m
[100%] [32m[1mLinking C shared library rosidl_generator_py/quadropted_msgs/quadropted_msgs_s__rosidl_typesupport_c.cpython-310-x86_64-linux-gnu.so[0m
[100%] [32m[1mLinking C shared library rosidl_generator_py/quadropted_msgs/quadropted_msgs_s__rosidl_typesupport_introspection_c.cpython-310-x86_64-linux-gnu.so[0m
[100%] [32m[1mLinking C shared library rosidl_generator_py/quadropted_msgs/quadropted_msgs_s__rosidl_typesupport_fastrtps_c.cpython-310-x86_64-linux-gnu.so[0m
[100%] Built target quadropted_msgs__rosidl_typesupport_fastrtps_c__pyext
[100%] Built target quadropted_msgs__rosidl_typesupport_c__pyext
[100%] Built target quadropted_msgs__rosidl_typesupport_introspection_c__pyext
-- Install configuration: ""
-- Installing: /home/huahua/project/go2_sim_ws/install/quadropted_msgs/share/ament_index/resource_index/rosidl_interfaces/quadropted_msgs
-- Installing: /home/huahua/project/go2_sim_ws/install/quadropted_msgs/include/quadropted_msgs/quadropted_msgs
-- Installing: /home/huahua/project/go2_sim_ws/install/quadropted_msgs/include/quadropted_msgs/quadropted_msgs/srv
-- Installing: /home/huahua/project/go2_sim_ws/install/quadropted_msgs/include/quadropted_msgs/quadropted_msgs/srv/robot_behavior_command.h
-- Installing: /home/huahua/project/go2_sim_ws/install/quadropted_msgs/include/quadropted_msgs/quadropted_msgs/srv/detail
-- Installing: /home/huahua/project/go2_sim_ws/install/quadropted_msgs/include/quadropted_msgs/quadropted_msgs/srv/detail/robot_behavior_command__struct.h
-- Installing: /home/huahua/project/go2_sim_ws/install/quadropted_msgs/include/quadropted_msgs/quadropted_msgs/srv/detail/robot_behavior_command__type_support.h
-- Installing: /home/huahua/project/go2_sim_ws/install/quadropted_msgs/include/quadropted_msgs/quadropted_msgs/srv/detail/robot_behavior_command__functions.h
-- Installing: /home/huahua/project/go2_sim_ws/install/quadropted_msgs/include/quadropted_msgs/quadropted_msgs/srv/detail/robot_behavior_command__functions.c
-- Installing: /home/huahua/project/go2_sim_ws/install/quadropted_msgs/include/quadropted_msgs/quadropted_msgs/msg
-- Installing: /home/huahua/project/go2_sim_ws/install/quadropted_msgs/include/quadropted_msgs/quadropted_msgs/msg/robot_foot_contact.h
-- Installing: /home/huahua/project/go2_sim_ws/install/quadropted_msgs/include/quadropted_msgs/quadropted_msgs/msg/robot_mode_command.h
-- Installing: /home/huahua/project/go2_sim_ws/install/quadropted_msgs/include/quadropted_msgs/quadropted_msgs/msg/robot_velocity.h
-- Installing: /home/huahua/project/go2_sim_ws/install/quadropted_msgs/include/quadropted_msgs/quadropted_msgs/msg/detail
-- Installing: /home/huahua/project/go2_sim_ws/install/quadropted_msgs/include/quadropted_msgs/quadropted_msgs/msg/detail/robot_mode_command__type_support.h
-- Installing: /home/huahua/project/go2_sim_ws/install/quadropted_msgs/include/quadropted_msgs/quadropted_msgs/msg/detail/robot_gait_command__functions.c
-- Installing: /home/huahua/project/go2_sim_ws/install/quadropted_msgs/include/quadropted_msgs/quadropted_msgs/msg/detail/robot_foot_contact__functions.h
-- Installing: /home/huahua/project/go2_sim_ws/install/quadropted_msgs/include/quadropted_msgs/quadropted_msgs/msg/detail/robot_foot_contact__type_support.h
-- Installing: /home/huahua/project/go2_sim_ws/install/quadropted_msgs/include/quadropted_msgs/quadropted_msgs/msg/detail/robot_mode_command__functions.c
-- Installing: /home/huahua/project/go2_sim_ws/install/quadropted_msgs/include/quadropted_msgs/quadropted_msgs/msg/detail/robot_gait_command__functions.h
-- Installing: /home/huahua/project/go2_sim_ws/install/quadropted_msgs/include/quadropted_msgs/quadropted_msgs/msg/detail/robot_foot_contact__functions.c
-- Installing: /home/huahua/project/go2_sim_ws/install/quadropted_msgs/include/quadropted_msgs/quadropted_msgs/msg/detail/robot_velocity__struct.h
-- Installing: /home/huahua/project/go2_sim_ws/install/quadropted_msgs/include/quadropted_msgs/quadropted_msgs/msg/detail/robot_velocity__functions.c
-- Installing: /home/huahua/project/go2_sim_ws/install/quadropted_msgs/include/quadropted_msgs/quadropted_msgs/msg/detail/robot_velocity__type_support.h
-- Installing: /home/huahua/project/go2_sim_ws/install/quadropted_msgs/include/quadropted_msgs/quadropted_msgs/msg/detail/robot_velocity__functions.h
-- Installing: /home/huahua/project/go2_sim_ws/install/quadropted_msgs/include/quadropted_msgs/quadropted_msgs/msg/detail/robot_foot_contact__struct.h
-- Installing: /home/huahua/project/go2_sim_ws/install/quadropted_msgs/include/quadropted_msgs/quadropted_msgs/msg/detail/robot_mode_command__struct.h
-- Installing: /home/huahua/project/go2_sim_ws/install/quadropted_msgs/include/quadropted_msgs/quadropted_msgs/msg/detail/robot_gait_command__type_support.h
-- Installing: /home/huahua/project/go2_sim_ws/install/quadropted_msgs/include/quadropted_msgs/quadropted_msgs/msg/detail/robot_mode_command__functions.h
-- Installing: /home/huahua/project/go2_sim_ws/install/quadropted_msgs/include/quadropted_msgs/quadropted_msgs/msg/detail/robot_gait_command__struct.h
-- Installing: /home/huahua/project/go2_sim_ws/install/quadropted_msgs/include/quadropted_msgs/quadropted_msgs/msg/robot_gait_command.h
-- Installing: /home/huahua/project/go2_sim_ws/install/quadropted_msgs/include/quadropted_msgs/quadropted_msgs/msg/rosidl_generator_c__visibility_control.h
-- Installing: /home/huahua/project/go2_sim_ws/install/quadropted_msgs/share/quadropted_msgs/environment/library_path.sh
-- Installing: /home/huahua/project/go2_sim_ws/install/quadropted_msgs/share/quadropted_msgs/environment/library_path.dsv
-- Installing: /home/huahua/project/go2_sim_ws/install/quadropted_msgs/lib/libquadropted_msgs__rosidl_generator_c.so
-- Set runtime path of "/home/huahua/project/go2_sim_ws/install/quadropted_msgs/lib/libquadropted_msgs__rosidl_generator_c.so" to ""
-- Up-to-date: /home/huahua/project/go2_sim_ws/install/quadropted_msgs/include/quadropted_msgs/quadropted_msgs
-- Up-to-date: /home/huahua/project/go2_sim_ws/install/quadropted_msgs/include/quadropted_msgs/quadropted_msgs/srv
-- Up-to-date: /home/huahua/project/go2_sim_ws/install/quadropted_msgs/include/quadropted_msgs/quadropted_msgs/srv/detail
-- Installing: /home/huahua/project/go2_sim_ws/install/quadropted_msgs/include/quadropted_msgs/quadropted_msgs/srv/detail/robot_behavior_command__rosidl_typesupport_fastrtps_c.h
-- Up-to-date: /home/huahua/project/go2_sim_ws/install/quadropted_msgs/include/quadropted_msgs/quadropted_msgs/msg
-- Installing: /home/huahua/project/go2_sim_ws/install/quadropted_msgs/include/quadropted_msgs/quadropted_msgs/msg/rosidl_typesupport_fastrtps_c__visibility_control.h
-- Up-to-date: /home/huahua/project/go2_sim_ws/install/quadropted_msgs/include/quadropted_msgs/quadropted_msgs/msg/detail
-- Installing: /home/huahua/project/go2_sim_ws/install/quadropted_msgs/include/quadropted_msgs/quadropted_msgs/msg/detail/robot_velocity__rosidl_typesupport_fastrtps_c.h
-- Installing: /home/huahua/project/go2_sim_ws/install/quadropted_msgs/include/quadropted_msgs/quadropted_msgs/msg/detail/robot_mode_command__rosidl_typesupport_fastrtps_c.h
-- Installing: /home/huahua/project/go2_sim_ws/install/quadropted_msgs/include/quadropted_msgs/quadropted_msgs/msg/detail/robot_foot_contact__rosidl_typesupport_fastrtps_c.h
-- Installing: /home/huahua/project/go2_sim_ws/install/quadropted_msgs/include/quadropted_msgs/quadropted_msgs/msg/detail/robot_gait_command__rosidl_typesupport_fastrtps_c.h
-- Installing: /home/huahua/project/go2_sim_ws/install/quadropted_msgs/lib/libquadropted_msgs__rosidl_typesupport_fastrtps_c.so
-- Set runtime path of "/home/huahua/project/go2_sim_ws/install/quadropted_msgs/lib/libquadropted_msgs__rosidl_typesupport_fastrtps_c.so" to ""
-- Up-to-date: /home/huahua/project/go2_sim_ws/install/quadropted_msgs/include/quadropted_msgs/quadropted_msgs
-- Up-to-date: /home/huahua/project/go2_sim_ws/install/quadropted_msgs/include/quadropted_msgs/quadropted_msgs/srv
-- Installing: /home/huahua/project/go2_sim_ws/install/quadropted_msgs/include/quadropted_msgs/quadropted_msgs/srv/robot_behavior_command.hpp
-- Up-to-date: /home/huahua/project/go2_sim_ws/install/quadropted_msgs/include/quadropted_msgs/quadropted_msgs/srv/detail
-- Installing: /home/huahua/project/go2_sim_ws/install/quadropted_msgs/include/quadropted_msgs/quadropted_msgs/srv/detail/robot_behavior_command__type_support.hpp
-- Installing: /home/huahua/project/go2_sim_ws/install/quadropted_msgs/include/quadropted_msgs/quadropted_msgs/srv/detail/robot_behavior_command__traits.hpp
-- Installing: /home/huahua/project/go2_sim_ws/install/quadropted_msgs/include/quadropted_msgs/quadropted_msgs/srv/detail/robot_behavior_command__struct.hpp
-- Installing: /home/huahua/project/go2_sim_ws/install/quadropted_msgs/include/quadropted_msgs/quadropted_msgs/srv/detail/robot_behavior_command__builder.hpp
-- Up-to-date: /home/huahua/project/go2_sim_ws/install/quadropted_msgs/include/quadropted_msgs/quadropted_msgs/msg
-- Installing: /home/huahua/project/go2_sim_ws/install/quadropted_msgs/include/quadropted_msgs/quadropted_msgs/msg/robot_mode_command.hpp
-- Up-to-date: /home/huahua/project/go2_sim_ws/install/quadropted_msgs/include/quadropted_msgs/quadropted_msgs/msg/detail
-- Installing: /home/huahua/project/go2_sim_ws/install/quadropted_msgs/include/quadropted_msgs/quadropted_msgs/msg/detail/robot_gait_command__struct.hpp
-- Installing: /home/huahua/project/go2_sim_ws/install/quadropted_msgs/include/quadropted_msgs/quadropted_msgs/msg/detail/robot_foot_contact__type_support.hpp
-- Installing: /home/huahua/project/go2_sim_ws/install/quadropted_msgs/include/quadropted_msgs/quadropted_msgs/msg/detail/robot_velocity__builder.hpp
-- Installing: /home/huahua/project/go2_sim_ws/install/quadropted_msgs/include/quadropted_msgs/quadropted_msgs/msg/detail/robot_mode_command__struct.hpp
-- Installing: /home/huahua/project/go2_sim_ws/install/quadropted_msgs/include/quadropted_msgs/quadropted_msgs/msg/detail/robot_mode_command__traits.hpp
-- Installing: /home/huahua/project/go2_sim_ws/install/quadropted_msgs/include/quadropted_msgs/quadropted_msgs/msg/detail/robot_gait_command__builder.hpp
-- Installing: /home/huahua/project/go2_sim_ws/install/quadropted_msgs/include/quadropted_msgs/quadropted_msgs/msg/detail/robot_velocity__struct.hpp
-- Installing: /home/huahua/project/go2_sim_ws/install/quadropted_msgs/include/quadropted_msgs/quadropted_msgs/msg/detail/robot_foot_contact__struct.hpp
-- Installing: /home/huahua/project/go2_sim_ws/install/quadropted_msgs/include/quadropted_msgs/quadropted_msgs/msg/detail/robot_foot_contact__traits.hpp
-- Installing: /home/huahua/project/go2_sim_ws/install/quadropted_msgs/include/quadropted_msgs/quadropted_msgs/msg/detail/robot_velocity__traits.hpp
-- Installing: /home/huahua/project/go2_sim_ws/install/quadropted_msgs/include/quadropted_msgs/quadropted_msgs/msg/detail/robot_mode_command__type_support.hpp
-- Installing: /home/huahua/project/go2_sim_ws/install/quadropted_msgs/include/quadropted_msgs/quadropted_msgs/msg/detail/robot_gait_command__type_support.hpp
-- Installing: /home/huahua/project/go2_sim_ws/install/quadropted_msgs/include/quadropted_msgs/quadropted_msgs/msg/detail/robot_foot_contact__builder.hpp
-- Installing: /home/huahua/project/go2_sim_ws/install/quadropted_msgs/include/quadropted_msgs/quadropted_msgs/msg/detail/robot_mode_command__builder.hpp
-- Installing: /home/huahua/project/go2_sim_ws/install/quadropted_msgs/include/quadropted_msgs/quadropted_msgs/msg/detail/robot_velocity__type_support.hpp
-- Installing: /home/huahua/project/go2_sim_ws/install/quadropted_msgs/include/quadropted_msgs/quadropted_msgs/msg/detail/robot_gait_command__traits.hpp
-- Installing: /home/huahua/project/go2_sim_ws/install/quadropted_msgs/include/quadropted_msgs/quadropted_msgs/msg/rosidl_generator_cpp__visibility_control.hpp
-- Installing: /home/huahua/project/go2_sim_ws/install/quadropted_msgs/include/quadropted_msgs/quadropted_msgs/msg/robot_gait_command.hpp
-- Installing: /home/huahua/project/go2_sim_ws/install/quadropted_msgs/include/quadropted_msgs/quadropted_msgs/msg/robot_velocity.hpp
-- Installing: /home/huahua/project/go2_sim_ws/install/quadropted_msgs/include/quadropted_msgs/quadropted_msgs/msg/robot_foot_contact.hpp
-- Up-to-date: /home/huahua/project/go2_sim_ws/install/quadropted_msgs/include/quadropted_msgs/quadropted_msgs
-- Up-to-date: /home/huahua/project/go2_sim_ws/install/quadropted_msgs/include/quadropted_msgs/quadropted_msgs/srv
-- Up-to-date: /home/huahua/project/go2_sim_ws/install/quadropted_msgs/include/quadropted_msgs/quadropted_msgs/srv/detail
-- Installing: /home/huahua/project/go2_sim_ws/install/quadropted_msgs/include/quadropted_msgs/quadropted_msgs/srv/detail/dds_fastrtps
-- Installing: /home/huahua/project/go2_sim_ws/install/quadropted_msgs/include/quadropted_msgs/quadropted_msgs/srv/detail/robot_behavior_command__rosidl_typesupport_fastrtps_cpp.hpp
-- Up-to-date: /home/huahua/project/go2_sim_ws/install/quadropted_msgs/include/quadropted_msgs/quadropted_msgs/msg
-- Installing: /home/huahua/project/go2_sim_ws/install/quadropted_msgs/include/quadropted_msgs/quadropted_msgs/msg/rosidl_typesupport_fastrtps_cpp__visibility_control.h
-- Up-to-date: /home/huahua/project/go2_sim_ws/install/quadropted_msgs/include/quadropted_msgs/quadropted_msgs/msg/detail
-- Installing: /home/huahua/project/go2_sim_ws/install/quadropted_msgs/include/quadropted_msgs/quadropted_msgs/msg/detail/robot_velocity__rosidl_typesupport_fastrtps_cpp.hpp
-- Installing: /home/huahua/project/go2_sim_ws/install/quadropted_msgs/include/quadropted_msgs/quadropted_msgs/msg/detail/dds_fastrtps
-- Installing: /home/huahua/project/go2_sim_ws/install/quadropted_msgs/include/quadropted_msgs/quadropted_msgs/msg/detail/robot_foot_contact__rosidl_typesupport_fastrtps_cpp.hpp
-- Installing: /home/huahua/project/go2_sim_ws/install/quadropted_msgs/include/quadropted_msgs/quadropted_msgs/msg/detail/robot_gait_command__rosidl_typesupport_fastrtps_cpp.hpp
-- Installing: /home/huahua/project/go2_sim_ws/install/quadropted_msgs/include/quadropted_msgs/quadropted_msgs/msg/detail/robot_mode_command__rosidl_typesupport_fastrtps_cpp.hpp
-- Installing: /home/huahua/project/go2_sim_ws/install/quadropted_msgs/lib/libquadropted_msgs__rosidl_typesupport_fastrtps_cpp.so
-- Set runtime path of "/home/huahua/project/go2_sim_ws/install/quadropted_msgs/lib/libquadropted_msgs__rosidl_typesupport_fastrtps_cpp.so" to ""
-- Up-to-date: /home/huahua/project/go2_sim_ws/install/quadropted_msgs/include/quadropted_msgs/quadropted_msgs
-- Up-to-date: /home/huahua/project/go2_sim_ws/install/quadropted_msgs/include/quadropted_msgs/quadropted_msgs/srv
-- Up-to-date: /home/huahua/project/go2_sim_ws/install/quadropted_msgs/include/quadropted_msgs/quadropted_msgs/srv/detail
-- Installing: /home/huahua/project/go2_sim_ws/install/quadropted_msgs/include/quadropted_msgs/quadropted_msgs/srv/detail/robot_behavior_command__type_support.c
-- Installing: /home/huahua/project/go2_sim_ws/install/quadropted_msgs/include/quadropted_msgs/quadropted_msgs/srv/detail/robot_behavior_command__rosidl_typesupport_introspection_c.h
-- Up-to-date: /home/huahua/project/go2_sim_ws/install/quadropted_msgs/include/quadropted_msgs/quadropted_msgs/msg
-- Installing: /home/huahua/project/go2_sim_ws/install/quadropted_msgs/include/quadropted_msgs/quadropted_msgs/msg/rosidl_typesupport_introspection_c__visibility_control.h
-- Up-to-date: /home/huahua/project/go2_sim_ws/install/quadropted_msgs/include/quadropted_msgs/quadropted_msgs/msg/detail
-- Installing: /home/huahua/project/go2_sim_ws/install/quadropted_msgs/include/quadropted_msgs/quadropted_msgs/msg/detail/robot_velocity__rosidl_typesupport_introspection_c.h
-- Installing: /home/huahua/project/go2_sim_ws/install/quadropted_msgs/include/quadropted_msgs/quadropted_msgs/msg/detail/robot_velocity__type_support.c
-- Installing: /home/huahua/project/go2_sim_ws/install/quadropted_msgs/include/quadropted_msgs/quadropted_msgs/msg/detail/robot_mode_command__rosidl_typesupport_introspection_c.h
-- Installing: /home/huahua/project/go2_sim_ws/install/quadropted_msgs/include/quadropted_msgs/quadropted_msgs/msg/detail/robot_foot_contact__rosidl_typesupport_introspection_c.h
-- Installing: /home/huahua/project/go2_sim_ws/install/quadropted_msgs/include/quadropted_msgs/quadropted_msgs/msg/detail/robot_mode_command__type_support.c
-- Installing: /home/huahua/project/go2_sim_ws/install/quadropted_msgs/include/quadropted_msgs/quadropted_msgs/msg/detail/robot_gait_command__rosidl_typesupport_introspection_c.h
-- Installing: /home/huahua/project/go2_sim_ws/install/quadropted_msgs/include/quadropted_msgs/quadropted_msgs/msg/detail/robot_foot_contact__type_support.c
-- Installing: /home/huahua/project/go2_sim_ws/install/quadropted_msgs/include/quadropted_msgs/quadropted_msgs/msg/detail/robot_gait_command__type_support.c
-- Installing: /home/huahua/project/go2_sim_ws/install/quadropted_msgs/lib/libquadropted_msgs__rosidl_typesupport_introspection_c.so
-- Set runtime path of "/home/huahua/project/go2_sim_ws/install/quadropted_msgs/lib/libquadropted_msgs__rosidl_typesupport_introspection_c.so" to ""
-- Installing: /home/huahua/project/go2_sim_ws/install/quadropted_msgs/lib/libquadropted_msgs__rosidl_typesupport_c.so
-- Set runtime path of "/home/huahua/project/go2_sim_ws/install/quadropted_msgs/lib/libquadropted_msgs__rosidl_typesupport_c.so" to ""
-- Up-to-date: /home/huahua/project/go2_sim_ws/install/quadropted_msgs/include/quadropted_msgs/quadropted_msgs
-- Up-to-date: /home/huahua/project/go2_sim_ws/install/quadropted_msgs/include/quadropted_msgs/quadropted_msgs/srv
-- Up-to-date: /home/huahua/project/go2_sim_ws/install/quadropted_msgs/include/quadropted_msgs/quadropted_msgs/srv/detail
-- Installing: /home/huahua/project/go2_sim_ws/install/quadropted_msgs/include/quadropted_msgs/quadropted_msgs/srv/detail/robot_behavior_command__rosidl_typesupport_introspection_cpp.hpp
-- Installing: /home/huahua/project/go2_sim_ws/install/quadropted_msgs/include/quadropted_msgs/quadropted_msgs/srv/detail/robot_behavior_command__type_support.cpp
-- Up-to-date: /home/huahua/project/go2_sim_ws/install/quadropted_msgs/include/quadropted_msgs/quadropted_msgs/msg
-- Up-to-date: /home/huahua/project/go2_sim_ws/install/quadropted_msgs/include/quadropted_msgs/quadropted_msgs/msg/detail
-- Installing: /home/huahua/project/go2_sim_ws/install/quadropted_msgs/include/quadropted_msgs/quadropted_msgs/msg/detail/robot_velocity__type_support.cpp
-- Installing: /home/huahua/project/go2_sim_ws/install/quadropted_msgs/include/quadropted_msgs/quadropted_msgs/msg/detail/robot_foot_contact__type_support.cpp
-- Installing: /home/huahua/project/go2_sim_ws/install/quadropted_msgs/include/quadropted_msgs/quadropted_msgs/msg/detail/robot_mode_command__type_support.cpp
-- Installing: /home/huahua/project/go2_sim_ws/install/quadropted_msgs/include/quadropted_msgs/quadropted_msgs/msg/detail/robot_velocity__rosidl_typesupport_introspection_cpp.hpp
-- Installing: /home/huahua/project/go2_sim_ws/install/quadropted_msgs/include/quadropted_msgs/quadropted_msgs/msg/detail/robot_mode_command__rosidl_typesupport_introspection_cpp.hpp
-- Installing: /home/huahua/project/go2_sim_ws/install/quadropted_msgs/include/quadropted_msgs/quadropted_msgs/msg/detail/robot_foot_contact__rosidl_typesupport_introspection_cpp.hpp
-- Installing: /home/huahua/project/go2_sim_ws/install/quadropted_msgs/include/quadropted_msgs/quadropted_msgs/msg/detail/robot_gait_command__type_support.cpp
-- Installing: /home/huahua/project/go2_sim_ws/install/quadropted_msgs/include/quadropted_msgs/quadropted_msgs/msg/detail/robot_gait_command__rosidl_typesupport_introspection_cpp.hpp
-- Installing: /home/huahua/project/go2_sim_ws/install/quadropted_msgs/lib/libquadropted_msgs__rosidl_typesupport_introspection_cpp.so
-- Set runtime path of "/home/huahua/project/go2_sim_ws/install/quadropted_msgs/lib/libquadropted_msgs__rosidl_typesupport_introspection_cpp.so" to ""
-- Installing: /home/huahua/project/go2_sim_ws/install/quadropted_msgs/lib/libquadropted_msgs__rosidl_typesupport_cpp.so
-- Set runtime path of "/home/huahua/project/go2_sim_ws/install/quadropted_msgs/lib/libquadropted_msgs__rosidl_typesupport_cpp.so" to ""
-- Installing: /home/huahua/project/go2_sim_ws/install/quadropted_msgs/share/quadropted_msgs/environment/pythonpath.sh
-- Installing: /home/huahua/project/go2_sim_ws/install/quadropted_msgs/share/quadropted_msgs/environment/pythonpath.dsv
-- Installing: /home/huahua/project/go2_sim_ws/install/quadropted_msgs/local/lib/python3.10/dist-packages/quadropted_msgs-0.1.0-py3.10.egg-info
-- Installing: /home/huahua/project/go2_sim_ws/install/quadropted_msgs/local/lib/python3.10/dist-packages/quadropted_msgs-0.1.0-py3.10.egg-info/dependency_links.txt
-- Installing: /home/huahua/project/go2_sim_ws/install/quadropted_msgs/local/lib/python3.10/dist-packages/quadropted_msgs-0.1.0-py3.10.egg-info/PKG-INFO
-- Installing: /home/huahua/project/go2_sim_ws/install/quadropted_msgs/local/lib/python3.10/dist-packages/quadropted_msgs-0.1.0-py3.10.egg-info/top_level.txt
-- Installing: /home/huahua/project/go2_sim_ws/install/quadropted_msgs/local/lib/python3.10/dist-packages/quadropted_msgs-0.1.0-py3.10.egg-info/SOURCES.txt
-- Installing: /home/huahua/project/go2_sim_ws/install/quadropted_msgs/local/lib/python3.10/dist-packages/quadropted_msgs
-- Installing: /home/huahua/project/go2_sim_ws/install/quadropted_msgs/local/lib/python3.10/dist-packages/quadropted_msgs/quadropted_msgs_s__rosidl_typesupport_introspection_c.cpython-310-x86_64-linux-gnu.so
-- Installing: /home/huahua/project/go2_sim_ws/install/quadropted_msgs/local/lib/python3.10/dist-packages/quadropted_msgs/_quadropted_msgs_s.ep.rosidl_typesupport_c.c
-- Installing: /home/huahua/project/go2_sim_ws/install/quadropted_msgs/local/lib/python3.10/dist-packages/quadropted_msgs/quadropted_msgs_s__rosidl_typesupport_c.cpython-310-x86_64-linux-gnu.so
-- Installing: /home/huahua/project/go2_sim_ws/install/quadropted_msgs/local/lib/python3.10/dist-packages/quadropted_msgs/srv
-- Installing: /home/huahua/project/go2_sim_ws/install/quadropted_msgs/local/lib/python3.10/dist-packages/quadropted_msgs/srv/_robot_behavior_command_s.c
-- Installing: /home/huahua/project/go2_sim_ws/install/quadropted_msgs/local/lib/python3.10/dist-packages/quadropted_msgs/srv/__init__.py
-- Installing: /home/huahua/project/go2_sim_ws/install/quadropted_msgs/local/lib/python3.10/dist-packages/quadropted_msgs/srv/_robot_behavior_command.py
-- Installing: /home/huahua/project/go2_sim_ws/install/quadropted_msgs/local/lib/python3.10/dist-packages/quadropted_msgs/quadropted_msgs_s__rosidl_typesupport_fastrtps_c.cpython-310-x86_64-linux-gnu.so
-- Installing: /home/huahua/project/go2_sim_ws/install/quadropted_msgs/local/lib/python3.10/dist-packages/quadropted_msgs/_quadropted_msgs_s.ep.rosidl_typesupport_fastrtps_c.c
-- Installing: /home/huahua/project/go2_sim_ws/install/quadropted_msgs/local/lib/python3.10/dist-packages/quadropted_msgs/msg
-- Installing: /home/huahua/project/go2_sim_ws/install/quadropted_msgs/local/lib/python3.10/dist-packages/quadropted_msgs/msg/_robot_velocity_s.c
-- Installing: /home/huahua/project/go2_sim_ws/install/quadropted_msgs/local/lib/python3.10/dist-packages/quadropted_msgs/msg/_robot_velocity.py
-- Installing: /home/huahua/project/go2_sim_ws/install/quadropted_msgs/local/lib/python3.10/dist-packages/quadropted_msgs/msg/_robot_gait_command_s.c
-- Installing: /home/huahua/project/go2_sim_ws/install/quadropted_msgs/local/lib/python3.10/dist-packages/quadropted_msgs/msg/_robot_foot_contact.py
-- Installing: /home/huahua/project/go2_sim_ws/install/quadropted_msgs/local/lib/python3.10/dist-packages/quadropted_msgs/msg/_robot_foot_contact_s.c
-- Installing: /home/huahua/project/go2_sim_ws/install/quadropted_msgs/local/lib/python3.10/dist-packages/quadropted_msgs/msg/__init__.py
-- Installing: /home/huahua/project/go2_sim_ws/install/quadropted_msgs/local/lib/python3.10/dist-packages/quadropted_msgs/msg/_robot_gait_command.py
-- Installing: /home/huahua/project/go2_sim_ws/install/quadropted_msgs/local/lib/python3.10/dist-packages/quadropted_msgs/msg/_robot_mode_command_s.c
-- Installing: /home/huahua/project/go2_sim_ws/install/quadropted_msgs/local/lib/python3.10/dist-packages/quadropted_msgs/msg/_robot_mode_command.py
-- Installing: /home/huahua/project/go2_sim_ws/install/quadropted_msgs/local/lib/python3.10/dist-packages/quadropted_msgs/__init__.py
-- Installing: /home/huahua/project/go2_sim_ws/install/quadropted_msgs/local/lib/python3.10/dist-packages/quadropted_msgs/libquadropted_msgs__rosidl_generator_py.so
-- Installing: /home/huahua/project/go2_sim_ws/install/quadropted_msgs/local/lib/python3.10/dist-packages/quadropted_msgs/_quadropted_msgs_s.ep.rosidl_typesupport_introspection_c.c
Listing '/home/huahua/project/go2_sim_ws/install/quadropted_msgs/local/lib/python3.10/dist-packages/quadropted_msgs'...
Compiling '/home/huahua/project/go2_sim_ws/install/quadropted_msgs/local/lib/python3.10/dist-packages/quadropted_msgs/__init__.py'...
Listing '/home/huahua/project/go2_sim_ws/install/quadropted_msgs/local/lib/python3.10/dist-packages/quadropted_msgs/msg'...
Compiling '/home/huahua/project/go2_sim_ws/install/quadropted_msgs/local/lib/python3.10/dist-packages/quadropted_msgs/msg/__init__.py'...
Compiling '/home/huahua/project/go2_sim_ws/install/quadropted_msgs/local/lib/python3.10/dist-packages/quadropted_msgs/msg/_robot_foot_contact.py'...
Compiling '/home/huahua/project/go2_sim_ws/install/quadropted_msgs/local/lib/python3.10/dist-packages/quadropted_msgs/msg/_robot_gait_command.py'...
Compiling '/home/huahua/project/go2_sim_ws/install/quadropted_msgs/local/lib/python3.10/dist-packages/quadropted_msgs/msg/_robot_mode_command.py'...
Compiling '/home/huahua/project/go2_sim_ws/install/quadropted_msgs/local/lib/python3.10/dist-packages/quadropted_msgs/msg/_robot_velocity.py'...
Listing '/home/huahua/project/go2_sim_ws/install/quadropted_msgs/local/lib/python3.10/dist-packages/quadropted_msgs/srv'...
Compiling '/home/huahua/project/go2_sim_ws/install/quadropted_msgs/local/lib/python3.10/dist-packages/quadropted_msgs/srv/__init__.py'...
Compiling '/home/huahua/project/go2_sim_ws/install/quadropted_msgs/local/lib/python3.10/dist-packages/quadropted_msgs/srv/_robot_behavior_command.py'...
-- Installing: /home/huahua/project/go2_sim_ws/install/quadropted_msgs/local/lib/python3.10/dist-packages/quadropted_msgs/quadropted_msgs_s__rosidl_typesupport_fastrtps_c.cpython-310-x86_64-linux-gnu.so
-- Set runtime path of "/home/huahua/project/go2_sim_ws/install/quadropted_msgs/local/lib/python3.10/dist-packages/quadropted_msgs/quadropted_msgs_s__rosidl_typesupport_fastrtps_c.cpython-310-x86_64-linux-gnu.so" to ""
-- Installing: /home/huahua/project/go2_sim_ws/install/quadropted_msgs/local/lib/python3.10/dist-packages/quadropted_msgs/quadropted_msgs_s__rosidl_typesupport_introspection_c.cpython-310-x86_64-linux-gnu.so
-- Set runtime path of "/home/huahua/project/go2_sim_ws/install/quadropted_msgs/local/lib/python3.10/dist-packages/quadropted_msgs/quadropted_msgs_s__rosidl_typesupport_introspection_c.cpython-310-x86_64-linux-gnu.so" to ""
-- Installing: /home/huahua/project/go2_sim_ws/install/quadropted_msgs/local/lib/python3.10/dist-packages/quadropted_msgs/quadropted_msgs_s__rosidl_typesupport_c.cpython-310-x86_64-linux-gnu.so
-- Set runtime path of "/home/huahua/project/go2_sim_ws/install/quadropted_msgs/local/lib/python3.10/dist-packages/quadropted_msgs/quadropted_msgs_s__rosidl_typesupport_c.cpython-310-x86_64-linux-gnu.so" to ""
-- Installing: /home/huahua/project/go2_sim_ws/install/quadropted_msgs/lib/libquadropted_msgs__rosidl_generator_py.so
-- Set runtime path of "/home/huahua/project/go2_sim_ws/install/quadropted_msgs/lib/libquadropted_msgs__rosidl_generator_py.so" to ""
-- Installing: /home/huahua/project/go2_sim_ws/install/quadropted_msgs/share/quadropted_msgs/msg/RobotVelocity.idl
-- Installing: /home/huahua/project/go2_sim_ws/install/quadropted_msgs/share/quadropted_msgs/msg/RobotGaitCommand.idl
-- Installing: /home/huahua/project/go2_sim_ws/install/quadropted_msgs/share/quadropted_msgs/msg/RobotModeCommand.idl
-- Installing: /home/huahua/project/go2_sim_ws/install/quadropted_msgs/share/quadropted_msgs/msg/RobotFootContact.idl
-- Installing: /home/huahua/project/go2_sim_ws/install/quadropted_msgs/share/quadropted_msgs/srv/RobotBehaviorCommand.idl
-- Installing: /home/huahua/project/go2_sim_ws/install/quadropted_msgs/share/quadropted_msgs/msg/RobotVelocity.msg
-- Installing: /home/huahua/project/go2_sim_ws/install/quadropted_msgs/share/quadropted_msgs/msg/RobotGaitCommand.msg
-- Installing: /home/huahua/project/go2_sim_ws/install/quadropted_msgs/share/quadropted_msgs/msg/RobotModeCommand.msg
-- Installing: /home/huahua/project/go2_sim_ws/install/quadropted_msgs/share/quadropted_msgs/msg/RobotFootContact.msg
-- Installing: /home/huahua/project/go2_sim_ws/install/quadropted_msgs/share/quadropted_msgs/srv/RobotBehaviorCommand.srv
-- Installing: /home/huahua/project/go2_sim_ws/install/quadropted_msgs/share/quadropted_msgs/srv/RobotBehaviorCommand_Request.msg
-- Installing: /home/huahua/project/go2_sim_ws/install/quadropted_msgs/share/quadropted_msgs/srv/RobotBehaviorCommand_Response.msg
-- Installing: /home/huahua/project/go2_sim_ws/install/quadropted_msgs/share/ament_index/resource_index/package_run_dependencies/quadropted_msgs
-- Installing: /home/huahua/project/go2_sim_ws/install/quadropted_msgs/share/ament_index/resource_index/parent_prefix_path/quadropted_msgs
-- Installing: /home/huahua/project/go2_sim_ws/install/quadropted_msgs/share/quadropted_msgs/environment/ament_prefix_path.sh
-- Installing: /home/huahua/project/go2_sim_ws/install/quadropted_msgs/share/quadropted_msgs/environment/ament_prefix_path.dsv
-- Installing: /home/huahua/project/go2_sim_ws/install/quadropted_msgs/share/quadropted_msgs/environment/path.sh
-- Installing: /home/huahua/project/go2_sim_ws/install/quadropted_msgs/share/quadropted_msgs/environment/path.dsv
-- Installing: /home/huahua/project/go2_sim_ws/install/quadropted_msgs/share/quadropted_msgs/local_setup.bash
-- Installing: /home/huahua/project/go2_sim_ws/install/quadropted_msgs/share/quadropted_msgs/local_setup.sh
-- Installing: /home/huahua/project/go2_sim_ws/install/quadropted_msgs/share/quadropted_msgs/local_setup.zsh
-- Installing: /home/huahua/project/go2_sim_ws/install/quadropted_msgs/share/quadropted_msgs/local_setup.dsv
-- Installing: /home/huahua/project/go2_sim_ws/install/quadropted_msgs/share/quadropted_msgs/package.dsv
-- Installing: /home/huahua/project/go2_sim_ws/install/quadropted_msgs/share/ament_index/resource_index/packages/quadropted_msgs
-- Installing: /home/huahua/project/go2_sim_ws/install/quadropted_msgs/share/quadropted_msgs/cmake/export_quadropted_msgs__rosidl_generator_cExport.cmake
-- Installing: /home/huahua/project/go2_sim_ws/install/quadropted_msgs/share/quadropted_msgs/cmake/export_quadropted_msgs__rosidl_generator_cExport-noconfig.cmake
-- Installing: /home/huahua/project/go2_sim_ws/install/quadropted_msgs/share/quadropted_msgs/cmake/export_quadropted_msgs__rosidl_typesupport_fastrtps_cExport.cmake
-- Installing: /home/huahua/project/go2_sim_ws/install/quadropted_msgs/share/quadropted_msgs/cmake/export_quadropted_msgs__rosidl_typesupport_fastrtps_cExport-noconfig.cmake
-- Installing: /home/huahua/project/go2_sim_ws/install/quadropted_msgs/share/quadropted_msgs/cmake/export_quadropted_msgs__rosidl_generator_cppExport.cmake
-- Installing: /home/huahua/project/go2_sim_ws/install/quadropted_msgs/share/quadropted_msgs/cmake/export_quadropted_msgs__rosidl_typesupport_fastrtps_cppExport.cmake
-- Installing: /home/huahua/project/go2_sim_ws/install/quadropted_msgs/share/quadropted_msgs/cmake/export_quadropted_msgs__rosidl_typesupport_fastrtps_cppExport-noconfig.cmake
-- Installing: /home/huahua/project/go2_sim_ws/install/quadropted_msgs/share/quadropted_msgs/cmake/quadropted_msgs__rosidl_typesupport_introspection_cExport.cmake
-- Installing: /home/huahua/project/go2_sim_ws/install/quadropted_msgs/share/quadropted_msgs/cmake/quadropted_msgs__rosidl_typesupport_introspection_cExport-noconfig.cmake
-- Installing: /home/huahua/project/go2_sim_ws/install/quadropted_msgs/share/quadropted_msgs/cmake/quadropted_msgs__rosidl_typesupport_cExport.cmake
-- Installing: /home/huahua/project/go2_sim_ws/install/quadropted_msgs/share/quadropted_msgs/cmake/quadropted_msgs__rosidl_typesupport_cExport-noconfig.cmake
-- Installing: /home/huahua/project/go2_sim_ws/install/quadropted_msgs/share/quadropted_msgs/cmake/quadropted_msgs__rosidl_typesupport_introspection_cppExport.cmake
-- Installing: /home/huahua/project/go2_sim_ws/install/quadropted_msgs/share/quadropted_msgs/cmake/quadropted_msgs__rosidl_typesupport_introspection_cppExport-noconfig.cmake
-- Installing: /home/huahua/project/go2_sim_ws/install/quadropted_msgs/share/quadropted_msgs/cmake/quadropted_msgs__rosidl_typesupport_cppExport.cmake
-- Installing: /home/huahua/project/go2_sim_ws/install/quadropted_msgs/share/quadropted_msgs/cmake/quadropted_msgs__rosidl_typesupport_cppExport-noconfig.cmake
-- Installing: /home/huahua/project/go2_sim_ws/install/quadropted_msgs/share/quadropted_msgs/cmake/export_quadropted_msgs__rosidl_generator_pyExport.cmake
-- Installing: /home/huahua/project/go2_sim_ws/install/quadropted_msgs/share/quadropted_msgs/cmake/export_quadropted_msgs__rosidl_generator_pyExport-noconfig.cmake
-- Installing: /home/huahua/project/go2_sim_ws/install/quadropted_msgs/share/quadropted_msgs/cmake/rosidl_cmake-extras.cmake
-- Installing: /home/huahua/project/go2_sim_ws/install/quadropted_msgs/share/quadropted_msgs/cmake/ament_cmake_export_dependencies-extras.cmake
-- Installing: /home/huahua/project/go2_sim_ws/install/quadropted_msgs/share/quadropted_msgs/cmake/ament_cmake_export_include_directories-extras.cmake
-- Installing: /home/huahua/project/go2_sim_ws/install/quadropted_msgs/share/quadropted_msgs/cmake/ament_cmake_export_libraries-extras.cmake
-- Installing: /home/huahua/project/go2_sim_ws/install/quadropted_msgs/share/quadropted_msgs/cmake/ament_cmake_export_targets-extras.cmake
-- Installing: /home/huahua/project/go2_sim_ws/install/quadropted_msgs/share/quadropted_msgs/cmake/rosidl_cmake_export_typesupport_targets-extras.cmake
-- Installing: /home/huahua/project/go2_sim_ws/install/quadropted_msgs/share/quadropted_msgs/cmake/rosidl_cmake_export_typesupport_libraries-extras.cmake
-- Installing: /home/huahua/project/go2_sim_ws/install/quadropted_msgs/share/quadropted_msgs/cmake/quadropted_msgsConfig.cmake
-- Installing: /home/huahua/project/go2_sim_ws/install/quadropted_msgs/share/quadropted_msgs/cmake/quadropted_msgsConfig-version.cmake
-- Installing: /home/huahua/project/go2_sim_ws/install/quadropted_msgs/share/quadropted_msgs/package.xml
