[0.009s] Invoking command in '/home/huahua/project/go2_sim_ws/build/quadropted_msgs': CMAKE_PREFIX_PATH=/opt/ros/humble /usr/bin/cmake /home/huahua/project/go2_sim_ws/src/quadropted_msgs -DCMAKE_INSTALL_PREFIX=/home/huahua/project/go2_sim_ws/install/quadropted_msgs
[0.091s] -- The C compiler identification is GNU 11.4.0
[0.165s] -- The CXX compiler identification is GNU 11.4.0
[0.169s] -- Detecting C compiler ABI info
[0.210s] -- Detecting C compiler ABI info - done
[0.214s] -- Check for working C compiler: /usr/bin/cc - skipped
[0.216s] -- Detecting C compile features
[0.216s] -- Detecting C compile features - done
[0.219s] -- Detecting CXX compiler ABI info
[0.269s] -- Detecting CXX compiler ABI info - done
[0.273s] -- Check for working CXX compiler: /usr/bin/c++ - skipped
[0.273s] -- Detecting CXX compile features
[0.273s] -- Detecting CXX compile features - done
[0.279s] -- Found ament_cmake: 1.3.12 (/opt/ros/humble/share/ament_cmake/cmake)
[0.374s] -- Found Python3: /usr/bin/python3 (found version "3.10.12") found components: Interpreter 
[0.438s] -- Found geometry_msgs: 4.9.0 (/opt/ros/humble/share/geometry_msgs/cmake)
[0.464s] -- Found rosidl_generator_c: 3.1.7 (/opt/ros/humble/share/rosidl_generator_c/cmake)
[0.468s] -- Found rosidl_adapter: 3.1.7 (/opt/ros/humble/share/rosidl_adapter/cmake)
[0.474s] -- Found rosidl_generator_cpp: 3.1.7 (/opt/ros/humble/share/rosidl_generator_cpp/cmake)
[0.483s] -- Using all available rosidl_typesupport_c: rosidl_typesupport_fastrtps_c;rosidl_typesupport_introspection_c
[0.494s] -- Using all available rosidl_typesupport_cpp: rosidl_typesupport_fastrtps_cpp;rosidl_typesupport_introspection_cpp
[0.525s] -- Found rosidl_default_generators: 1.2.0 (/opt/ros/humble/share/rosidl_default_generators/cmake)
[0.710s] -- Found ament_cmake_ros: 0.10.0 (/opt/ros/humble/share/ament_cmake_ros/cmake)
[0.965s] -- Using all available rosidl_typesupport_c: rosidl_typesupport_fastrtps_c;rosidl_typesupport_introspection_c
[1.061s] -- Using all available rosidl_typesupport_cpp: rosidl_typesupport_fastrtps_cpp;rosidl_typesupport_introspection_cpp
[1.080s] -- Found PythonInterp: /usr/bin/python3 (found suitable version "3.10.12", minimum required is "3.6") 
[1.081s] -- Found python_cmake_module: 0.10.0 (/opt/ros/humble/share/python_cmake_module/cmake)
[1.099s] -- Found PythonLibs: /usr/lib/x86_64-linux-gnu/libpython3.10.so (found suitable version "3.10.12", minimum required is "3.5") 
[1.099s] -- Using PYTHON_EXECUTABLE: /usr/bin/python3
[1.099s] -- Using PYTHON_INCLUDE_DIRS: /usr/include/python3.10
[1.099s] -- Using PYTHON_LIBRARIES: /usr/lib/x86_64-linux-gnu/libpython3.10.so
[1.111s] -- Found PythonExtra: .so  
[1.151s] -- Found ament_lint_auto: 0.12.14 (/opt/ros/humble/share/ament_lint_auto/cmake)
[1.168s] -- Added test 'lint_cmake' to check CMake code style
[1.169s] -- Added test 'xmllint' to check XML markup files
[1.171s] -- Configuring done
[1.195s] -- Generating done
[1.201s] -- Build files have been written to: /home/huahua/project/go2_sim_ws/build/quadropted_msgs
[1.207s] Invoked command in '/home/huahua/project/go2_sim_ws/build/quadropted_msgs' returned '0': CMAKE_PREFIX_PATH=/opt/ros/humble /usr/bin/cmake /home/huahua/project/go2_sim_ws/src/quadropted_msgs -DCMAKE_INSTALL_PREFIX=/home/huahua/project/go2_sim_ws/install/quadropted_msgs
[1.208s] Invoking command in '/home/huahua/project/go2_sim_ws/build/quadropted_msgs': CMAKE_PREFIX_PATH=/opt/ros/humble /usr/bin/cmake --build /home/huahua/project/go2_sim_ws/build/quadropted_msgs -- -j20 -l20
[1.247s] [  1%] [34m[1mGenerating C code for ROS interfaces[0m
[1.258s] [  3%] [34m[1mGenerating C++ code for ROS interfaces[0m
[1.259s] [  3%] Built target ament_cmake_python_copy_quadropted_msgs
[1.384s] running egg_info
[1.384s] creating quadropted_msgs.egg-info
[1.384s] writing quadropted_msgs.egg-info/PKG-INFO
[1.384s] writing dependency_links to quadropted_msgs.egg-info/dependency_links.txt
[1.384s] writing top-level names to quadropted_msgs.egg-info/top_level.txt
[1.384s] writing manifest file 'quadropted_msgs.egg-info/SOURCES.txt'
[1.386s] reading manifest file 'quadropted_msgs.egg-info/SOURCES.txt'
[1.386s] writing manifest file 'quadropted_msgs.egg-info/SOURCES.txt'
[1.403s] [  3%] Built target ament_cmake_python_build_quadropted_msgs_egg
[1.555s] [  3%] Built target quadropted_msgs__cpp
[1.562s] [  4%] [34m[1mGenerating C++ type support dispatch for ROS interfaces[0m
[1.562s] [  6%] [34m[1mGenerating C++ introspection for ROS interfaces[0m
[1.562s] [  7%] [34m[1mGenerating C++ type support for eProsima Fast-RTPS[0m
[1.569s] [ 11%] [32mBuilding C object CMakeFiles/quadropted_msgs__rosidl_generator_c.dir/rosidl_generator_c/quadropted_msgs/msg/detail/robot_velocity__functions.c.o[0m
[1.569s] [ 11%] [32mBuilding C object CMakeFiles/quadropted_msgs__rosidl_generator_c.dir/rosidl_generator_c/quadropted_msgs/msg/detail/robot_gait_command__functions.c.o[0m
[1.569s] [ 12%] [32mBuilding C object CMakeFiles/quadropted_msgs__rosidl_generator_c.dir/rosidl_generator_c/quadropted_msgs/msg/detail/robot_foot_contact__functions.c.o[0m
[1.572s] [ 14%] [32mBuilding C object CMakeFiles/quadropted_msgs__rosidl_generator_c.dir/rosidl_generator_c/quadropted_msgs/msg/detail/robot_mode_command__functions.c.o[0m
[1.573s] [ 15%] [32mBuilding C object CMakeFiles/quadropted_msgs__rosidl_generator_c.dir/rosidl_generator_c/quadropted_msgs/srv/detail/robot_behavior_command__functions.c.o[0m
[1.613s] [ 17%] [32m[1mLinking C shared library libquadropted_msgs__rosidl_generator_c.so[0m
[1.649s] [ 17%] Built target quadropted_msgs__rosidl_generator_c
[1.655s] [ 19%] [34m[1mGenerating C introspection for ROS interfaces[0m
[1.657s] [ 22%] [34m[1mGenerating C type support for eProsima Fast-RTPS[0m
[1.657s] [ 22%] [34m[1mGenerating C type support dispatch for ROS interfaces[0m
[1.802s] [ 23%] [32mBuilding CXX object CMakeFiles/quadropted_msgs__rosidl_typesupport_cpp.dir/rosidl_typesupport_cpp/quadropted_msgs/msg/robot_velocity__type_support.cpp.o[0m
[1.802s] [ 25%] [32mBuilding CXX object CMakeFiles/quadropted_msgs__rosidl_typesupport_cpp.dir/rosidl_typesupport_cpp/quadropted_msgs/srv/robot_behavior_command__type_support.cpp.o[0m
[1.803s] [ 30%] [32mBuilding CXX object CMakeFiles/quadropted_msgs__rosidl_typesupport_cpp.dir/rosidl_typesupport_cpp/quadropted_msgs/msg/robot_foot_contact__type_support.cpp.o[0m
[1.803s] [ 30%] [32mBuilding CXX object CMakeFiles/quadropted_msgs__rosidl_typesupport_cpp.dir/rosidl_typesupport_cpp/quadropted_msgs/msg/robot_mode_command__type_support.cpp.o[0m
[1.803s] [ 30%] [32mBuilding CXX object CMakeFiles/quadropted_msgs__rosidl_typesupport_cpp.dir/rosidl_typesupport_cpp/quadropted_msgs/msg/robot_gait_command__type_support.cpp.o[0m
[1.841s] [ 31%] [32mBuilding CXX object CMakeFiles/quadropted_msgs__rosidl_typesupport_introspection_cpp.dir/rosidl_typesupport_introspection_cpp/quadropted_msgs/msg/detail/robot_velocity__type_support.cpp.o[0m
[1.842s] [ 33%] [32mBuilding CXX object CMakeFiles/quadropted_msgs__rosidl_typesupport_introspection_cpp.dir/rosidl_typesupport_introspection_cpp/quadropted_msgs/srv/detail/robot_behavior_command__type_support.cpp.o[0m
[1.842s] [ 34%] [32mBuilding CXX object CMakeFiles/quadropted_msgs__rosidl_typesupport_introspection_cpp.dir/rosidl_typesupport_introspection_cpp/quadropted_msgs/msg/detail/robot_foot_contact__type_support.cpp.o[0m
[1.842s] [ 36%] [32mBuilding CXX object CMakeFiles/quadropted_msgs__rosidl_typesupport_introspection_cpp.dir/rosidl_typesupport_introspection_cpp/quadropted_msgs/msg/detail/robot_gait_command__type_support.cpp.o[0m
[1.843s] [ 38%] [32mBuilding CXX object CMakeFiles/quadropted_msgs__rosidl_typesupport_introspection_cpp.dir/rosidl_typesupport_introspection_cpp/quadropted_msgs/msg/detail/robot_mode_command__type_support.cpp.o[0m
[1.848s] [ 39%] [32mBuilding CXX object CMakeFiles/quadropted_msgs__rosidl_typesupport_fastrtps_cpp.dir/rosidl_typesupport_fastrtps_cpp/quadropted_msgs/srv/detail/dds_fastrtps/robot_behavior_command__type_support.cpp.o[0m
[1.848s] [ 41%] [32mBuilding CXX object CMakeFiles/quadropted_msgs__rosidl_typesupport_fastrtps_cpp.dir/rosidl_typesupport_fastrtps_cpp/quadropted_msgs/msg/detail/dds_fastrtps/robot_mode_command__type_support.cpp.o[0m
[1.848s] [ 44%] [32mBuilding CXX object CMakeFiles/quadropted_msgs__rosidl_typesupport_fastrtps_cpp.dir/rosidl_typesupport_fastrtps_cpp/quadropted_msgs/msg/detail/dds_fastrtps/robot_foot_contact__type_support.cpp.o[0m
[1.848s] [ 46%] [32mBuilding CXX object CMakeFiles/quadropted_msgs__rosidl_typesupport_fastrtps_cpp.dir/rosidl_typesupport_fastrtps_cpp/quadropted_msgs/msg/detail/dds_fastrtps/robot_velocity__type_support.cpp.o[0m
[1.849s] [ 46%] [32mBuilding CXX object CMakeFiles/quadropted_msgs__rosidl_typesupport_fastrtps_cpp.dir/rosidl_typesupport_fastrtps_cpp/quadropted_msgs/msg/detail/dds_fastrtps/robot_gait_command__type_support.cpp.o[0m
[1.958s] [ 49%] [32mBuilding CXX object CMakeFiles/quadropted_msgs__rosidl_typesupport_c.dir/rosidl_typesupport_c/quadropted_msgs/msg/robot_velocity__type_support.cpp.o[0m
[1.958s] [ 49%] [32mBuilding CXX object CMakeFiles/quadropted_msgs__rosidl_typesupport_c.dir/rosidl_typesupport_c/quadropted_msgs/msg/robot_gait_command__type_support.cpp.o[0m
[1.958s] [ 50%] [32mBuilding CXX object CMakeFiles/quadropted_msgs__rosidl_typesupport_c.dir/rosidl_typesupport_c/quadropted_msgs/msg/robot_mode_command__type_support.cpp.o[0m
[1.986s] [ 52%] [32mBuilding CXX object CMakeFiles/quadropted_msgs__rosidl_typesupport_c.dir/rosidl_typesupport_c/quadropted_msgs/msg/robot_foot_contact__type_support.cpp.o[0m
[1.991s] [ 53%] [32mBuilding CXX object CMakeFiles/quadropted_msgs__rosidl_typesupport_c.dir/rosidl_typesupport_c/quadropted_msgs/srv/robot_behavior_command__type_support.cpp.o[0m
[2.027s] [ 55%] [32m[1mLinking CXX shared library libquadropted_msgs__rosidl_typesupport_c.so[0m
[2.035s] [ 57%] [32mBuilding C object CMakeFiles/quadropted_msgs__rosidl_typesupport_introspection_c.dir/rosidl_typesupport_introspection_c/quadropted_msgs/msg/detail/robot_velocity__type_support.c.o[0m
[2.036s] [ 58%] [32mBuilding C object CMakeFiles/quadropted_msgs__rosidl_typesupport_introspection_c.dir/rosidl_typesupport_introspection_c/quadropted_msgs/msg/detail/robot_mode_command__type_support.c.o[0m
[2.036s] [ 60%] [32mBuilding C object CMakeFiles/quadropted_msgs__rosidl_typesupport_introspection_c.dir/rosidl_typesupport_introspection_c/quadropted_msgs/msg/detail/robot_gait_command__type_support.c.o[0m
[2.041s] [ 61%] [32mBuilding C object CMakeFiles/quadropted_msgs__rosidl_typesupport_introspection_c.dir/rosidl_typesupport_introspection_c/quadropted_msgs/msg/detail/robot_foot_contact__type_support.c.o[0m
[2.051s] [ 63%] [32mBuilding C object CMakeFiles/quadropted_msgs__rosidl_typesupport_introspection_c.dir/rosidl_typesupport_introspection_c/quadropted_msgs/srv/detail/robot_behavior_command__type_support.c.o[0m
[2.069s] [ 63%] Built target quadropted_msgs__rosidl_typesupport_c
[2.076s] [ 65%] [32m[1mLinking C shared library libquadropted_msgs__rosidl_typesupport_introspection_c.so[0m
[2.078s] [ 66%] [32m[1mLinking CXX shared library libquadropted_msgs__rosidl_typesupport_cpp.so[0m
[2.081s] [ 68%] [32mBuilding CXX object CMakeFiles/quadropted_msgs__rosidl_typesupport_fastrtps_c.dir/rosidl_typesupport_fastrtps_c/quadropted_msgs/msg/detail/robot_foot_contact__type_support_c.cpp.o[0m
[2.082s] [ 69%] [32mBuilding CXX object CMakeFiles/quadropted_msgs__rosidl_typesupport_fastrtps_c.dir/rosidl_typesupport_fastrtps_c/quadropted_msgs/msg/detail/robot_velocity__type_support_c.cpp.o[0m
[2.082s] [ 71%] [32mBuilding CXX object CMakeFiles/quadropted_msgs__rosidl_typesupport_fastrtps_c.dir/rosidl_typesupport_fastrtps_c/quadropted_msgs/msg/detail/robot_gait_command__type_support_c.cpp.o[0m
[2.082s] [ 73%] [32mBuilding CXX object CMakeFiles/quadropted_msgs__rosidl_typesupport_fastrtps_c.dir/rosidl_typesupport_fastrtps_c/quadropted_msgs/msg/detail/robot_mode_command__type_support_c.cpp.o[0m
[2.083s] [ 74%] [32mBuilding CXX object CMakeFiles/quadropted_msgs__rosidl_typesupport_fastrtps_c.dir/rosidl_typesupport_fastrtps_c/quadropted_msgs/srv/detail/robot_behavior_command__type_support_c.cpp.o[0m
[2.104s] [ 74%] Built target quadropted_msgs__rosidl_typesupport_introspection_c
[2.115s] [ 74%] Built target quadropted_msgs__rosidl_typesupport_cpp
[2.217s] [ 76%] [32m[1mLinking CXX shared library libquadropted_msgs__rosidl_typesupport_introspection_cpp.so[0m
[2.221s] [ 77%] [32m[1mLinking CXX shared library libquadropted_msgs__rosidl_typesupport_fastrtps_cpp.so[0m
[2.267s] [ 77%] Built target quadropted_msgs__rosidl_typesupport_introspection_cpp
[2.276s] [ 77%] Built target quadropted_msgs__rosidl_typesupport_fastrtps_cpp
[2.292s] [ 79%] [32m[1mLinking CXX shared library libquadropted_msgs__rosidl_typesupport_fastrtps_c.so[0m
[2.347s] [ 79%] Built target quadropted_msgs__rosidl_typesupport_fastrtps_c
[2.368s] [ 79%] Built target quadropted_msgs
[2.391s] [ 80%] [34m[1mGenerating Python code for ROS interfaces[0m
[2.854s] [ 80%] Built target quadropted_msgs__py
[2.867s] [ 82%] [32mBuilding C object CMakeFiles/quadropted_msgs__rosidl_generator_py.dir/rosidl_generator_py/quadropted_msgs/srv/_robot_behavior_command_s.c.o[0m
[2.869s] [ 85%] [32mBuilding C object CMakeFiles/quadropted_msgs__rosidl_generator_py.dir/rosidl_generator_py/quadropted_msgs/msg/_robot_velocity_s.c.o[0m
[2.869s] [ 85%] [32mBuilding C object CMakeFiles/quadropted_msgs__rosidl_generator_py.dir/rosidl_generator_py/quadropted_msgs/msg/_robot_gait_command_s.c.o[0m
[2.869s] [ 88%] [32mBuilding C object CMakeFiles/quadropted_msgs__rosidl_generator_py.dir/rosidl_generator_py/quadropted_msgs/msg/_robot_foot_contact_s.c.o[0m
[2.869s] [ 88%] [32mBuilding C object CMakeFiles/quadropted_msgs__rosidl_generator_py.dir/rosidl_generator_py/quadropted_msgs/msg/_robot_mode_command_s.c.o[0m
[2.945s] [ 90%] [32m[1mLinking C shared library rosidl_generator_py/quadropted_msgs/libquadropted_msgs__rosidl_generator_py.so[0m
[2.982s] [ 90%] Built target quadropted_msgs__rosidl_generator_py
[3.004s] [ 92%] [32mBuilding C object CMakeFiles/quadropted_msgs__rosidl_typesupport_introspection_c__pyext.dir/rosidl_generator_py/quadropted_msgs/_quadropted_msgs_s.ep.rosidl_typesupport_introspection_c.c.o[0m
[3.004s] [ 93%] [32mBuilding C object CMakeFiles/quadropted_msgs__rosidl_typesupport_fastrtps_c__pyext.dir/rosidl_generator_py/quadropted_msgs/_quadropted_msgs_s.ep.rosidl_typesupport_fastrtps_c.c.o[0m
[3.004s] [ 95%] [32mBuilding C object CMakeFiles/quadropted_msgs__rosidl_typesupport_c__pyext.dir/rosidl_generator_py/quadropted_msgs/_quadropted_msgs_s.ep.rosidl_typesupport_c.c.o[0m
[3.069s] [100%] [32m[1mLinking C shared library rosidl_generator_py/quadropted_msgs/quadropted_msgs_s__rosidl_typesupport_c.cpython-310-x86_64-linux-gnu.so[0m
[3.069s] [100%] [32m[1mLinking C shared library rosidl_generator_py/quadropted_msgs/quadropted_msgs_s__rosidl_typesupport_introspection_c.cpython-310-x86_64-linux-gnu.so[0m
[3.069s] [100%] [32m[1mLinking C shared library rosidl_generator_py/quadropted_msgs/quadropted_msgs_s__rosidl_typesupport_fastrtps_c.cpython-310-x86_64-linux-gnu.so[0m
[3.101s] [100%] Built target quadropted_msgs__rosidl_typesupport_fastrtps_c__pyext
[3.101s] [100%] Built target quadropted_msgs__rosidl_typesupport_c__pyext
[3.102s] [100%] Built target quadropted_msgs__rosidl_typesupport_introspection_c__pyext
[3.111s] Invoked command in '/home/huahua/project/go2_sim_ws/build/quadropted_msgs' returned '0': CMAKE_PREFIX_PATH=/opt/ros/humble /usr/bin/cmake --build /home/huahua/project/go2_sim_ws/build/quadropted_msgs -- -j20 -l20
[3.112s] Invoking command in '/home/huahua/project/go2_sim_ws/build/quadropted_msgs': CMAKE_PREFIX_PATH=/opt/ros/humble /usr/bin/cmake --install /home/huahua/project/go2_sim_ws/build/quadropted_msgs
[3.120s] -- Install configuration: ""
[3.120s] -- Installing: /home/huahua/project/go2_sim_ws/install/quadropted_msgs/share/ament_index/resource_index/rosidl_interfaces/quadropted_msgs
[3.120s] -- Installing: /home/huahua/project/go2_sim_ws/install/quadropted_msgs/include/quadropted_msgs/quadropted_msgs
[3.120s] -- Installing: /home/huahua/project/go2_sim_ws/install/quadropted_msgs/include/quadropted_msgs/quadropted_msgs/srv
[3.121s] -- Installing: /home/huahua/project/go2_sim_ws/install/quadropted_msgs/include/quadropted_msgs/quadropted_msgs/srv/robot_behavior_command.h
[3.121s] -- Installing: /home/huahua/project/go2_sim_ws/install/quadropted_msgs/include/quadropted_msgs/quadropted_msgs/srv/detail
[3.121s] -- Installing: /home/huahua/project/go2_sim_ws/install/quadropted_msgs/include/quadropted_msgs/quadropted_msgs/srv/detail/robot_behavior_command__struct.h
[3.121s] -- Installing: /home/huahua/project/go2_sim_ws/install/quadropted_msgs/include/quadropted_msgs/quadropted_msgs/srv/detail/robot_behavior_command__type_support.h
[3.121s] -- Installing: /home/huahua/project/go2_sim_ws/install/quadropted_msgs/include/quadropted_msgs/quadropted_msgs/srv/detail/robot_behavior_command__functions.h
[3.121s] -- Installing: /home/huahua/project/go2_sim_ws/install/quadropted_msgs/include/quadropted_msgs/quadropted_msgs/srv/detail/robot_behavior_command__functions.c
[3.121s] -- Installing: /home/huahua/project/go2_sim_ws/install/quadropted_msgs/include/quadropted_msgs/quadropted_msgs/msg
[3.122s] -- Installing: /home/huahua/project/go2_sim_ws/install/quadropted_msgs/include/quadropted_msgs/quadropted_msgs/msg/robot_foot_contact.h
[3.122s] -- Installing: /home/huahua/project/go2_sim_ws/install/quadropted_msgs/include/quadropted_msgs/quadropted_msgs/msg/robot_mode_command.h
[3.122s] -- Installing: /home/huahua/project/go2_sim_ws/install/quadropted_msgs/include/quadropted_msgs/quadropted_msgs/msg/robot_velocity.h
[3.122s] -- Installing: /home/huahua/project/go2_sim_ws/install/quadropted_msgs/include/quadropted_msgs/quadropted_msgs/msg/detail
[3.122s] -- Installing: /home/huahua/project/go2_sim_ws/install/quadropted_msgs/include/quadropted_msgs/quadropted_msgs/msg/detail/robot_mode_command__type_support.h
[3.122s] -- Installing: /home/huahua/project/go2_sim_ws/install/quadropted_msgs/include/quadropted_msgs/quadropted_msgs/msg/detail/robot_gait_command__functions.c
[3.122s] -- Installing: /home/huahua/project/go2_sim_ws/install/quadropted_msgs/include/quadropted_msgs/quadropted_msgs/msg/detail/robot_foot_contact__functions.h
[3.122s] -- Installing: /home/huahua/project/go2_sim_ws/install/quadropted_msgs/include/quadropted_msgs/quadropted_msgs/msg/detail/robot_foot_contact__type_support.h
[3.122s] -- Installing: /home/huahua/project/go2_sim_ws/install/quadropted_msgs/include/quadropted_msgs/quadropted_msgs/msg/detail/robot_mode_command__functions.c
[3.123s] -- Installing: /home/huahua/project/go2_sim_ws/install/quadropted_msgs/include/quadropted_msgs/quadropted_msgs/msg/detail/robot_gait_command__functions.h
[3.123s] -- Installing: /home/huahua/project/go2_sim_ws/install/quadropted_msgs/include/quadropted_msgs/quadropted_msgs/msg/detail/robot_foot_contact__functions.c
[3.123s] -- Installing: /home/huahua/project/go2_sim_ws/install/quadropted_msgs/include/quadropted_msgs/quadropted_msgs/msg/detail/robot_velocity__struct.h
[3.123s] -- Installing: /home/huahua/project/go2_sim_ws/install/quadropted_msgs/include/quadropted_msgs/quadropted_msgs/msg/detail/robot_velocity__functions.c
[3.123s] -- Installing: /home/huahua/project/go2_sim_ws/install/quadropted_msgs/include/quadropted_msgs/quadropted_msgs/msg/detail/robot_velocity__type_support.h
[3.123s] -- Installing: /home/huahua/project/go2_sim_ws/install/quadropted_msgs/include/quadropted_msgs/quadropted_msgs/msg/detail/robot_velocity__functions.h
[3.123s] -- Installing: /home/huahua/project/go2_sim_ws/install/quadropted_msgs/include/quadropted_msgs/quadropted_msgs/msg/detail/robot_foot_contact__struct.h
[3.123s] -- Installing: /home/huahua/project/go2_sim_ws/install/quadropted_msgs/include/quadropted_msgs/quadropted_msgs/msg/detail/robot_mode_command__struct.h
[3.123s] -- Installing: /home/huahua/project/go2_sim_ws/install/quadropted_msgs/include/quadropted_msgs/quadropted_msgs/msg/detail/robot_gait_command__type_support.h
[3.123s] -- Installing: /home/huahua/project/go2_sim_ws/install/quadropted_msgs/include/quadropted_msgs/quadropted_msgs/msg/detail/robot_mode_command__functions.h
[3.123s] -- Installing: /home/huahua/project/go2_sim_ws/install/quadropted_msgs/include/quadropted_msgs/quadropted_msgs/msg/detail/robot_gait_command__struct.h
[3.124s] -- Installing: /home/huahua/project/go2_sim_ws/install/quadropted_msgs/include/quadropted_msgs/quadropted_msgs/msg/robot_gait_command.h
[3.124s] -- Installing: /home/huahua/project/go2_sim_ws/install/quadropted_msgs/include/quadropted_msgs/quadropted_msgs/msg/rosidl_generator_c__visibility_control.h
[3.124s] -- Installing: /home/huahua/project/go2_sim_ws/install/quadropted_msgs/share/quadropted_msgs/environment/library_path.sh
[3.124s] -- Installing: /home/huahua/project/go2_sim_ws/install/quadropted_msgs/share/quadropted_msgs/environment/library_path.dsv
[3.124s] -- Installing: /home/huahua/project/go2_sim_ws/install/quadropted_msgs/lib/libquadropted_msgs__rosidl_generator_c.so
[3.124s] -- Set runtime path of "/home/huahua/project/go2_sim_ws/install/quadropted_msgs/lib/libquadropted_msgs__rosidl_generator_c.so" to ""
[3.124s] -- Up-to-date: /home/huahua/project/go2_sim_ws/install/quadropted_msgs/include/quadropted_msgs/quadropted_msgs
[3.124s] -- Up-to-date: /home/huahua/project/go2_sim_ws/install/quadropted_msgs/include/quadropted_msgs/quadropted_msgs/srv
[3.124s] -- Up-to-date: /home/huahua/project/go2_sim_ws/install/quadropted_msgs/include/quadropted_msgs/quadropted_msgs/srv/detail
[3.124s] -- Installing: /home/huahua/project/go2_sim_ws/install/quadropted_msgs/include/quadropted_msgs/quadropted_msgs/srv/detail/robot_behavior_command__rosidl_typesupport_fastrtps_c.h
[3.124s] -- Up-to-date: /home/huahua/project/go2_sim_ws/install/quadropted_msgs/include/quadropted_msgs/quadropted_msgs/msg
[3.124s] -- Installing: /home/huahua/project/go2_sim_ws/install/quadropted_msgs/include/quadropted_msgs/quadropted_msgs/msg/rosidl_typesupport_fastrtps_c__visibility_control.h
[3.124s] -- Up-to-date: /home/huahua/project/go2_sim_ws/install/quadropted_msgs/include/quadropted_msgs/quadropted_msgs/msg/detail
[3.124s] -- Installing: /home/huahua/project/go2_sim_ws/install/quadropted_msgs/include/quadropted_msgs/quadropted_msgs/msg/detail/robot_velocity__rosidl_typesupport_fastrtps_c.h
[3.124s] -- Installing: /home/huahua/project/go2_sim_ws/install/quadropted_msgs/include/quadropted_msgs/quadropted_msgs/msg/detail/robot_mode_command__rosidl_typesupport_fastrtps_c.h
[3.124s] -- Installing: /home/huahua/project/go2_sim_ws/install/quadropted_msgs/include/quadropted_msgs/quadropted_msgs/msg/detail/robot_foot_contact__rosidl_typesupport_fastrtps_c.h
[3.124s] -- Installing: /home/huahua/project/go2_sim_ws/install/quadropted_msgs/include/quadropted_msgs/quadropted_msgs/msg/detail/robot_gait_command__rosidl_typesupport_fastrtps_c.h
[3.124s] -- Installing: /home/huahua/project/go2_sim_ws/install/quadropted_msgs/lib/libquadropted_msgs__rosidl_typesupport_fastrtps_c.so
[3.125s] -- Set runtime path of "/home/huahua/project/go2_sim_ws/install/quadropted_msgs/lib/libquadropted_msgs__rosidl_typesupport_fastrtps_c.so" to ""
[3.125s] -- Up-to-date: /home/huahua/project/go2_sim_ws/install/quadropted_msgs/include/quadropted_msgs/quadropted_msgs
[3.125s] -- Up-to-date: /home/huahua/project/go2_sim_ws/install/quadropted_msgs/include/quadropted_msgs/quadropted_msgs/srv
[3.125s] -- Installing: /home/huahua/project/go2_sim_ws/install/quadropted_msgs/include/quadropted_msgs/quadropted_msgs/srv/robot_behavior_command.hpp
[3.125s] -- Up-to-date: /home/huahua/project/go2_sim_ws/install/quadropted_msgs/include/quadropted_msgs/quadropted_msgs/srv/detail
[3.125s] -- Installing: /home/huahua/project/go2_sim_ws/install/quadropted_msgs/include/quadropted_msgs/quadropted_msgs/srv/detail/robot_behavior_command__type_support.hpp
[3.125s] -- Installing: /home/huahua/project/go2_sim_ws/install/quadropted_msgs/include/quadropted_msgs/quadropted_msgs/srv/detail/robot_behavior_command__traits.hpp
[3.125s] -- Installing: /home/huahua/project/go2_sim_ws/install/quadropted_msgs/include/quadropted_msgs/quadropted_msgs/srv/detail/robot_behavior_command__struct.hpp
[3.125s] -- Installing: /home/huahua/project/go2_sim_ws/install/quadropted_msgs/include/quadropted_msgs/quadropted_msgs/srv/detail/robot_behavior_command__builder.hpp
[3.125s] -- Up-to-date: /home/huahua/project/go2_sim_ws/install/quadropted_msgs/include/quadropted_msgs/quadropted_msgs/msg
[3.125s] -- Installing: /home/huahua/project/go2_sim_ws/install/quadropted_msgs/include/quadropted_msgs/quadropted_msgs/msg/robot_mode_command.hpp
[3.125s] -- Up-to-date: /home/huahua/project/go2_sim_ws/install/quadropted_msgs/include/quadropted_msgs/quadropted_msgs/msg/detail
[3.125s] -- Installing: /home/huahua/project/go2_sim_ws/install/quadropted_msgs/include/quadropted_msgs/quadropted_msgs/msg/detail/robot_gait_command__struct.hpp
[3.125s] -- Installing: /home/huahua/project/go2_sim_ws/install/quadropted_msgs/include/quadropted_msgs/quadropted_msgs/msg/detail/robot_foot_contact__type_support.hpp
[3.125s] -- Installing: /home/huahua/project/go2_sim_ws/install/quadropted_msgs/include/quadropted_msgs/quadropted_msgs/msg/detail/robot_velocity__builder.hpp
[3.125s] -- Installing: /home/huahua/project/go2_sim_ws/install/quadropted_msgs/include/quadropted_msgs/quadropted_msgs/msg/detail/robot_mode_command__struct.hpp
[3.125s] -- Installing: /home/huahua/project/go2_sim_ws/install/quadropted_msgs/include/quadropted_msgs/quadropted_msgs/msg/detail/robot_mode_command__traits.hpp
[3.125s] -- Installing: /home/huahua/project/go2_sim_ws/install/quadropted_msgs/include/quadropted_msgs/quadropted_msgs/msg/detail/robot_gait_command__builder.hpp
[3.126s] -- Installing: /home/huahua/project/go2_sim_ws/install/quadropted_msgs/include/quadropted_msgs/quadropted_msgs/msg/detail/robot_velocity__struct.hpp
[3.126s] -- Installing: /home/huahua/project/go2_sim_ws/install/quadropted_msgs/include/quadropted_msgs/quadropted_msgs/msg/detail/robot_foot_contact__struct.hpp
[3.126s] -- Installing: /home/huahua/project/go2_sim_ws/install/quadropted_msgs/include/quadropted_msgs/quadropted_msgs/msg/detail/robot_foot_contact__traits.hpp
[3.126s] -- Installing: /home/huahua/project/go2_sim_ws/install/quadropted_msgs/include/quadropted_msgs/quadropted_msgs/msg/detail/robot_velocity__traits.hpp
[3.126s] -- Installing: /home/huahua/project/go2_sim_ws/install/quadropted_msgs/include/quadropted_msgs/quadropted_msgs/msg/detail/robot_mode_command__type_support.hpp
[3.126s] -- Installing: /home/huahua/project/go2_sim_ws/install/quadropted_msgs/include/quadropted_msgs/quadropted_msgs/msg/detail/robot_gait_command__type_support.hpp
[3.126s] -- Installing: /home/huahua/project/go2_sim_ws/install/quadropted_msgs/include/quadropted_msgs/quadropted_msgs/msg/detail/robot_foot_contact__builder.hpp
[3.126s] -- Installing: /home/huahua/project/go2_sim_ws/install/quadropted_msgs/include/quadropted_msgs/quadropted_msgs/msg/detail/robot_mode_command__builder.hpp
[3.126s] -- Installing: /home/huahua/project/go2_sim_ws/install/quadropted_msgs/include/quadropted_msgs/quadropted_msgs/msg/detail/robot_velocity__type_support.hpp
[3.126s] -- Installing: /home/huahua/project/go2_sim_ws/install/quadropted_msgs/include/quadropted_msgs/quadropted_msgs/msg/detail/robot_gait_command__traits.hpp
[3.126s] -- Installing: /home/huahua/project/go2_sim_ws/install/quadropted_msgs/include/quadropted_msgs/quadropted_msgs/msg/rosidl_generator_cpp__visibility_control.hpp
[3.126s] -- Installing: /home/huahua/project/go2_sim_ws/install/quadropted_msgs/include/quadropted_msgs/quadropted_msgs/msg/robot_gait_command.hpp
[3.126s] -- Installing: /home/huahua/project/go2_sim_ws/install/quadropted_msgs/include/quadropted_msgs/quadropted_msgs/msg/robot_velocity.hpp
[3.126s] -- Installing: /home/huahua/project/go2_sim_ws/install/quadropted_msgs/include/quadropted_msgs/quadropted_msgs/msg/robot_foot_contact.hpp
[3.126s] -- Up-to-date: /home/huahua/project/go2_sim_ws/install/quadropted_msgs/include/quadropted_msgs/quadropted_msgs
[3.126s] -- Up-to-date: /home/huahua/project/go2_sim_ws/install/quadropted_msgs/include/quadropted_msgs/quadropted_msgs/srv
[3.126s] -- Up-to-date: /home/huahua/project/go2_sim_ws/install/quadropted_msgs/include/quadropted_msgs/quadropted_msgs/srv/detail
[3.126s] -- Installing: /home/huahua/project/go2_sim_ws/install/quadropted_msgs/include/quadropted_msgs/quadropted_msgs/srv/detail/dds_fastrtps
[3.126s] -- Installing: /home/huahua/project/go2_sim_ws/install/quadropted_msgs/include/quadropted_msgs/quadropted_msgs/srv/detail/robot_behavior_command__rosidl_typesupport_fastrtps_cpp.hpp
[3.127s] -- Up-to-date: /home/huahua/project/go2_sim_ws/install/quadropted_msgs/include/quadropted_msgs/quadropted_msgs/msg
[3.127s] -- Installing: /home/huahua/project/go2_sim_ws/install/quadropted_msgs/include/quadropted_msgs/quadropted_msgs/msg/rosidl_typesupport_fastrtps_cpp__visibility_control.h
[3.127s] -- Up-to-date: /home/huahua/project/go2_sim_ws/install/quadropted_msgs/include/quadropted_msgs/quadropted_msgs/msg/detail
[3.127s] -- Installing: /home/huahua/project/go2_sim_ws/install/quadropted_msgs/include/quadropted_msgs/quadropted_msgs/msg/detail/robot_velocity__rosidl_typesupport_fastrtps_cpp.hpp
[3.127s] -- Installing: /home/huahua/project/go2_sim_ws/install/quadropted_msgs/include/quadropted_msgs/quadropted_msgs/msg/detail/dds_fastrtps
[3.127s] -- Installing: /home/huahua/project/go2_sim_ws/install/quadropted_msgs/include/quadropted_msgs/quadropted_msgs/msg/detail/robot_foot_contact__rosidl_typesupport_fastrtps_cpp.hpp
[3.127s] -- Installing: /home/huahua/project/go2_sim_ws/install/quadropted_msgs/include/quadropted_msgs/quadropted_msgs/msg/detail/robot_gait_command__rosidl_typesupport_fastrtps_cpp.hpp
[3.127s] -- Installing: /home/huahua/project/go2_sim_ws/install/quadropted_msgs/include/quadropted_msgs/quadropted_msgs/msg/detail/robot_mode_command__rosidl_typesupport_fastrtps_cpp.hpp
[3.127s] -- Installing: /home/huahua/project/go2_sim_ws/install/quadropted_msgs/lib/libquadropted_msgs__rosidl_typesupport_fastrtps_cpp.so
[3.127s] -- Set runtime path of "/home/huahua/project/go2_sim_ws/install/quadropted_msgs/lib/libquadropted_msgs__rosidl_typesupport_fastrtps_cpp.so" to ""
[3.127s] -- Up-to-date: /home/huahua/project/go2_sim_ws/install/quadropted_msgs/include/quadropted_msgs/quadropted_msgs
[3.127s] -- Up-to-date: /home/huahua/project/go2_sim_ws/install/quadropted_msgs/include/quadropted_msgs/quadropted_msgs/srv
[3.127s] -- Up-to-date: /home/huahua/project/go2_sim_ws/install/quadropted_msgs/include/quadropted_msgs/quadropted_msgs/srv/detail
[3.127s] -- Installing: /home/huahua/project/go2_sim_ws/install/quadropted_msgs/include/quadropted_msgs/quadropted_msgs/srv/detail/robot_behavior_command__type_support.c
[3.127s] -- Installing: /home/huahua/project/go2_sim_ws/install/quadropted_msgs/include/quadropted_msgs/quadropted_msgs/srv/detail/robot_behavior_command__rosidl_typesupport_introspection_c.h
[3.127s] -- Up-to-date: /home/huahua/project/go2_sim_ws/install/quadropted_msgs/include/quadropted_msgs/quadropted_msgs/msg
[3.127s] -- Installing: /home/huahua/project/go2_sim_ws/install/quadropted_msgs/include/quadropted_msgs/quadropted_msgs/msg/rosidl_typesupport_introspection_c__visibility_control.h
[3.127s] -- Up-to-date: /home/huahua/project/go2_sim_ws/install/quadropted_msgs/include/quadropted_msgs/quadropted_msgs/msg/detail
[3.127s] -- Installing: /home/huahua/project/go2_sim_ws/install/quadropted_msgs/include/quadropted_msgs/quadropted_msgs/msg/detail/robot_velocity__rosidl_typesupport_introspection_c.h
[3.127s] -- Installing: /home/huahua/project/go2_sim_ws/install/quadropted_msgs/include/quadropted_msgs/quadropted_msgs/msg/detail/robot_velocity__type_support.c
[3.127s] -- Installing: /home/huahua/project/go2_sim_ws/install/quadropted_msgs/include/quadropted_msgs/quadropted_msgs/msg/detail/robot_mode_command__rosidl_typesupport_introspection_c.h
[3.127s] -- Installing: /home/huahua/project/go2_sim_ws/install/quadropted_msgs/include/quadropted_msgs/quadropted_msgs/msg/detail/robot_foot_contact__rosidl_typesupport_introspection_c.h
[3.128s] -- Installing: /home/huahua/project/go2_sim_ws/install/quadropted_msgs/include/quadropted_msgs/quadropted_msgs/msg/detail/robot_mode_command__type_support.c
[3.128s] -- Installing: /home/huahua/project/go2_sim_ws/install/quadropted_msgs/include/quadropted_msgs/quadropted_msgs/msg/detail/robot_gait_command__rosidl_typesupport_introspection_c.h
[3.128s] -- Installing: /home/huahua/project/go2_sim_ws/install/quadropted_msgs/include/quadropted_msgs/quadropted_msgs/msg/detail/robot_foot_contact__type_support.c
[3.128s] -- Installing: /home/huahua/project/go2_sim_ws/install/quadropted_msgs/include/quadropted_msgs/quadropted_msgs/msg/detail/robot_gait_command__type_support.c
[3.128s] -- Installing: /home/huahua/project/go2_sim_ws/install/quadropted_msgs/lib/libquadropted_msgs__rosidl_typesupport_introspection_c.so
[3.128s] -- Set runtime path of "/home/huahua/project/go2_sim_ws/install/quadropted_msgs/lib/libquadropted_msgs__rosidl_typesupport_introspection_c.so" to ""
[3.128s] -- Installing: /home/huahua/project/go2_sim_ws/install/quadropted_msgs/lib/libquadropted_msgs__rosidl_typesupport_c.so
[3.128s] -- Set runtime path of "/home/huahua/project/go2_sim_ws/install/quadropted_msgs/lib/libquadropted_msgs__rosidl_typesupport_c.so" to ""
[3.128s] -- Up-to-date: /home/huahua/project/go2_sim_ws/install/quadropted_msgs/include/quadropted_msgs/quadropted_msgs
[3.128s] -- Up-to-date: /home/huahua/project/go2_sim_ws/install/quadropted_msgs/include/quadropted_msgs/quadropted_msgs/srv
[3.128s] -- Up-to-date: /home/huahua/project/go2_sim_ws/install/quadropted_msgs/include/quadropted_msgs/quadropted_msgs/srv/detail
[3.128s] -- Installing: /home/huahua/project/go2_sim_ws/install/quadropted_msgs/include/quadropted_msgs/quadropted_msgs/srv/detail/robot_behavior_command__rosidl_typesupport_introspection_cpp.hpp
[3.128s] -- Installing: /home/huahua/project/go2_sim_ws/install/quadropted_msgs/include/quadropted_msgs/quadropted_msgs/srv/detail/robot_behavior_command__type_support.cpp
[3.128s] -- Up-to-date: /home/huahua/project/go2_sim_ws/install/quadropted_msgs/include/quadropted_msgs/quadropted_msgs/msg
[3.128s] -- Up-to-date: /home/huahua/project/go2_sim_ws/install/quadropted_msgs/include/quadropted_msgs/quadropted_msgs/msg/detail
[3.128s] -- Installing: /home/huahua/project/go2_sim_ws/install/quadropted_msgs/include/quadropted_msgs/quadropted_msgs/msg/detail/robot_velocity__type_support.cpp
[3.128s] -- Installing: /home/huahua/project/go2_sim_ws/install/quadropted_msgs/include/quadropted_msgs/quadropted_msgs/msg/detail/robot_foot_contact__type_support.cpp
[3.128s] -- Installing: /home/huahua/project/go2_sim_ws/install/quadropted_msgs/include/quadropted_msgs/quadropted_msgs/msg/detail/robot_mode_command__type_support.cpp
[3.128s] -- Installing: /home/huahua/project/go2_sim_ws/install/quadropted_msgs/include/quadropted_msgs/quadropted_msgs/msg/detail/robot_velocity__rosidl_typesupport_introspection_cpp.hpp
[3.128s] -- Installing: /home/huahua/project/go2_sim_ws/install/quadropted_msgs/include/quadropted_msgs/quadropted_msgs/msg/detail/robot_mode_command__rosidl_typesupport_introspection_cpp.hpp
[3.128s] -- Installing: /home/huahua/project/go2_sim_ws/install/quadropted_msgs/include/quadropted_msgs/quadropted_msgs/msg/detail/robot_foot_contact__rosidl_typesupport_introspection_cpp.hpp
[3.128s] -- Installing: /home/huahua/project/go2_sim_ws/install/quadropted_msgs/include/quadropted_msgs/quadropted_msgs/msg/detail/robot_gait_command__type_support.cpp
[3.128s] -- Installing: /home/huahua/project/go2_sim_ws/install/quadropted_msgs/include/quadropted_msgs/quadropted_msgs/msg/detail/robot_gait_command__rosidl_typesupport_introspection_cpp.hpp
[3.128s] -- Installing: /home/huahua/project/go2_sim_ws/install/quadropted_msgs/lib/libquadropted_msgs__rosidl_typesupport_introspection_cpp.so
[3.129s] -- Set runtime path of "/home/huahua/project/go2_sim_ws/install/quadropted_msgs/lib/libquadropted_msgs__rosidl_typesupport_introspection_cpp.so" to ""
[3.129s] -- Installing: /home/huahua/project/go2_sim_ws/install/quadropted_msgs/lib/libquadropted_msgs__rosidl_typesupport_cpp.so
[3.129s] -- Set runtime path of "/home/huahua/project/go2_sim_ws/install/quadropted_msgs/lib/libquadropted_msgs__rosidl_typesupport_cpp.so" to ""
[3.129s] -- Installing: /home/huahua/project/go2_sim_ws/install/quadropted_msgs/share/quadropted_msgs/environment/pythonpath.sh
[3.129s] -- Installing: /home/huahua/project/go2_sim_ws/install/quadropted_msgs/share/quadropted_msgs/environment/pythonpath.dsv
[3.129s] -- Installing: /home/huahua/project/go2_sim_ws/install/quadropted_msgs/local/lib/python3.10/dist-packages/quadropted_msgs-0.1.0-py3.10.egg-info
[3.129s] -- Installing: /home/huahua/project/go2_sim_ws/install/quadropted_msgs/local/lib/python3.10/dist-packages/quadropted_msgs-0.1.0-py3.10.egg-info/dependency_links.txt
[3.129s] -- Installing: /home/huahua/project/go2_sim_ws/install/quadropted_msgs/local/lib/python3.10/dist-packages/quadropted_msgs-0.1.0-py3.10.egg-info/PKG-INFO
[3.129s] -- Installing: /home/huahua/project/go2_sim_ws/install/quadropted_msgs/local/lib/python3.10/dist-packages/quadropted_msgs-0.1.0-py3.10.egg-info/top_level.txt
[3.129s] -- Installing: /home/huahua/project/go2_sim_ws/install/quadropted_msgs/local/lib/python3.10/dist-packages/quadropted_msgs-0.1.0-py3.10.egg-info/SOURCES.txt
[3.129s] -- Installing: /home/huahua/project/go2_sim_ws/install/quadropted_msgs/local/lib/python3.10/dist-packages/quadropted_msgs
[3.129s] -- Installing: /home/huahua/project/go2_sim_ws/install/quadropted_msgs/local/lib/python3.10/dist-packages/quadropted_msgs/quadropted_msgs_s__rosidl_typesupport_introspection_c.cpython-310-x86_64-linux-gnu.so
[3.129s] -- Installing: /home/huahua/project/go2_sim_ws/install/quadropted_msgs/local/lib/python3.10/dist-packages/quadropted_msgs/_quadropted_msgs_s.ep.rosidl_typesupport_c.c
[3.129s] -- Installing: /home/huahua/project/go2_sim_ws/install/quadropted_msgs/local/lib/python3.10/dist-packages/quadropted_msgs/quadropted_msgs_s__rosidl_typesupport_c.cpython-310-x86_64-linux-gnu.so
[3.129s] -- Installing: /home/huahua/project/go2_sim_ws/install/quadropted_msgs/local/lib/python3.10/dist-packages/quadropted_msgs/srv
[3.129s] -- Installing: /home/huahua/project/go2_sim_ws/install/quadropted_msgs/local/lib/python3.10/dist-packages/quadropted_msgs/srv/_robot_behavior_command_s.c
[3.129s] -- Installing: /home/huahua/project/go2_sim_ws/install/quadropted_msgs/local/lib/python3.10/dist-packages/quadropted_msgs/srv/__init__.py
[3.129s] -- Installing: /home/huahua/project/go2_sim_ws/install/quadropted_msgs/local/lib/python3.10/dist-packages/quadropted_msgs/srv/_robot_behavior_command.py
[3.129s] -- Installing: /home/huahua/project/go2_sim_ws/install/quadropted_msgs/local/lib/python3.10/dist-packages/quadropted_msgs/quadropted_msgs_s__rosidl_typesupport_fastrtps_c.cpython-310-x86_64-linux-gnu.so
[3.130s] -- Installing: /home/huahua/project/go2_sim_ws/install/quadropted_msgs/local/lib/python3.10/dist-packages/quadropted_msgs/_quadropted_msgs_s.ep.rosidl_typesupport_fastrtps_c.c
[3.130s] -- Installing: /home/huahua/project/go2_sim_ws/install/quadropted_msgs/local/lib/python3.10/dist-packages/quadropted_msgs/msg
[3.130s] -- Installing: /home/huahua/project/go2_sim_ws/install/quadropted_msgs/local/lib/python3.10/dist-packages/quadropted_msgs/msg/_robot_velocity_s.c
[3.130s] -- Installing: /home/huahua/project/go2_sim_ws/install/quadropted_msgs/local/lib/python3.10/dist-packages/quadropted_msgs/msg/_robot_velocity.py
[3.130s] -- Installing: /home/huahua/project/go2_sim_ws/install/quadropted_msgs/local/lib/python3.10/dist-packages/quadropted_msgs/msg/_robot_gait_command_s.c
[3.130s] -- Installing: /home/huahua/project/go2_sim_ws/install/quadropted_msgs/local/lib/python3.10/dist-packages/quadropted_msgs/msg/_robot_foot_contact.py
[3.130s] -- Installing: /home/huahua/project/go2_sim_ws/install/quadropted_msgs/local/lib/python3.10/dist-packages/quadropted_msgs/msg/_robot_foot_contact_s.c
[3.130s] -- Installing: /home/huahua/project/go2_sim_ws/install/quadropted_msgs/local/lib/python3.10/dist-packages/quadropted_msgs/msg/__init__.py
[3.130s] -- Installing: /home/huahua/project/go2_sim_ws/install/quadropted_msgs/local/lib/python3.10/dist-packages/quadropted_msgs/msg/_robot_gait_command.py
[3.130s] -- Installing: /home/huahua/project/go2_sim_ws/install/quadropted_msgs/local/lib/python3.10/dist-packages/quadropted_msgs/msg/_robot_mode_command_s.c
[3.130s] -- Installing: /home/huahua/project/go2_sim_ws/install/quadropted_msgs/local/lib/python3.10/dist-packages/quadropted_msgs/msg/_robot_mode_command.py
[3.130s] -- Installing: /home/huahua/project/go2_sim_ws/install/quadropted_msgs/local/lib/python3.10/dist-packages/quadropted_msgs/__init__.py
[3.130s] -- Installing: /home/huahua/project/go2_sim_ws/install/quadropted_msgs/local/lib/python3.10/dist-packages/quadropted_msgs/libquadropted_msgs__rosidl_generator_py.so
[3.130s] -- Installing: /home/huahua/project/go2_sim_ws/install/quadropted_msgs/local/lib/python3.10/dist-packages/quadropted_msgs/_quadropted_msgs_s.ep.rosidl_typesupport_introspection_c.c
[3.154s] Listing '/home/huahua/project/go2_sim_ws/install/quadropted_msgs/local/lib/python3.10/dist-packages/quadropted_msgs'...
[3.154s] Compiling '/home/huahua/project/go2_sim_ws/install/quadropted_msgs/local/lib/python3.10/dist-packages/quadropted_msgs/__init__.py'...
[3.154s] Listing '/home/huahua/project/go2_sim_ws/install/quadropted_msgs/local/lib/python3.10/dist-packages/quadropted_msgs/msg'...
[3.154s] Compiling '/home/huahua/project/go2_sim_ws/install/quadropted_msgs/local/lib/python3.10/dist-packages/quadropted_msgs/msg/__init__.py'...
[3.154s] Compiling '/home/huahua/project/go2_sim_ws/install/quadropted_msgs/local/lib/python3.10/dist-packages/quadropted_msgs/msg/_robot_foot_contact.py'...
[3.154s] Compiling '/home/huahua/project/go2_sim_ws/install/quadropted_msgs/local/lib/python3.10/dist-packages/quadropted_msgs/msg/_robot_gait_command.py'...
[3.154s] Compiling '/home/huahua/project/go2_sim_ws/install/quadropted_msgs/local/lib/python3.10/dist-packages/quadropted_msgs/msg/_robot_mode_command.py'...
[3.154s] Compiling '/home/huahua/project/go2_sim_ws/install/quadropted_msgs/local/lib/python3.10/dist-packages/quadropted_msgs/msg/_robot_velocity.py'...
[3.154s] Listing '/home/huahua/project/go2_sim_ws/install/quadropted_msgs/local/lib/python3.10/dist-packages/quadropted_msgs/srv'...
[3.154s] Compiling '/home/huahua/project/go2_sim_ws/install/quadropted_msgs/local/lib/python3.10/dist-packages/quadropted_msgs/srv/__init__.py'...
[3.154s] Compiling '/home/huahua/project/go2_sim_ws/install/quadropted_msgs/local/lib/python3.10/dist-packages/quadropted_msgs/srv/_robot_behavior_command.py'...
[3.157s] -- Installing: /home/huahua/project/go2_sim_ws/install/quadropted_msgs/local/lib/python3.10/dist-packages/quadropted_msgs/quadropted_msgs_s__rosidl_typesupport_fastrtps_c.cpython-310-x86_64-linux-gnu.so
[3.157s] -- Set runtime path of "/home/huahua/project/go2_sim_ws/install/quadropted_msgs/local/lib/python3.10/dist-packages/quadropted_msgs/quadropted_msgs_s__rosidl_typesupport_fastrtps_c.cpython-310-x86_64-linux-gnu.so" to ""
[3.157s] -- Installing: /home/huahua/project/go2_sim_ws/install/quadropted_msgs/local/lib/python3.10/dist-packages/quadropted_msgs/quadropted_msgs_s__rosidl_typesupport_introspection_c.cpython-310-x86_64-linux-gnu.so
[3.157s] -- Set runtime path of "/home/huahua/project/go2_sim_ws/install/quadropted_msgs/local/lib/python3.10/dist-packages/quadropted_msgs/quadropted_msgs_s__rosidl_typesupport_introspection_c.cpython-310-x86_64-linux-gnu.so" to ""
[3.157s] -- Installing: /home/huahua/project/go2_sim_ws/install/quadropted_msgs/local/lib/python3.10/dist-packages/quadropted_msgs/quadropted_msgs_s__rosidl_typesupport_c.cpython-310-x86_64-linux-gnu.so
[3.157s] -- Set runtime path of "/home/huahua/project/go2_sim_ws/install/quadropted_msgs/local/lib/python3.10/dist-packages/quadropted_msgs/quadropted_msgs_s__rosidl_typesupport_c.cpython-310-x86_64-linux-gnu.so" to ""
[3.157s] -- Installing: /home/huahua/project/go2_sim_ws/install/quadropted_msgs/lib/libquadropted_msgs__rosidl_generator_py.so
[3.157s] -- Set runtime path of "/home/huahua/project/go2_sim_ws/install/quadropted_msgs/lib/libquadropted_msgs__rosidl_generator_py.so" to ""
[3.157s] -- Installing: /home/huahua/project/go2_sim_ws/install/quadropted_msgs/share/quadropted_msgs/msg/RobotVelocity.idl
[3.158s] -- Installing: /home/huahua/project/go2_sim_ws/install/quadropted_msgs/share/quadropted_msgs/msg/RobotGaitCommand.idl
[3.158s] -- Installing: /home/huahua/project/go2_sim_ws/install/quadropted_msgs/share/quadropted_msgs/msg/RobotModeCommand.idl
[3.158s] -- Installing: /home/huahua/project/go2_sim_ws/install/quadropted_msgs/share/quadropted_msgs/msg/RobotFootContact.idl
[3.158s] -- Installing: /home/huahua/project/go2_sim_ws/install/quadropted_msgs/share/quadropted_msgs/srv/RobotBehaviorCommand.idl
[3.158s] -- Installing: /home/huahua/project/go2_sim_ws/install/quadropted_msgs/share/quadropted_msgs/msg/RobotVelocity.msg
[3.158s] -- Installing: /home/huahua/project/go2_sim_ws/install/quadropted_msgs/share/quadropted_msgs/msg/RobotGaitCommand.msg
[3.158s] -- Installing: /home/huahua/project/go2_sim_ws/install/quadropted_msgs/share/quadropted_msgs/msg/RobotModeCommand.msg
[3.158s] -- Installing: /home/huahua/project/go2_sim_ws/install/quadropted_msgs/share/quadropted_msgs/msg/RobotFootContact.msg
[3.158s] -- Installing: /home/huahua/project/go2_sim_ws/install/quadropted_msgs/share/quadropted_msgs/srv/RobotBehaviorCommand.srv
[3.158s] -- Installing: /home/huahua/project/go2_sim_ws/install/quadropted_msgs/share/quadropted_msgs/srv/RobotBehaviorCommand_Request.msg
[3.158s] -- Installing: /home/huahua/project/go2_sim_ws/install/quadropted_msgs/share/quadropted_msgs/srv/RobotBehaviorCommand_Response.msg
[3.158s] -- Installing: /home/huahua/project/go2_sim_ws/install/quadropted_msgs/share/ament_index/resource_index/package_run_dependencies/quadropted_msgs
[3.158s] -- Installing: /home/huahua/project/go2_sim_ws/install/quadropted_msgs/share/ament_index/resource_index/parent_prefix_path/quadropted_msgs
[3.158s] -- Installing: /home/huahua/project/go2_sim_ws/install/quadropted_msgs/share/quadropted_msgs/environment/ament_prefix_path.sh
[3.158s] -- Installing: /home/huahua/project/go2_sim_ws/install/quadropted_msgs/share/quadropted_msgs/environment/ament_prefix_path.dsv
[3.158s] -- Installing: /home/huahua/project/go2_sim_ws/install/quadropted_msgs/share/quadropted_msgs/environment/path.sh
[3.158s] -- Installing: /home/huahua/project/go2_sim_ws/install/quadropted_msgs/share/quadropted_msgs/environment/path.dsv
[3.158s] -- Installing: /home/huahua/project/go2_sim_ws/install/quadropted_msgs/share/quadropted_msgs/local_setup.bash
[3.159s] -- Installing: /home/huahua/project/go2_sim_ws/install/quadropted_msgs/share/quadropted_msgs/local_setup.sh
[3.159s] -- Installing: /home/huahua/project/go2_sim_ws/install/quadropted_msgs/share/quadropted_msgs/local_setup.zsh
[3.159s] -- Installing: /home/huahua/project/go2_sim_ws/install/quadropted_msgs/share/quadropted_msgs/local_setup.dsv
[3.159s] -- Installing: /home/huahua/project/go2_sim_ws/install/quadropted_msgs/share/quadropted_msgs/package.dsv
[3.159s] -- Installing: /home/huahua/project/go2_sim_ws/install/quadropted_msgs/share/ament_index/resource_index/packages/quadropted_msgs
[3.159s] -- Installing: /home/huahua/project/go2_sim_ws/install/quadropted_msgs/share/quadropted_msgs/cmake/export_quadropted_msgs__rosidl_generator_cExport.cmake
[3.159s] -- Installing: /home/huahua/project/go2_sim_ws/install/quadropted_msgs/share/quadropted_msgs/cmake/export_quadropted_msgs__rosidl_generator_cExport-noconfig.cmake
[3.159s] -- Installing: /home/huahua/project/go2_sim_ws/install/quadropted_msgs/share/quadropted_msgs/cmake/export_quadropted_msgs__rosidl_typesupport_fastrtps_cExport.cmake
[3.159s] -- Installing: /home/huahua/project/go2_sim_ws/install/quadropted_msgs/share/quadropted_msgs/cmake/export_quadropted_msgs__rosidl_typesupport_fastrtps_cExport-noconfig.cmake
[3.159s] -- Installing: /home/huahua/project/go2_sim_ws/install/quadropted_msgs/share/quadropted_msgs/cmake/export_quadropted_msgs__rosidl_generator_cppExport.cmake
[3.159s] -- Installing: /home/huahua/project/go2_sim_ws/install/quadropted_msgs/share/quadropted_msgs/cmake/export_quadropted_msgs__rosidl_typesupport_fastrtps_cppExport.cmake
[3.159s] -- Installing: /home/huahua/project/go2_sim_ws/install/quadropted_msgs/share/quadropted_msgs/cmake/export_quadropted_msgs__rosidl_typesupport_fastrtps_cppExport-noconfig.cmake
[3.159s] -- Installing: /home/huahua/project/go2_sim_ws/install/quadropted_msgs/share/quadropted_msgs/cmake/quadropted_msgs__rosidl_typesupport_introspection_cExport.cmake
[3.159s] -- Installing: /home/huahua/project/go2_sim_ws/install/quadropted_msgs/share/quadropted_msgs/cmake/quadropted_msgs__rosidl_typesupport_introspection_cExport-noconfig.cmake
[3.159s] -- Installing: /home/huahua/project/go2_sim_ws/install/quadropted_msgs/share/quadropted_msgs/cmake/quadropted_msgs__rosidl_typesupport_cExport.cmake
[3.159s] -- Installing: /home/huahua/project/go2_sim_ws/install/quadropted_msgs/share/quadropted_msgs/cmake/quadropted_msgs__rosidl_typesupport_cExport-noconfig.cmake
[3.159s] -- Installing: /home/huahua/project/go2_sim_ws/install/quadropted_msgs/share/quadropted_msgs/cmake/quadropted_msgs__rosidl_typesupport_introspection_cppExport.cmake
[3.159s] -- Installing: /home/huahua/project/go2_sim_ws/install/quadropted_msgs/share/quadropted_msgs/cmake/quadropted_msgs__rosidl_typesupport_introspection_cppExport-noconfig.cmake
[3.160s] -- Installing: /home/huahua/project/go2_sim_ws/install/quadropted_msgs/share/quadropted_msgs/cmake/quadropted_msgs__rosidl_typesupport_cppExport.cmake
[3.160s] -- Installing: /home/huahua/project/go2_sim_ws/install/quadropted_msgs/share/quadropted_msgs/cmake/quadropted_msgs__rosidl_typesupport_cppExport-noconfig.cmake
[3.160s] -- Installing: /home/huahua/project/go2_sim_ws/install/quadropted_msgs/share/quadropted_msgs/cmake/export_quadropted_msgs__rosidl_generator_pyExport.cmake
[3.160s] -- Installing: /home/huahua/project/go2_sim_ws/install/quadropted_msgs/share/quadropted_msgs/cmake/export_quadropted_msgs__rosidl_generator_pyExport-noconfig.cmake
[3.160s] -- Installing: /home/huahua/project/go2_sim_ws/install/quadropted_msgs/share/quadropted_msgs/cmake/rosidl_cmake-extras.cmake
[3.160s] -- Installing: /home/huahua/project/go2_sim_ws/install/quadropted_msgs/share/quadropted_msgs/cmake/ament_cmake_export_dependencies-extras.cmake
[3.160s] -- Installing: /home/huahua/project/go2_sim_ws/install/quadropted_msgs/share/quadropted_msgs/cmake/ament_cmake_export_include_directories-extras.cmake
[3.160s] -- Installing: /home/huahua/project/go2_sim_ws/install/quadropted_msgs/share/quadropted_msgs/cmake/ament_cmake_export_libraries-extras.cmake
[3.160s] -- Installing: /home/huahua/project/go2_sim_ws/install/quadropted_msgs/share/quadropted_msgs/cmake/ament_cmake_export_targets-extras.cmake
[3.160s] -- Installing: /home/huahua/project/go2_sim_ws/install/quadropted_msgs/share/quadropted_msgs/cmake/rosidl_cmake_export_typesupport_targets-extras.cmake
[3.160s] -- Installing: /home/huahua/project/go2_sim_ws/install/quadropted_msgs/share/quadropted_msgs/cmake/rosidl_cmake_export_typesupport_libraries-extras.cmake
[3.160s] -- Installing: /home/huahua/project/go2_sim_ws/install/quadropted_msgs/share/quadropted_msgs/cmake/quadropted_msgsConfig.cmake
[3.160s] -- Installing: /home/huahua/project/go2_sim_ws/install/quadropted_msgs/share/quadropted_msgs/cmake/quadropted_msgsConfig-version.cmake
[3.160s] -- Installing: /home/huahua/project/go2_sim_ws/install/quadropted_msgs/share/quadropted_msgs/package.xml
[3.161s] Invoked command in '/home/huahua/project/go2_sim_ws/build/quadropted_msgs' returned '0': CMAKE_PREFIX_PATH=/opt/ros/humble /usr/bin/cmake --install /home/huahua/project/go2_sim_ws/build/quadropted_msgs
