[0.009s] Invoking command in '/home/huahua/project/go2_sim_ws/build/go1_description': CMAKE_PREFIX_PATH=/opt/ros/humble /usr/bin/cmake /home/huahua/project/go2_sim_ws/src/go1_description -DCMAKE_INSTALL_PREFIX=/home/huahua/project/go2_sim_ws/install/go1_description
[0.046s] -- The C compiler identification is GNU 11.4.0
[0.082s] -- The CXX compiler identification is GNU 11.4.0
[0.086s] -- Detecting C compiler ABI info
[0.129s] -- Detecting C compiler ABI info - done
[0.134s] -- Check for working C compiler: /usr/bin/cc - skipped
[0.134s] -- Detecting C compile features
[0.134s] -- Detecting C compile features - done
[0.136s] -- Detecting CXX compiler ABI info
[0.185s] -- Detecting CXX compiler ABI info - done
[0.189s] -- Check for working CXX compiler: /usr/bin/c++ - skipped
[0.189s] -- Detecting CXX compile features
[0.190s] -- Detecting CXX compile features - done
[0.191s] -- Found ament_cmake: 1.3.12 (/opt/ros/humble/share/ament_cmake/cmake)
[0.299s] -- Found Python3: /usr/bin/python3 (found version "3.10.12") found components: Interpreter 
[0.357s] -- Found rclcpp: 16.0.16 (/opt/ros/humble/share/rclcpp/cmake)
[0.379s] -- Found rosidl_generator_c: 3.1.7 (/opt/ros/humble/share/rosidl_generator_c/cmake)
[0.382s] -- Found rosidl_adapter: 3.1.7 (/opt/ros/humble/share/rosidl_adapter/cmake)
[0.387s] -- Found rosidl_generator_cpp: 3.1.7 (/opt/ros/humble/share/rosidl_generator_cpp/cmake)
[0.393s] -- Using all available rosidl_typesupport_c: rosidl_typesupport_fastrtps_c;rosidl_typesupport_introspection_c
[0.401s] -- Using all available rosidl_typesupport_cpp: rosidl_typesupport_fastrtps_cpp;rosidl_typesupport_introspection_cpp
[0.424s] -- Found rmw_implementation_cmake: 6.1.2 (/opt/ros/humble/share/rmw_implementation_cmake/cmake)
[0.425s] -- Found rmw_fastrtps_cpp: 6.2.9 (/opt/ros/humble/share/rmw_fastrtps_cpp/cmake)
[0.480s] -- Found OpenSSL: /usr/lib/x86_64-linux-gnu/libcrypto.so (found version "3.0.2")  
[0.497s] -- Found FastRTPS: /opt/ros/humble/include  
[0.520s] -- Using RMW implementation 'rmw_fastrtps_cpp' as default
[0.524s] -- Looking for pthread.h
[0.577s] -- Looking for pthread.h - found
[0.577s] -- Performing Test CMAKE_HAVE_LIBC_PTHREAD
[0.618s] -- Performing Test CMAKE_HAVE_LIBC_PTHREAD - Success
[0.618s] -- Found Threads: TRUE  
[0.646s] -- Found urdf: 2.6.1 (/opt/ros/humble/share/urdf/cmake)
[0.664s] -- Found xacro: 2.1.1 (/opt/ros/humble/share/xacro/cmake)
[0.703s] -- Configuring done
[0.705s] -- Generating done
[0.706s] -- Build files have been written to: /home/huahua/project/go2_sim_ws/build/go1_description
[0.712s] Invoked command in '/home/huahua/project/go2_sim_ws/build/go1_description' returned '0': CMAKE_PREFIX_PATH=/opt/ros/humble /usr/bin/cmake /home/huahua/project/go2_sim_ws/src/go1_description -DCMAKE_INSTALL_PREFIX=/home/huahua/project/go2_sim_ws/install/go1_description
[0.713s] Invoking command in '/home/huahua/project/go2_sim_ws/build/go1_description': CMAKE_PREFIX_PATH=/opt/ros/humble /usr/bin/cmake --build /home/huahua/project/go2_sim_ws/build/go1_description -- -j20 -l20
[0.739s] Invoked command in '/home/huahua/project/go2_sim_ws/build/go1_description' returned '0': CMAKE_PREFIX_PATH=/opt/ros/humble /usr/bin/cmake --build /home/huahua/project/go2_sim_ws/build/go1_description -- -j20 -l20
[0.740s] Invoking command in '/home/huahua/project/go2_sim_ws/build/go1_description': CMAKE_PREFIX_PATH=/opt/ros/humble /usr/bin/cmake --install /home/huahua/project/go2_sim_ws/build/go1_description
[0.746s] -- Install configuration: ""
[0.746s] -- Installing: /home/huahua/project/go2_sim_ws/install/go1_description/share/go1_description//meshes
[0.746s] -- Installing: /home/huahua/project/go2_sim_ws/install/go1_description/share/go1_description//meshes/thigh.dae
[0.747s] -- Installing: /home/huahua/project/go2_sim_ws/install/go1_description/share/go1_description//meshes/trunk.dae
[0.773s] -- Installing: /home/huahua/project/go2_sim_ws/install/go1_description/share/go1_description//meshes/thigh_mirror.dae
[0.774s] -- Installing: /home/huahua/project/go2_sim_ws/install/go1_description/share/go1_description//meshes/calf.dae
[0.775s] -- Installing: /home/huahua/project/go2_sim_ws/install/go1_description/share/go1_description//meshes/depthCamera.dae
[0.775s] -- Installing: /home/huahua/project/go2_sim_ws/install/go1_description/share/go1_description//meshes/ultraSound.dae
[0.775s] -- Installing: /home/huahua/project/go2_sim_ws/install/go1_description/share/go1_description//meshes/hip.dae
[0.776s] -- Installing: /home/huahua/project/go2_sim_ws/install/go1_description/share/go1_description//config
[0.776s] -- Installing: /home/huahua/project/go2_sim_ws/install/go1_description/share/go1_description//config/robot_control.yaml
[0.776s] -- Installing: /home/huahua/project/go2_sim_ws/install/go1_description/share/go1_description//config/gz_bridge.yaml
[0.776s] -- Installing: /home/huahua/project/go2_sim_ws/install/go1_description/share/go1_description//config/gaz_ros2_ctl_use_sim.yaml
[0.776s] -- Installing: /home/huahua/project/go2_sim_ws/install/go1_description/share/go1_description//xacro
[0.776s] -- Installing: /home/huahua/project/go2_sim_ws/install/go1_description/share/go1_description//xacro/gazebo.xacro
[0.776s] -- Installing: /home/huahua/project/go2_sim_ws/install/go1_description/share/go1_description//xacro/ultraSound.xacro
[0.776s] -- Installing: /home/huahua/project/go2_sim_ws/install/go1_description/share/go1_description//xacro/const.xacro
[0.776s] -- Installing: /home/huahua/project/go2_sim_ws/install/go1_description/share/go1_description//xacro/robot.xacro
[0.776s] -- Installing: /home/huahua/project/go2_sim_ws/install/go1_description/share/go1_description//xacro/leg.xacro
[0.776s] -- Installing: /home/huahua/project/go2_sim_ws/install/go1_description/share/go1_description//xacro/transmission.xacro
[0.776s] -- Installing: /home/huahua/project/go2_sim_ws/install/go1_description/share/go1_description//xacro/materials.xacro
[0.776s] -- Installing: /home/huahua/project/go2_sim_ws/install/go1_description/share/go1_description//xacro/depthCamera.xacro
[0.777s] -- Installing: /home/huahua/project/go2_sim_ws/install/go1_description/share/go1_description//launch
[0.777s] -- Installing: /home/huahua/project/go2_sim_ws/install/go1_description/share/go1_description//launch/joints_move.launch.py
[0.777s] -- Installing: /home/huahua/project/go2_sim_ws/install/go1_description/share/go1_description//launch/launch_sim.launch.py
[0.777s] -- Installing: /home/huahua/project/go2_sim_ws/install/go1_description/share/ament_index/resource_index/package_run_dependencies/go1_description
[0.777s] -- Installing: /home/huahua/project/go2_sim_ws/install/go1_description/share/ament_index/resource_index/parent_prefix_path/go1_description
[0.777s] -- Installing: /home/huahua/project/go2_sim_ws/install/go1_description/share/go1_description/environment/ament_prefix_path.sh
[0.777s] -- Installing: /home/huahua/project/go2_sim_ws/install/go1_description/share/go1_description/environment/ament_prefix_path.dsv
[0.777s] -- Installing: /home/huahua/project/go2_sim_ws/install/go1_description/share/go1_description/environment/path.sh
[0.777s] -- Installing: /home/huahua/project/go2_sim_ws/install/go1_description/share/go1_description/environment/path.dsv
[0.777s] -- Installing: /home/huahua/project/go2_sim_ws/install/go1_description/share/go1_description/local_setup.bash
[0.777s] -- Installing: /home/huahua/project/go2_sim_ws/install/go1_description/share/go1_description/local_setup.sh
[0.777s] -- Installing: /home/huahua/project/go2_sim_ws/install/go1_description/share/go1_description/local_setup.zsh
[0.777s] -- Installing: /home/huahua/project/go2_sim_ws/install/go1_description/share/go1_description/local_setup.dsv
[0.777s] -- Installing: /home/huahua/project/go2_sim_ws/install/go1_description/share/go1_description/package.dsv
[0.777s] -- Installing: /home/huahua/project/go2_sim_ws/install/go1_description/share/ament_index/resource_index/packages/go1_description
[0.777s] -- Installing: /home/huahua/project/go2_sim_ws/install/go1_description/share/go1_description/cmake/go1_descriptionConfig.cmake
[0.777s] -- Installing: /home/huahua/project/go2_sim_ws/install/go1_description/share/go1_description/cmake/go1_descriptionConfig-version.cmake
[0.777s] -- Installing: /home/huahua/project/go2_sim_ws/install/go1_description/share/go1_description/package.xml
[0.779s] Invoked command in '/home/huahua/project/go2_sim_ws/build/go1_description' returned '0': CMAKE_PREFIX_PATH=/opt/ros/humble /usr/bin/cmake --install /home/huahua/project/go2_sim_ws/build/go1_description
