[0.049s] DEBUG:colcon:Command line arguments: ['/usr/bin/colcon', 'build']
[0.049s] DEBUG:colcon:Parsed command line arguments: Namespace(log_base=None, log_level=None, verb_name='build', build_base='build', install_base='install', merge_install=False, symlink_install=False, test_result_base=None, continue_on_error=False, executor='parallel', parallel_workers=20, event_handlers=None, ignore_user_meta=False, metas=['./colcon.meta'], base_paths=['.'], packages_ignore=None, packages_ignore_regex=None, paths=None, packages_up_to=None, packages_up_to_regex=None, packages_above=None, packages_above_and_dependencies=None, packages_above_depth=None, packages_select_by_dep=None, packages_skip_by_dep=None, packages_skip_up_to=None, packages_select_build_failed=False, packages_skip_build_finished=False, packages_select_test_failures=False, packages_skip_test_passed=False, packages_select=None, packages_skip=None, packages_select_regex=None, packages_skip_regex=None, packages_start=None, packages_end=None, allow_overriding=[], cmake_args=None, cmake_target=None, cmake_target_skip_unavailable=False, cmake_clean_cache=False, cmake_clean_first=False, cmake_force_configure=False, ament_cmake_args=None, catkin_cmake_args=None, catkin_skip_building_tests=False, verb_parser=<colcon_defaults.argument_parser.defaults.DefaultArgumentsDecorator object at 0x7983e4b2ba30>, verb_extension=<colcon_core.verb.build.BuildVerb object at 0x7983e4ce5090>, main=<bound method BuildVerb.main of <colcon_core.verb.build.BuildVerb object at 0x7983e4ce5090>>)
[0.121s] Level 1:colcon.colcon_core.package_discovery:discover_packages(colcon_meta) check parameters
[0.121s] Level 1:colcon.colcon_core.package_discovery:discover_packages(recursive) check parameters
[0.121s] Level 1:colcon.colcon_core.package_discovery:discover_packages(ignore) check parameters
[0.121s] Level 1:colcon.colcon_core.package_discovery:discover_packages(path) check parameters
[0.121s] Level 1:colcon.colcon_core.package_discovery:discover_packages(colcon_meta) discover
[0.121s] Level 1:colcon.colcon_core.package_discovery:discover_packages(recursive) discover
[0.121s] INFO:colcon.colcon_core.package_discovery:Crawling recursively for packages in '/home/huahua/project/go2_sim_ws'
[0.121s] Level 1:colcon.colcon_core.package_identification:_identify(.) by extensions ['ignore', 'ignore_ament_install']
[0.121s] Level 1:colcon.colcon_core.package_identification:_identify(.) by extension 'ignore'
[0.121s] Level 1:colcon.colcon_core.package_identification:_identify(.) by extension 'ignore_ament_install'
[0.121s] Level 1:colcon.colcon_core.package_identification:_identify(.) by extensions ['colcon_pkg']
[0.121s] Level 1:colcon.colcon_core.package_identification:_identify(.) by extension 'colcon_pkg'
[0.121s] Level 1:colcon.colcon_core.package_identification:_identify(.) by extensions ['colcon_meta']
[0.121s] Level 1:colcon.colcon_core.package_identification:_identify(.) by extension 'colcon_meta'
[0.121s] Level 1:colcon.colcon_core.package_identification:_identify(.) by extensions ['ros']
[0.121s] Level 1:colcon.colcon_core.package_identification:_identify(.) by extension 'ros'
[0.127s] Level 1:colcon.colcon_core.package_identification:_identify(.) by extensions ['cmake', 'python']
[0.127s] Level 1:colcon.colcon_core.package_identification:_identify(.) by extension 'cmake'
[0.127s] Level 1:colcon.colcon_core.package_identification:_identify(.) by extension 'python'
[0.127s] Level 1:colcon.colcon_core.package_identification:_identify(.) by extensions ['python_setup_py']
[0.127s] Level 1:colcon.colcon_core.package_identification:_identify(.) by extension 'python_setup_py'
[0.127s] Level 1:colcon.colcon_core.package_identification:_identify(build) by extensions ['ignore', 'ignore_ament_install']
[0.127s] Level 1:colcon.colcon_core.package_identification:_identify(build) by extension 'ignore'
[0.127s] Level 1:colcon.colcon_core.package_identification:_identify(build) ignored
[0.127s] Level 1:colcon.colcon_core.package_identification:_identify(images) by extensions ['ignore', 'ignore_ament_install']
[0.127s] Level 1:colcon.colcon_core.package_identification:_identify(images) by extension 'ignore'
[0.127s] Level 1:colcon.colcon_core.package_identification:_identify(images) by extension 'ignore_ament_install'
[0.127s] Level 1:colcon.colcon_core.package_identification:_identify(images) by extensions ['colcon_pkg']
[0.127s] Level 1:colcon.colcon_core.package_identification:_identify(images) by extension 'colcon_pkg'
[0.127s] Level 1:colcon.colcon_core.package_identification:_identify(images) by extensions ['colcon_meta']
[0.127s] Level 1:colcon.colcon_core.package_identification:_identify(images) by extension 'colcon_meta'
[0.127s] Level 1:colcon.colcon_core.package_identification:_identify(images) by extensions ['ros']
[0.127s] Level 1:colcon.colcon_core.package_identification:_identify(images) by extension 'ros'
[0.128s] Level 1:colcon.colcon_core.package_identification:_identify(images) by extensions ['cmake', 'python']
[0.128s] Level 1:colcon.colcon_core.package_identification:_identify(images) by extension 'cmake'
[0.128s] Level 1:colcon.colcon_core.package_identification:_identify(images) by extension 'python'
[0.128s] Level 1:colcon.colcon_core.package_identification:_identify(images) by extensions ['python_setup_py']
[0.128s] Level 1:colcon.colcon_core.package_identification:_identify(images) by extension 'python_setup_py'
[0.128s] Level 1:colcon.colcon_core.package_identification:_identify(install) by extensions ['ignore', 'ignore_ament_install']
[0.128s] Level 1:colcon.colcon_core.package_identification:_identify(install) by extension 'ignore'
[0.128s] Level 1:colcon.colcon_core.package_identification:_identify(install) ignored
[0.128s] Level 1:colcon.colcon_core.package_identification:_identify(log) by extensions ['ignore', 'ignore_ament_install']
[0.128s] Level 1:colcon.colcon_core.package_identification:_identify(log) by extension 'ignore'
[0.128s] Level 1:colcon.colcon_core.package_identification:_identify(log) ignored
[0.128s] Level 1:colcon.colcon_core.package_identification:_identify(src) by extensions ['ignore', 'ignore_ament_install']
[0.128s] Level 1:colcon.colcon_core.package_identification:_identify(src) by extension 'ignore'
[0.128s] Level 1:colcon.colcon_core.package_identification:_identify(src) by extension 'ignore_ament_install'
[0.128s] Level 1:colcon.colcon_core.package_identification:_identify(src) by extensions ['colcon_pkg']
[0.128s] Level 1:colcon.colcon_core.package_identification:_identify(src) by extension 'colcon_pkg'
[0.128s] Level 1:colcon.colcon_core.package_identification:_identify(src) by extensions ['colcon_meta']
[0.128s] Level 1:colcon.colcon_core.package_identification:_identify(src) by extension 'colcon_meta'
[0.128s] Level 1:colcon.colcon_core.package_identification:_identify(src) by extensions ['ros']
[0.128s] Level 1:colcon.colcon_core.package_identification:_identify(src) by extension 'ros'
[0.128s] Level 1:colcon.colcon_core.package_identification:_identify(src) by extensions ['cmake', 'python']
[0.128s] Level 1:colcon.colcon_core.package_identification:_identify(src) by extension 'cmake'
[0.128s] Level 1:colcon.colcon_core.package_identification:_identify(src) by extension 'python'
[0.128s] Level 1:colcon.colcon_core.package_identification:_identify(src) by extensions ['python_setup_py']
[0.128s] Level 1:colcon.colcon_core.package_identification:_identify(src) by extension 'python_setup_py'
[0.128s] Level 1:colcon.colcon_core.package_identification:_identify(src/docker) by extensions ['ignore', 'ignore_ament_install']
[0.128s] Level 1:colcon.colcon_core.package_identification:_identify(src/docker) by extension 'ignore'
[0.128s] Level 1:colcon.colcon_core.package_identification:_identify(src/docker) by extension 'ignore_ament_install'
[0.128s] Level 1:colcon.colcon_core.package_identification:_identify(src/docker) by extensions ['colcon_pkg']
[0.128s] Level 1:colcon.colcon_core.package_identification:_identify(src/docker) by extension 'colcon_pkg'
[0.128s] Level 1:colcon.colcon_core.package_identification:_identify(src/docker) by extensions ['colcon_meta']
[0.128s] Level 1:colcon.colcon_core.package_identification:_identify(src/docker) by extension 'colcon_meta'
[0.128s] Level 1:colcon.colcon_core.package_identification:_identify(src/docker) by extensions ['ros']
[0.128s] Level 1:colcon.colcon_core.package_identification:_identify(src/docker) by extension 'ros'
[0.128s] Level 1:colcon.colcon_core.package_identification:_identify(src/docker) by extensions ['cmake', 'python']
[0.128s] Level 1:colcon.colcon_core.package_identification:_identify(src/docker) by extension 'cmake'
[0.128s] Level 1:colcon.colcon_core.package_identification:_identify(src/docker) by extension 'python'
[0.128s] Level 1:colcon.colcon_core.package_identification:_identify(src/docker) by extensions ['python_setup_py']
[0.128s] Level 1:colcon.colcon_core.package_identification:_identify(src/docker) by extension 'python_setup_py'
[0.128s] Level 1:colcon.colcon_core.package_identification:_identify(src/gazebo_sim) by extensions ['ignore', 'ignore_ament_install']
[0.128s] Level 1:colcon.colcon_core.package_identification:_identify(src/gazebo_sim) by extension 'ignore'
[0.128s] Level 1:colcon.colcon_core.package_identification:_identify(src/gazebo_sim) by extension 'ignore_ament_install'
[0.128s] Level 1:colcon.colcon_core.package_identification:_identify(src/gazebo_sim) by extensions ['colcon_pkg']
[0.128s] Level 1:colcon.colcon_core.package_identification:_identify(src/gazebo_sim) by extension 'colcon_pkg'
[0.128s] Level 1:colcon.colcon_core.package_identification:_identify(src/gazebo_sim) by extensions ['colcon_meta']
[0.128s] Level 1:colcon.colcon_core.package_identification:_identify(src/gazebo_sim) by extension 'colcon_meta'
[0.129s] Level 1:colcon.colcon_core.package_identification:_identify(src/gazebo_sim) by extensions ['ros']
[0.129s] Level 1:colcon.colcon_core.package_identification:_identify(src/gazebo_sim) by extension 'ros'
[0.131s] DEBUG:colcon.colcon_core.package_identification:Package 'src/gazebo_sim' with type 'ros.ament_cmake' and name 'gazebo_sim'
[0.131s] Level 1:colcon.colcon_core.package_identification:_identify(src/go1_description) by extensions ['ignore', 'ignore_ament_install']
[0.131s] Level 1:colcon.colcon_core.package_identification:_identify(src/go1_description) by extension 'ignore'
[0.131s] Level 1:colcon.colcon_core.package_identification:_identify(src/go1_description) by extension 'ignore_ament_install'
[0.131s] Level 1:colcon.colcon_core.package_identification:_identify(src/go1_description) by extensions ['colcon_pkg']
[0.131s] Level 1:colcon.colcon_core.package_identification:_identify(src/go1_description) by extension 'colcon_pkg'
[0.131s] Level 1:colcon.colcon_core.package_identification:_identify(src/go1_description) by extensions ['colcon_meta']
[0.131s] Level 1:colcon.colcon_core.package_identification:_identify(src/go1_description) by extension 'colcon_meta'
[0.131s] Level 1:colcon.colcon_core.package_identification:_identify(src/go1_description) by extensions ['ros']
[0.131s] Level 1:colcon.colcon_core.package_identification:_identify(src/go1_description) by extension 'ros'
[0.132s] DEBUG:colcon.colcon_core.package_identification:Package 'src/go1_description' with type 'ros.ament_cmake' and name 'go1_description'
[0.132s] Level 1:colcon.colcon_core.package_identification:_identify(src/go2_description) by extensions ['ignore', 'ignore_ament_install']
[0.132s] Level 1:colcon.colcon_core.package_identification:_identify(src/go2_description) by extension 'ignore'
[0.132s] Level 1:colcon.colcon_core.package_identification:_identify(src/go2_description) by extension 'ignore_ament_install'
[0.132s] Level 1:colcon.colcon_core.package_identification:_identify(src/go2_description) by extensions ['colcon_pkg']
[0.132s] Level 1:colcon.colcon_core.package_identification:_identify(src/go2_description) by extension 'colcon_pkg'
[0.132s] Level 1:colcon.colcon_core.package_identification:_identify(src/go2_description) by extensions ['colcon_meta']
[0.133s] Level 1:colcon.colcon_core.package_identification:_identify(src/go2_description) by extension 'colcon_meta'
[0.133s] Level 1:colcon.colcon_core.package_identification:_identify(src/go2_description) by extensions ['ros']
[0.133s] Level 1:colcon.colcon_core.package_identification:_identify(src/go2_description) by extension 'ros'
[0.133s] DEBUG:colcon.colcon_core.package_identification:Package 'src/go2_description' with type 'ros.ament_cmake' and name 'go2_description'
[0.133s] Level 1:colcon.colcon_core.package_identification:_identify(src/quadropted_controller) by extensions ['ignore', 'ignore_ament_install']
[0.133s] Level 1:colcon.colcon_core.package_identification:_identify(src/quadropted_controller) by extension 'ignore'
[0.133s] Level 1:colcon.colcon_core.package_identification:_identify(src/quadropted_controller) by extension 'ignore_ament_install'
[0.133s] Level 1:colcon.colcon_core.package_identification:_identify(src/quadropted_controller) by extensions ['colcon_pkg']
[0.133s] Level 1:colcon.colcon_core.package_identification:_identify(src/quadropted_controller) by extension 'colcon_pkg'
[0.133s] Level 1:colcon.colcon_core.package_identification:_identify(src/quadropted_controller) by extensions ['colcon_meta']
[0.133s] Level 1:colcon.colcon_core.package_identification:_identify(src/quadropted_controller) by extension 'colcon_meta'
[0.133s] Level 1:colcon.colcon_core.package_identification:_identify(src/quadropted_controller) by extensions ['ros']
[0.133s] Level 1:colcon.colcon_core.package_identification:_identify(src/quadropted_controller) by extension 'ros'
[0.133s] DEBUG:colcon.colcon_core.package_identification:Package 'src/quadropted_controller' with type 'ros.ament_cmake' and name 'quadropted_controller'
[0.133s] Level 1:colcon.colcon_core.package_identification:_identify(src/quadropted_msgs) by extensions ['ignore', 'ignore_ament_install']
[0.133s] Level 1:colcon.colcon_core.package_identification:_identify(src/quadropted_msgs) by extension 'ignore'
[0.133s] Level 1:colcon.colcon_core.package_identification:_identify(src/quadropted_msgs) by extension 'ignore_ament_install'
[0.133s] Level 1:colcon.colcon_core.package_identification:_identify(src/quadropted_msgs) by extensions ['colcon_pkg']
[0.133s] Level 1:colcon.colcon_core.package_identification:_identify(src/quadropted_msgs) by extension 'colcon_pkg'
[0.134s] Level 1:colcon.colcon_core.package_identification:_identify(src/quadropted_msgs) by extensions ['colcon_meta']
[0.134s] Level 1:colcon.colcon_core.package_identification:_identify(src/quadropted_msgs) by extension 'colcon_meta'
[0.134s] Level 1:colcon.colcon_core.package_identification:_identify(src/quadropted_msgs) by extensions ['ros']
[0.134s] Level 1:colcon.colcon_core.package_identification:_identify(src/quadropted_msgs) by extension 'ros'
[0.134s] DEBUG:colcon.colcon_core.package_identification:Package 'src/quadropted_msgs' with type 'ros.ament_cmake' and name 'quadropted_msgs'
[0.134s] Level 1:colcon.colcon_core.package_discovery:discover_packages(recursive) using defaults
[0.134s] Level 1:colcon.colcon_core.package_discovery:discover_packages(ignore) discover
[0.134s] Level 1:colcon.colcon_core.package_discovery:discover_packages(ignore) using defaults
[0.134s] Level 1:colcon.colcon_core.package_discovery:discover_packages(path) discover
[0.134s] Level 1:colcon.colcon_core.package_discovery:discover_packages(path) using defaults
[0.149s] Level 1:colcon.colcon_core.package_discovery:discover_packages(prefix_path) check parameters
[0.149s] Level 1:colcon.colcon_core.package_discovery:discover_packages(prefix_path) discover
[0.150s] DEBUG:colcon.colcon_installed_package_information.package_discovery:Found 5 installed packages in /home/huahua/project/go2_sim_ws/install
[0.151s] DEBUG:colcon.colcon_installed_package_information.package_discovery:Found 393 installed packages in /opt/ros/humble
[0.151s] Level 1:colcon.colcon_core.package_discovery:discover_packages(prefix_path) using defaults
[0.172s] Level 5:colcon.colcon_core.verb:set package 'gazebo_sim' build argument 'cmake_args' from command line to 'None'
[0.172s] Level 5:colcon.colcon_core.verb:set package 'gazebo_sim' build argument 'cmake_target' from command line to 'None'
[0.172s] Level 5:colcon.colcon_core.verb:set package 'gazebo_sim' build argument 'cmake_target_skip_unavailable' from command line to 'False'
[0.172s] Level 5:colcon.colcon_core.verb:set package 'gazebo_sim' build argument 'cmake_clean_cache' from command line to 'False'
[0.172s] Level 5:colcon.colcon_core.verb:set package 'gazebo_sim' build argument 'cmake_clean_first' from command line to 'False'
[0.172s] Level 5:colcon.colcon_core.verb:set package 'gazebo_sim' build argument 'cmake_force_configure' from command line to 'False'
[0.172s] Level 5:colcon.colcon_core.verb:set package 'gazebo_sim' build argument 'ament_cmake_args' from command line to 'None'
[0.172s] Level 5:colcon.colcon_core.verb:set package 'gazebo_sim' build argument 'catkin_cmake_args' from command line to 'None'
[0.172s] Level 5:colcon.colcon_core.verb:set package 'gazebo_sim' build argument 'catkin_skip_building_tests' from command line to 'False'
[0.172s] DEBUG:colcon.colcon_core.verb:Building package 'gazebo_sim' with the following arguments: {'ament_cmake_args': None, 'build_base': '/home/huahua/project/go2_sim_ws/build/gazebo_sim', 'catkin_cmake_args': None, 'catkin_skip_building_tests': False, 'cmake_args': None, 'cmake_clean_cache': False, 'cmake_clean_first': False, 'cmake_force_configure': False, 'cmake_target': None, 'cmake_target_skip_unavailable': False, 'install_base': '/home/huahua/project/go2_sim_ws/install/gazebo_sim', 'merge_install': False, 'path': '/home/huahua/project/go2_sim_ws/src/gazebo_sim', 'symlink_install': False, 'test_result_base': None}
[0.172s] Level 5:colcon.colcon_core.verb:set package 'go1_description' build argument 'cmake_args' from command line to 'None'
[0.172s] Level 5:colcon.colcon_core.verb:set package 'go1_description' build argument 'cmake_target' from command line to 'None'
[0.172s] Level 5:colcon.colcon_core.verb:set package 'go1_description' build argument 'cmake_target_skip_unavailable' from command line to 'False'
[0.172s] Level 5:colcon.colcon_core.verb:set package 'go1_description' build argument 'cmake_clean_cache' from command line to 'False'
[0.173s] Level 5:colcon.colcon_core.verb:set package 'go1_description' build argument 'cmake_clean_first' from command line to 'False'
[0.173s] Level 5:colcon.colcon_core.verb:set package 'go1_description' build argument 'cmake_force_configure' from command line to 'False'
[0.173s] Level 5:colcon.colcon_core.verb:set package 'go1_description' build argument 'ament_cmake_args' from command line to 'None'
[0.173s] Level 5:colcon.colcon_core.verb:set package 'go1_description' build argument 'catkin_cmake_args' from command line to 'None'
[0.173s] Level 5:colcon.colcon_core.verb:set package 'go1_description' build argument 'catkin_skip_building_tests' from command line to 'False'
[0.173s] DEBUG:colcon.colcon_core.verb:Building package 'go1_description' with the following arguments: {'ament_cmake_args': None, 'build_base': '/home/huahua/project/go2_sim_ws/build/go1_description', 'catkin_cmake_args': None, 'catkin_skip_building_tests': False, 'cmake_args': None, 'cmake_clean_cache': False, 'cmake_clean_first': False, 'cmake_force_configure': False, 'cmake_target': None, 'cmake_target_skip_unavailable': False, 'install_base': '/home/huahua/project/go2_sim_ws/install/go1_description', 'merge_install': False, 'path': '/home/huahua/project/go2_sim_ws/src/go1_description', 'symlink_install': False, 'test_result_base': None}
[0.173s] Level 5:colcon.colcon_core.verb:set package 'go2_description' build argument 'cmake_args' from command line to 'None'
[0.173s] Level 5:colcon.colcon_core.verb:set package 'go2_description' build argument 'cmake_target' from command line to 'None'
[0.173s] Level 5:colcon.colcon_core.verb:set package 'go2_description' build argument 'cmake_target_skip_unavailable' from command line to 'False'
[0.173s] Level 5:colcon.colcon_core.verb:set package 'go2_description' build argument 'cmake_clean_cache' from command line to 'False'
[0.173s] Level 5:colcon.colcon_core.verb:set package 'go2_description' build argument 'cmake_clean_first' from command line to 'False'
[0.173s] Level 5:colcon.colcon_core.verb:set package 'go2_description' build argument 'cmake_force_configure' from command line to 'False'
[0.173s] Level 5:colcon.colcon_core.verb:set package 'go2_description' build argument 'ament_cmake_args' from command line to 'None'
[0.173s] Level 5:colcon.colcon_core.verb:set package 'go2_description' build argument 'catkin_cmake_args' from command line to 'None'
[0.173s] Level 5:colcon.colcon_core.verb:set package 'go2_description' build argument 'catkin_skip_building_tests' from command line to 'False'
[0.173s] DEBUG:colcon.colcon_core.verb:Building package 'go2_description' with the following arguments: {'ament_cmake_args': None, 'build_base': '/home/huahua/project/go2_sim_ws/build/go2_description', 'catkin_cmake_args': None, 'catkin_skip_building_tests': False, 'cmake_args': None, 'cmake_clean_cache': False, 'cmake_clean_first': False, 'cmake_force_configure': False, 'cmake_target': None, 'cmake_target_skip_unavailable': False, 'install_base': '/home/huahua/project/go2_sim_ws/install/go2_description', 'merge_install': False, 'path': '/home/huahua/project/go2_sim_ws/src/go2_description', 'symlink_install': False, 'test_result_base': None}
[0.173s] Level 5:colcon.colcon_core.verb:set package 'quadropted_controller' build argument 'cmake_args' from command line to 'None'
[0.173s] Level 5:colcon.colcon_core.verb:set package 'quadropted_controller' build argument 'cmake_target' from command line to 'None'
[0.173s] Level 5:colcon.colcon_core.verb:set package 'quadropted_controller' build argument 'cmake_target_skip_unavailable' from command line to 'False'
[0.173s] Level 5:colcon.colcon_core.verb:set package 'quadropted_controller' build argument 'cmake_clean_cache' from command line to 'False'
[0.173s] Level 5:colcon.colcon_core.verb:set package 'quadropted_controller' build argument 'cmake_clean_first' from command line to 'False'
[0.173s] Level 5:colcon.colcon_core.verb:set package 'quadropted_controller' build argument 'cmake_force_configure' from command line to 'False'
[0.173s] Level 5:colcon.colcon_core.verb:set package 'quadropted_controller' build argument 'ament_cmake_args' from command line to 'None'
[0.173s] Level 5:colcon.colcon_core.verb:set package 'quadropted_controller' build argument 'catkin_cmake_args' from command line to 'None'
[0.173s] Level 5:colcon.colcon_core.verb:set package 'quadropted_controller' build argument 'catkin_skip_building_tests' from command line to 'False'
[0.173s] DEBUG:colcon.colcon_core.verb:Building package 'quadropted_controller' with the following arguments: {'ament_cmake_args': None, 'build_base': '/home/huahua/project/go2_sim_ws/build/quadropted_controller', 'catkin_cmake_args': None, 'catkin_skip_building_tests': False, 'cmake_args': None, 'cmake_clean_cache': False, 'cmake_clean_first': False, 'cmake_force_configure': False, 'cmake_target': None, 'cmake_target_skip_unavailable': False, 'install_base': '/home/huahua/project/go2_sim_ws/install/quadropted_controller', 'merge_install': False, 'path': '/home/huahua/project/go2_sim_ws/src/quadropted_controller', 'symlink_install': False, 'test_result_base': None}
[0.173s] Level 5:colcon.colcon_core.verb:set package 'quadropted_msgs' build argument 'cmake_args' from command line to 'None'
[0.173s] Level 5:colcon.colcon_core.verb:set package 'quadropted_msgs' build argument 'cmake_target' from command line to 'None'
[0.173s] Level 5:colcon.colcon_core.verb:set package 'quadropted_msgs' build argument 'cmake_target_skip_unavailable' from command line to 'False'
[0.173s] Level 5:colcon.colcon_core.verb:set package 'quadropted_msgs' build argument 'cmake_clean_cache' from command line to 'False'
[0.173s] Level 5:colcon.colcon_core.verb:set package 'quadropted_msgs' build argument 'cmake_clean_first' from command line to 'False'
[0.173s] Level 5:colcon.colcon_core.verb:set package 'quadropted_msgs' build argument 'cmake_force_configure' from command line to 'False'
[0.173s] Level 5:colcon.colcon_core.verb:set package 'quadropted_msgs' build argument 'ament_cmake_args' from command line to 'None'
[0.173s] Level 5:colcon.colcon_core.verb:set package 'quadropted_msgs' build argument 'catkin_cmake_args' from command line to 'None'
[0.173s] Level 5:colcon.colcon_core.verb:set package 'quadropted_msgs' build argument 'catkin_skip_building_tests' from command line to 'False'
[0.173s] DEBUG:colcon.colcon_core.verb:Building package 'quadropted_msgs' with the following arguments: {'ament_cmake_args': None, 'build_base': '/home/huahua/project/go2_sim_ws/build/quadropted_msgs', 'catkin_cmake_args': None, 'catkin_skip_building_tests': False, 'cmake_args': None, 'cmake_clean_cache': False, 'cmake_clean_first': False, 'cmake_force_configure': False, 'cmake_target': None, 'cmake_target_skip_unavailable': False, 'install_base': '/home/huahua/project/go2_sim_ws/install/quadropted_msgs', 'merge_install': False, 'path': '/home/huahua/project/go2_sim_ws/src/quadropted_msgs', 'symlink_install': False, 'test_result_base': None}
[0.173s] INFO:colcon.colcon_core.executor:Executing jobs using 'parallel' executor
[0.174s] DEBUG:colcon.colcon_parallel_executor.executor.parallel:run_until_complete
[0.174s] INFO:colcon.colcon_ros.task.ament_cmake.build:Building ROS package in '/home/huahua/project/go2_sim_ws/src/gazebo_sim' with build type 'ament_cmake'
[0.175s] INFO:colcon.colcon_cmake.task.cmake.build:Building CMake package in '/home/huahua/project/go2_sim_ws/src/gazebo_sim'
[0.175s] INFO:colcon.colcon_core.plugin_system:Skipping extension 'colcon_core.shell.bat': Not used on non-Windows systems
[0.176s] INFO:colcon.colcon_core.shell:Skip shell extension 'powershell' for command environment: Not usable outside of PowerShell
[0.176s] DEBUG:colcon.colcon_core.shell:Skip shell extension 'dsv' for command environment
[0.178s] INFO:colcon.colcon_ros.task.ament_cmake.build:Building ROS package in '/home/huahua/project/go2_sim_ws/src/go1_description' with build type 'ament_cmake'
[0.178s] INFO:colcon.colcon_cmake.task.cmake.build:Building CMake package in '/home/huahua/project/go2_sim_ws/src/go1_description'
[0.178s] INFO:colcon.colcon_core.shell:Skip shell extension 'powershell' for command environment: Not usable outside of PowerShell
[0.178s] DEBUG:colcon.colcon_core.shell:Skip shell extension 'dsv' for command environment
[0.180s] INFO:colcon.colcon_ros.task.ament_cmake.build:Building ROS package in '/home/huahua/project/go2_sim_ws/src/go2_description' with build type 'ament_cmake'
[0.180s] INFO:colcon.colcon_cmake.task.cmake.build:Building CMake package in '/home/huahua/project/go2_sim_ws/src/go2_description'
[0.180s] INFO:colcon.colcon_core.shell:Skip shell extension 'powershell' for command environment: Not usable outside of PowerShell
[0.180s] DEBUG:colcon.colcon_core.shell:Skip shell extension 'dsv' for command environment
[0.181s] INFO:colcon.colcon_ros.task.ament_cmake.build:Building ROS package in '/home/huahua/project/go2_sim_ws/src/quadropted_controller' with build type 'ament_cmake'
[0.182s] INFO:colcon.colcon_cmake.task.cmake.build:Building CMake package in '/home/huahua/project/go2_sim_ws/src/quadropted_controller'
[0.182s] INFO:colcon.colcon_core.shell:Skip shell extension 'powershell' for command environment: Not usable outside of PowerShell
[0.182s] DEBUG:colcon.colcon_core.shell:Skip shell extension 'dsv' for command environment
[0.183s] INFO:colcon.colcon_ros.task.ament_cmake.build:Building ROS package in '/home/huahua/project/go2_sim_ws/src/quadropted_msgs' with build type 'ament_cmake'
[0.183s] INFO:colcon.colcon_cmake.task.cmake.build:Building CMake package in '/home/huahua/project/go2_sim_ws/src/quadropted_msgs'
[0.183s] INFO:colcon.colcon_core.shell:Skip shell extension 'powershell' for command environment: Not usable outside of PowerShell
[0.183s] DEBUG:colcon.colcon_core.shell:Skip shell extension 'dsv' for command environment
[0.188s] DEBUG:colcon.colcon_core.event_handler.log_command:Invoking command in '/home/huahua/project/go2_sim_ws/build/gazebo_sim': CMAKE_PREFIX_PATH=${CMAKE_PREFIX_PATH}:/opt/ros/humble /usr/bin/cmake --build /home/huahua/project/go2_sim_ws/build/gazebo_sim -- -j20 -l20
[0.189s] DEBUG:colcon.colcon_core.event_handler.log_command:Invoking command in '/home/huahua/project/go2_sim_ws/build/go1_description': CMAKE_PREFIX_PATH=${CMAKE_PREFIX_PATH}:/opt/ros/humble /usr/bin/cmake --build /home/huahua/project/go2_sim_ws/build/go1_description -- -j20 -l20
[0.190s] DEBUG:colcon.colcon_core.event_handler.log_command:Invoking command in '/home/huahua/project/go2_sim_ws/build/go2_description': CMAKE_PREFIX_PATH=${CMAKE_PREFIX_PATH}:/opt/ros/humble /usr/bin/cmake --build /home/huahua/project/go2_sim_ws/build/go2_description -- -j20 -l20
[0.191s] DEBUG:colcon.colcon_core.event_handler.log_command:Invoking command in '/home/huahua/project/go2_sim_ws/build/quadropted_controller': CMAKE_PREFIX_PATH=${CMAKE_PREFIX_PATH}:/opt/ros/humble /usr/bin/cmake --build /home/huahua/project/go2_sim_ws/build/quadropted_controller -- -j20 -l20
[0.194s] DEBUG:colcon.colcon_core.event_handler.log_command:Invoking command in '/home/huahua/project/go2_sim_ws/build/quadropted_msgs': CMAKE_PREFIX_PATH=${CMAKE_PREFIX_PATH}:/opt/ros/humble /usr/bin/cmake --build /home/huahua/project/go2_sim_ws/build/quadropted_msgs -- -j20 -l20
[0.211s] DEBUG:colcon.colcon_core.event_handler.log_command:Invoked command in '/home/huahua/project/go2_sim_ws/build/go1_description' returned '0': CMAKE_PREFIX_PATH=${CMAKE_PREFIX_PATH}:/opt/ros/humble /usr/bin/cmake --build /home/huahua/project/go2_sim_ws/build/go1_description -- -j20 -l20
[0.217s] DEBUG:colcon.colcon_core.event_handler.log_command:Invoking command in '/home/huahua/project/go2_sim_ws/build/go1_description': CMAKE_PREFIX_PATH=${CMAKE_PREFIX_PATH}:/opt/ros/humble /usr/bin/cmake --install /home/huahua/project/go2_sim_ws/build/go1_description
[0.218s] DEBUG:colcon.colcon_core.event_handler.log_command:Invoked command in '/home/huahua/project/go2_sim_ws/build/gazebo_sim' returned '0': CMAKE_PREFIX_PATH=${CMAKE_PREFIX_PATH}:/opt/ros/humble /usr/bin/cmake --build /home/huahua/project/go2_sim_ws/build/gazebo_sim -- -j20 -l20
[0.219s] DEBUG:colcon.colcon_core.event_handler.log_command:Invoking command in '/home/huahua/project/go2_sim_ws/build/gazebo_sim': CMAKE_PREFIX_PATH=${CMAKE_PREFIX_PATH}:/opt/ros/humble /usr/bin/cmake --install /home/huahua/project/go2_sim_ws/build/gazebo_sim
[0.220s] DEBUG:colcon.colcon_core.event_handler.log_command:Invoked command in '/home/huahua/project/go2_sim_ws/build/go2_description' returned '0': CMAKE_PREFIX_PATH=${CMAKE_PREFIX_PATH}:/opt/ros/humble /usr/bin/cmake --build /home/huahua/project/go2_sim_ws/build/go2_description -- -j20 -l20
[0.221s] DEBUG:colcon.colcon_core.event_handler.log_command:Invoking command in '/home/huahua/project/go2_sim_ws/build/go2_description': CMAKE_PREFIX_PATH=${CMAKE_PREFIX_PATH}:/opt/ros/humble /usr/bin/cmake --install /home/huahua/project/go2_sim_ws/build/go2_description
[0.227s] DEBUG:colcon.colcon_core.event_handler.log_command:Invoked command in '/home/huahua/project/go2_sim_ws/build/quadropted_controller' returned '0': CMAKE_PREFIX_PATH=${CMAKE_PREFIX_PATH}:/opt/ros/humble /usr/bin/cmake --build /home/huahua/project/go2_sim_ws/build/quadropted_controller -- -j20 -l20
[0.228s] DEBUG:colcon.colcon_core.event_handler.log_command:Invoking command in '/home/huahua/project/go2_sim_ws/build/quadropted_controller': CMAKE_PREFIX_PATH=${CMAKE_PREFIX_PATH}:/opt/ros/humble /usr/bin/cmake --install /home/huahua/project/go2_sim_ws/build/quadropted_controller
[0.228s] Level 1:colcon.colcon_core.environment:create_environment_scripts_only(go1_description)
[0.230s] DEBUG:colcon.colcon_core.event_handler.log_command:Invoked command in '/home/huahua/project/go2_sim_ws/build/go1_description' returned '0': CMAKE_PREFIX_PATH=${CMAKE_PREFIX_PATH}:/opt/ros/humble /usr/bin/cmake --install /home/huahua/project/go2_sim_ws/build/go1_description
[0.246s] Level 1:colcon.colcon_core.environment:checking '/home/huahua/project/go2_sim_ws/install/go1_description' for CMake module files
[0.248s] Level 1:colcon.colcon_core.environment:checking '/home/huahua/project/go2_sim_ws/install/go1_description' for CMake config files
[0.249s] Level 1:colcon.colcon_core.shell:create_environment_hook('go1_description', 'cmake_prefix_path')
[0.249s] INFO:colcon.colcon_core.shell:Creating environment hook '/home/huahua/project/go2_sim_ws/install/go1_description/share/go1_description/hook/cmake_prefix_path.ps1'
[0.251s] INFO:colcon.colcon_core.shell:Creating environment descriptor '/home/huahua/project/go2_sim_ws/install/go1_description/share/go1_description/hook/cmake_prefix_path.dsv'
[0.253s] INFO:colcon.colcon_core.shell:Creating environment hook '/home/huahua/project/go2_sim_ws/install/go1_description/share/go1_description/hook/cmake_prefix_path.sh'
[0.257s] Level 1:colcon.colcon_core.environment:checking '/home/huahua/project/go2_sim_ws/install/go1_description/bin'
[0.257s] Level 1:colcon.colcon_core.environment:checking '/home/huahua/project/go2_sim_ws/install/go1_description/lib/pkgconfig/go1_description.pc'
[0.257s] Level 1:colcon.colcon_core.environment:checking '/home/huahua/project/go2_sim_ws/install/go1_description/lib/python3.10/site-packages'
[0.257s] Level 1:colcon.colcon_core.environment:checking '/home/huahua/project/go2_sim_ws/install/go1_description/bin'
[0.257s] INFO:colcon.colcon_core.shell:Creating package script '/home/huahua/project/go2_sim_ws/install/go1_description/share/go1_description/package.ps1'
[0.259s] INFO:colcon.colcon_core.shell:Creating package descriptor '/home/huahua/project/go2_sim_ws/install/go1_description/share/go1_description/package.dsv'
[0.263s] INFO:colcon.colcon_core.shell:Creating package script '/home/huahua/project/go2_sim_ws/install/go1_description/share/go1_description/package.sh'
[0.265s] INFO:colcon.colcon_core.shell:Creating package script '/home/huahua/project/go2_sim_ws/install/go1_description/share/go1_description/package.bash'
[0.266s] INFO:colcon.colcon_core.shell:Creating package script '/home/huahua/project/go2_sim_ws/install/go1_description/share/go1_description/package.zsh'
[0.267s] Level 1:colcon.colcon_core.environment:create_file_with_runtime_dependencies(/home/huahua/project/go2_sim_ws/install/go1_description/share/colcon-core/packages/go1_description)
[0.270s] Level 1:colcon.colcon_core.environment:create_environment_scripts_only(go1_description)
[0.270s] Level 1:colcon.colcon_core.environment:checking '/home/huahua/project/go2_sim_ws/install/go1_description' for CMake module files
[0.276s] Level 1:colcon.colcon_core.environment:checking '/home/huahua/project/go2_sim_ws/install/go1_description' for CMake config files
[0.283s] Level 1:colcon.colcon_core.shell:create_environment_hook('go1_description', 'cmake_prefix_path')
[0.283s] INFO:colcon.colcon_core.shell:Creating environment hook '/home/huahua/project/go2_sim_ws/install/go1_description/share/go1_description/hook/cmake_prefix_path.ps1'
[0.283s] INFO:colcon.colcon_core.shell:Creating environment descriptor '/home/huahua/project/go2_sim_ws/install/go1_description/share/go1_description/hook/cmake_prefix_path.dsv'
[0.284s] INFO:colcon.colcon_core.shell:Creating environment hook '/home/huahua/project/go2_sim_ws/install/go1_description/share/go1_description/hook/cmake_prefix_path.sh'
[0.284s] Level 1:colcon.colcon_core.environment:checking '/home/huahua/project/go2_sim_ws/install/go1_description/bin'
[0.284s] Level 1:colcon.colcon_core.environment:checking '/home/huahua/project/go2_sim_ws/install/go1_description/lib/pkgconfig/go1_description.pc'
[0.284s] Level 1:colcon.colcon_core.environment:checking '/home/huahua/project/go2_sim_ws/install/go1_description/lib/python3.10/site-packages'
[0.285s] Level 1:colcon.colcon_core.environment:checking '/home/huahua/project/go2_sim_ws/install/go1_description/bin'
[0.285s] INFO:colcon.colcon_core.shell:Creating package script '/home/huahua/project/go2_sim_ws/install/go1_description/share/go1_description/package.ps1'
[0.286s] INFO:colcon.colcon_core.shell:Creating package descriptor '/home/huahua/project/go2_sim_ws/install/go1_description/share/go1_description/package.dsv'
[0.286s] INFO:colcon.colcon_core.shell:Creating package script '/home/huahua/project/go2_sim_ws/install/go1_description/share/go1_description/package.sh'
[0.286s] INFO:colcon.colcon_core.shell:Creating package script '/home/huahua/project/go2_sim_ws/install/go1_description/share/go1_description/package.bash'
[0.287s] INFO:colcon.colcon_core.shell:Creating package script '/home/huahua/project/go2_sim_ws/install/go1_description/share/go1_description/package.zsh'
[0.287s] Level 1:colcon.colcon_core.environment:create_file_with_runtime_dependencies(/home/huahua/project/go2_sim_ws/install/go1_description/share/colcon-core/packages/go1_description)
[0.288s] Level 1:colcon.colcon_core.environment:create_environment_scripts_only(quadropted_controller)
[0.289s] DEBUG:colcon.colcon_core.event_handler.log_command:Invoked command in '/home/huahua/project/go2_sim_ws/build/quadropted_controller' returned '0': CMAKE_PREFIX_PATH=${CMAKE_PREFIX_PATH}:/opt/ros/humble /usr/bin/cmake --install /home/huahua/project/go2_sim_ws/build/quadropted_controller
[0.289s] Level 1:colcon.colcon_core.environment:checking '/home/huahua/project/go2_sim_ws/install/quadropted_controller' for CMake module files
[0.289s] Level 1:colcon.colcon_core.environment:checking '/home/huahua/project/go2_sim_ws/install/quadropted_controller' for CMake config files
[0.290s] Level 1:colcon.colcon_core.shell:create_environment_hook('quadropted_controller', 'cmake_prefix_path')
[0.290s] INFO:colcon.colcon_core.shell:Creating environment hook '/home/huahua/project/go2_sim_ws/install/quadropted_controller/share/quadropted_controller/hook/cmake_prefix_path.ps1'
[0.290s] INFO:colcon.colcon_core.shell:Creating environment descriptor '/home/huahua/project/go2_sim_ws/install/quadropted_controller/share/quadropted_controller/hook/cmake_prefix_path.dsv'
[0.290s] INFO:colcon.colcon_core.shell:Creating environment hook '/home/huahua/project/go2_sim_ws/install/quadropted_controller/share/quadropted_controller/hook/cmake_prefix_path.sh'
[0.291s] Level 1:colcon.colcon_core.environment:checking '/home/huahua/project/go2_sim_ws/install/quadropted_controller/lib'
[0.291s] Level 1:colcon.colcon_core.environment:checking '/home/huahua/project/go2_sim_ws/install/quadropted_controller/bin'
[0.291s] Level 1:colcon.colcon_core.environment:checking '/home/huahua/project/go2_sim_ws/install/quadropted_controller/lib/pkgconfig/quadropted_controller.pc'
[0.291s] Level 1:colcon.colcon_core.environment:checking '/home/huahua/project/go2_sim_ws/install/quadropted_controller/lib/python3.10/site-packages'
[0.291s] Level 1:colcon.colcon_core.environment:checking '/home/huahua/project/go2_sim_ws/install/quadropted_controller/bin'
[0.291s] INFO:colcon.colcon_core.shell:Creating package script '/home/huahua/project/go2_sim_ws/install/quadropted_controller/share/quadropted_controller/package.ps1'
[0.291s] INFO:colcon.colcon_core.shell:Creating package descriptor '/home/huahua/project/go2_sim_ws/install/quadropted_controller/share/quadropted_controller/package.dsv'
[0.292s] INFO:colcon.colcon_core.shell:Creating package script '/home/huahua/project/go2_sim_ws/install/quadropted_controller/share/quadropted_controller/package.sh'
[0.292s] INFO:colcon.colcon_core.shell:Creating package script '/home/huahua/project/go2_sim_ws/install/quadropted_controller/share/quadropted_controller/package.bash'
[0.292s] INFO:colcon.colcon_core.shell:Creating package script '/home/huahua/project/go2_sim_ws/install/quadropted_controller/share/quadropted_controller/package.zsh'
[0.292s] Level 1:colcon.colcon_core.environment:create_file_with_runtime_dependencies(/home/huahua/project/go2_sim_ws/install/quadropted_controller/share/colcon-core/packages/quadropted_controller)
[0.293s] Level 1:colcon.colcon_core.environment:create_environment_scripts_only(quadropted_controller)
[0.293s] Level 1:colcon.colcon_core.environment:checking '/home/huahua/project/go2_sim_ws/install/quadropted_controller' for CMake module files
[0.293s] Level 1:colcon.colcon_core.environment:checking '/home/huahua/project/go2_sim_ws/install/quadropted_controller' for CMake config files
[0.294s] Level 1:colcon.colcon_core.shell:create_environment_hook('quadropted_controller', 'cmake_prefix_path')
[0.294s] INFO:colcon.colcon_core.shell:Creating environment hook '/home/huahua/project/go2_sim_ws/install/quadropted_controller/share/quadropted_controller/hook/cmake_prefix_path.ps1'
[0.294s] INFO:colcon.colcon_core.shell:Creating environment descriptor '/home/huahua/project/go2_sim_ws/install/quadropted_controller/share/quadropted_controller/hook/cmake_prefix_path.dsv'
[0.294s] INFO:colcon.colcon_core.shell:Creating environment hook '/home/huahua/project/go2_sim_ws/install/quadropted_controller/share/quadropted_controller/hook/cmake_prefix_path.sh'
[0.295s] Level 1:colcon.colcon_core.environment:checking '/home/huahua/project/go2_sim_ws/install/quadropted_controller/lib'
[0.295s] Level 1:colcon.colcon_core.environment:checking '/home/huahua/project/go2_sim_ws/install/quadropted_controller/bin'
[0.295s] Level 1:colcon.colcon_core.environment:checking '/home/huahua/project/go2_sim_ws/install/quadropted_controller/lib/pkgconfig/quadropted_controller.pc'
[0.295s] Level 1:colcon.colcon_core.environment:checking '/home/huahua/project/go2_sim_ws/install/quadropted_controller/lib/python3.10/site-packages'
[0.295s] Level 1:colcon.colcon_core.environment:checking '/home/huahua/project/go2_sim_ws/install/quadropted_controller/bin'
[0.295s] INFO:colcon.colcon_core.shell:Creating package script '/home/huahua/project/go2_sim_ws/install/quadropted_controller/share/quadropted_controller/package.ps1'
[0.295s] INFO:colcon.colcon_core.shell:Creating package descriptor '/home/huahua/project/go2_sim_ws/install/quadropted_controller/share/quadropted_controller/package.dsv'
[0.296s] INFO:colcon.colcon_core.shell:Creating package script '/home/huahua/project/go2_sim_ws/install/quadropted_controller/share/quadropted_controller/package.sh'
[0.296s] INFO:colcon.colcon_core.shell:Creating package script '/home/huahua/project/go2_sim_ws/install/quadropted_controller/share/quadropted_controller/package.bash'
[0.296s] INFO:colcon.colcon_core.shell:Creating package script '/home/huahua/project/go2_sim_ws/install/quadropted_controller/share/quadropted_controller/package.zsh'
[0.296s] Level 1:colcon.colcon_core.environment:create_file_with_runtime_dependencies(/home/huahua/project/go2_sim_ws/install/quadropted_controller/share/colcon-core/packages/quadropted_controller)
[0.296s] Level 1:colcon.colcon_core.environment:create_environment_scripts_only(go2_description)
[0.296s] Level 1:colcon.colcon_core.environment:checking '/home/huahua/project/go2_sim_ws/install/go2_description' for CMake module files
[0.297s] DEBUG:colcon.colcon_core.event_handler.log_command:Invoked command in '/home/huahua/project/go2_sim_ws/build/go2_description' returned '0': CMAKE_PREFIX_PATH=${CMAKE_PREFIX_PATH}:/opt/ros/humble /usr/bin/cmake --install /home/huahua/project/go2_sim_ws/build/go2_description
[0.297s] Level 1:colcon.colcon_core.environment:checking '/home/huahua/project/go2_sim_ws/install/go2_description' for CMake config files
[0.297s] Level 1:colcon.colcon_core.shell:create_environment_hook('go2_description', 'cmake_prefix_path')
[0.297s] INFO:colcon.colcon_core.shell:Creating environment hook '/home/huahua/project/go2_sim_ws/install/go2_description/share/go2_description/hook/cmake_prefix_path.ps1'
[0.297s] INFO:colcon.colcon_core.shell:Creating environment descriptor '/home/huahua/project/go2_sim_ws/install/go2_description/share/go2_description/hook/cmake_prefix_path.dsv'
[0.298s] INFO:colcon.colcon_core.shell:Creating environment hook '/home/huahua/project/go2_sim_ws/install/go2_description/share/go2_description/hook/cmake_prefix_path.sh'
[0.298s] Level 1:colcon.colcon_core.environment:checking '/home/huahua/project/go2_sim_ws/install/go2_description/bin'
[0.298s] Level 1:colcon.colcon_core.environment:checking '/home/huahua/project/go2_sim_ws/install/go2_description/lib/pkgconfig/go2_description.pc'
[0.298s] Level 1:colcon.colcon_core.environment:checking '/home/huahua/project/go2_sim_ws/install/go2_description/lib/python3.10/site-packages'
[0.298s] Level 1:colcon.colcon_core.environment:checking '/home/huahua/project/go2_sim_ws/install/go2_description/bin'
[0.298s] INFO:colcon.colcon_core.shell:Creating package script '/home/huahua/project/go2_sim_ws/install/go2_description/share/go2_description/package.ps1'
[0.298s] INFO:colcon.colcon_core.shell:Creating package descriptor '/home/huahua/project/go2_sim_ws/install/go2_description/share/go2_description/package.dsv'
[0.299s] INFO:colcon.colcon_core.shell:Creating package script '/home/huahua/project/go2_sim_ws/install/go2_description/share/go2_description/package.sh'
[0.299s] INFO:colcon.colcon_core.shell:Creating package script '/home/huahua/project/go2_sim_ws/install/go2_description/share/go2_description/package.bash'
[0.299s] INFO:colcon.colcon_core.shell:Creating package script '/home/huahua/project/go2_sim_ws/install/go2_description/share/go2_description/package.zsh'
[0.299s] Level 1:colcon.colcon_core.environment:create_file_with_runtime_dependencies(/home/huahua/project/go2_sim_ws/install/go2_description/share/colcon-core/packages/go2_description)
[0.299s] Level 1:colcon.colcon_core.environment:create_environment_scripts_only(go2_description)
[0.299s] Level 1:colcon.colcon_core.environment:checking '/home/huahua/project/go2_sim_ws/install/go2_description' for CMake module files
[0.300s] Level 1:colcon.colcon_core.environment:checking '/home/huahua/project/go2_sim_ws/install/go2_description' for CMake config files
[0.300s] Level 1:colcon.colcon_core.shell:create_environment_hook('go2_description', 'cmake_prefix_path')
[0.300s] INFO:colcon.colcon_core.shell:Creating environment hook '/home/huahua/project/go2_sim_ws/install/go2_description/share/go2_description/hook/cmake_prefix_path.ps1'
[0.300s] INFO:colcon.colcon_core.shell:Creating environment descriptor '/home/huahua/project/go2_sim_ws/install/go2_description/share/go2_description/hook/cmake_prefix_path.dsv'
[0.300s] INFO:colcon.colcon_core.shell:Creating environment hook '/home/huahua/project/go2_sim_ws/install/go2_description/share/go2_description/hook/cmake_prefix_path.sh'
[0.300s] Level 1:colcon.colcon_core.environment:checking '/home/huahua/project/go2_sim_ws/install/go2_description/bin'
[0.300s] Level 1:colcon.colcon_core.environment:checking '/home/huahua/project/go2_sim_ws/install/go2_description/lib/pkgconfig/go2_description.pc'
[0.301s] Level 1:colcon.colcon_core.environment:checking '/home/huahua/project/go2_sim_ws/install/go2_description/lib/python3.10/site-packages'
[0.301s] Level 1:colcon.colcon_core.environment:checking '/home/huahua/project/go2_sim_ws/install/go2_description/bin'
[0.301s] INFO:colcon.colcon_core.shell:Creating package script '/home/huahua/project/go2_sim_ws/install/go2_description/share/go2_description/package.ps1'
[0.301s] INFO:colcon.colcon_core.shell:Creating package descriptor '/home/huahua/project/go2_sim_ws/install/go2_description/share/go2_description/package.dsv'
[0.301s] INFO:colcon.colcon_core.shell:Creating package script '/home/huahua/project/go2_sim_ws/install/go2_description/share/go2_description/package.sh'
[0.301s] INFO:colcon.colcon_core.shell:Creating package script '/home/huahua/project/go2_sim_ws/install/go2_description/share/go2_description/package.bash'
[0.302s] INFO:colcon.colcon_core.shell:Creating package script '/home/huahua/project/go2_sim_ws/install/go2_description/share/go2_description/package.zsh'
[0.302s] Level 1:colcon.colcon_core.environment:create_file_with_runtime_dependencies(/home/huahua/project/go2_sim_ws/install/go2_description/share/colcon-core/packages/go2_description)
[0.302s] Level 1:colcon.colcon_core.environment:create_environment_scripts_only(gazebo_sim)
[0.302s] Level 1:colcon.colcon_core.environment:checking '/home/huahua/project/go2_sim_ws/install/gazebo_sim' for CMake module files
[0.303s] DEBUG:colcon.colcon_core.event_handler.log_command:Invoked command in '/home/huahua/project/go2_sim_ws/build/gazebo_sim' returned '0': CMAKE_PREFIX_PATH=${CMAKE_PREFIX_PATH}:/opt/ros/humble /usr/bin/cmake --install /home/huahua/project/go2_sim_ws/build/gazebo_sim
[0.303s] Level 1:colcon.colcon_core.environment:checking '/home/huahua/project/go2_sim_ws/install/gazebo_sim' for CMake config files
[0.303s] Level 1:colcon.colcon_core.shell:create_environment_hook('gazebo_sim', 'cmake_prefix_path')
[0.303s] INFO:colcon.colcon_core.shell:Creating environment hook '/home/huahua/project/go2_sim_ws/install/gazebo_sim/share/gazebo_sim/hook/cmake_prefix_path.ps1'
[0.303s] INFO:colcon.colcon_core.shell:Creating environment descriptor '/home/huahua/project/go2_sim_ws/install/gazebo_sim/share/gazebo_sim/hook/cmake_prefix_path.dsv'
[0.304s] INFO:colcon.colcon_core.shell:Creating environment hook '/home/huahua/project/go2_sim_ws/install/gazebo_sim/share/gazebo_sim/hook/cmake_prefix_path.sh'
[0.304s] Level 1:colcon.colcon_core.environment:checking '/home/huahua/project/go2_sim_ws/install/gazebo_sim/bin'
[0.304s] Level 1:colcon.colcon_core.environment:checking '/home/huahua/project/go2_sim_ws/install/gazebo_sim/lib/pkgconfig/gazebo_sim.pc'
[0.304s] Level 1:colcon.colcon_core.environment:checking '/home/huahua/project/go2_sim_ws/install/gazebo_sim/lib/python3.10/site-packages'
[0.304s] Level 1:colcon.colcon_core.environment:checking '/home/huahua/project/go2_sim_ws/install/gazebo_sim/bin'
[0.304s] INFO:colcon.colcon_core.shell:Creating package script '/home/huahua/project/go2_sim_ws/install/gazebo_sim/share/gazebo_sim/package.ps1'
[0.305s] INFO:colcon.colcon_core.shell:Creating package descriptor '/home/huahua/project/go2_sim_ws/install/gazebo_sim/share/gazebo_sim/package.dsv'
[0.305s] INFO:colcon.colcon_core.shell:Creating package script '/home/huahua/project/go2_sim_ws/install/gazebo_sim/share/gazebo_sim/package.sh'
[0.305s] INFO:colcon.colcon_core.shell:Creating package script '/home/huahua/project/go2_sim_ws/install/gazebo_sim/share/gazebo_sim/package.bash'
[0.305s] INFO:colcon.colcon_core.shell:Creating package script '/home/huahua/project/go2_sim_ws/install/gazebo_sim/share/gazebo_sim/package.zsh'
[0.305s] Level 1:colcon.colcon_core.environment:create_file_with_runtime_dependencies(/home/huahua/project/go2_sim_ws/install/gazebo_sim/share/colcon-core/packages/gazebo_sim)
[0.305s] Level 1:colcon.colcon_core.environment:create_environment_scripts_only(gazebo_sim)
[0.306s] Level 1:colcon.colcon_core.environment:checking '/home/huahua/project/go2_sim_ws/install/gazebo_sim' for CMake module files
[0.306s] Level 1:colcon.colcon_core.environment:checking '/home/huahua/project/go2_sim_ws/install/gazebo_sim' for CMake config files
[0.306s] Level 1:colcon.colcon_core.shell:create_environment_hook('gazebo_sim', 'cmake_prefix_path')
[0.306s] INFO:colcon.colcon_core.shell:Creating environment hook '/home/huahua/project/go2_sim_ws/install/gazebo_sim/share/gazebo_sim/hook/cmake_prefix_path.ps1'
[0.306s] INFO:colcon.colcon_core.shell:Creating environment descriptor '/home/huahua/project/go2_sim_ws/install/gazebo_sim/share/gazebo_sim/hook/cmake_prefix_path.dsv'
[0.306s] INFO:colcon.colcon_core.shell:Creating environment hook '/home/huahua/project/go2_sim_ws/install/gazebo_sim/share/gazebo_sim/hook/cmake_prefix_path.sh'
[0.307s] Level 1:colcon.colcon_core.environment:checking '/home/huahua/project/go2_sim_ws/install/gazebo_sim/bin'
[0.307s] Level 1:colcon.colcon_core.environment:checking '/home/huahua/project/go2_sim_ws/install/gazebo_sim/lib/pkgconfig/gazebo_sim.pc'
[0.307s] Level 1:colcon.colcon_core.environment:checking '/home/huahua/project/go2_sim_ws/install/gazebo_sim/lib/python3.10/site-packages'
[0.307s] Level 1:colcon.colcon_core.environment:checking '/home/huahua/project/go2_sim_ws/install/gazebo_sim/bin'
[0.307s] INFO:colcon.colcon_core.shell:Creating package script '/home/huahua/project/go2_sim_ws/install/gazebo_sim/share/gazebo_sim/package.ps1'
[0.307s] INFO:colcon.colcon_core.shell:Creating package descriptor '/home/huahua/project/go2_sim_ws/install/gazebo_sim/share/gazebo_sim/package.dsv'
[0.307s] INFO:colcon.colcon_core.shell:Creating package script '/home/huahua/project/go2_sim_ws/install/gazebo_sim/share/gazebo_sim/package.sh'
[0.308s] INFO:colcon.colcon_core.shell:Creating package script '/home/huahua/project/go2_sim_ws/install/gazebo_sim/share/gazebo_sim/package.bash'
[0.308s] INFO:colcon.colcon_core.shell:Creating package script '/home/huahua/project/go2_sim_ws/install/gazebo_sim/share/gazebo_sim/package.zsh'
[0.308s] Level 1:colcon.colcon_core.environment:create_file_with_runtime_dependencies(/home/huahua/project/go2_sim_ws/install/gazebo_sim/share/colcon-core/packages/gazebo_sim)
[0.401s] DEBUG:colcon.colcon_core.event_handler.log_command:Invoked command in '/home/huahua/project/go2_sim_ws/build/quadropted_msgs' returned '0': CMAKE_PREFIX_PATH=${CMAKE_PREFIX_PATH}:/opt/ros/humble /usr/bin/cmake --build /home/huahua/project/go2_sim_ws/build/quadropted_msgs -- -j20 -l20
[0.402s] DEBUG:colcon.colcon_core.event_handler.log_command:Invoking command in '/home/huahua/project/go2_sim_ws/build/quadropted_msgs': CMAKE_PREFIX_PATH=${CMAKE_PREFIX_PATH}:/opt/ros/humble /usr/bin/cmake --install /home/huahua/project/go2_sim_ws/build/quadropted_msgs
[0.434s] Level 1:colcon.colcon_core.environment:create_environment_scripts_only(quadropted_msgs)
[0.435s] Level 1:colcon.colcon_core.environment:checking '/home/huahua/project/go2_sim_ws/install/quadropted_msgs' for CMake module files
[0.435s] DEBUG:colcon.colcon_core.event_handler.log_command:Invoked command in '/home/huahua/project/go2_sim_ws/build/quadropted_msgs' returned '0': CMAKE_PREFIX_PATH=${CMAKE_PREFIX_PATH}:/opt/ros/humble /usr/bin/cmake --install /home/huahua/project/go2_sim_ws/build/quadropted_msgs
[0.435s] Level 1:colcon.colcon_core.environment:checking '/home/huahua/project/go2_sim_ws/install/quadropted_msgs' for CMake config files
[0.436s] Level 1:colcon.colcon_core.shell:create_environment_hook('quadropted_msgs', 'cmake_prefix_path')
[0.436s] INFO:colcon.colcon_core.shell:Creating environment hook '/home/huahua/project/go2_sim_ws/install/quadropted_msgs/share/quadropted_msgs/hook/cmake_prefix_path.ps1'
[0.436s] INFO:colcon.colcon_core.shell:Creating environment descriptor '/home/huahua/project/go2_sim_ws/install/quadropted_msgs/share/quadropted_msgs/hook/cmake_prefix_path.dsv'
[0.436s] INFO:colcon.colcon_core.shell:Creating environment hook '/home/huahua/project/go2_sim_ws/install/quadropted_msgs/share/quadropted_msgs/hook/cmake_prefix_path.sh'
[0.436s] Level 1:colcon.colcon_core.environment:checking '/home/huahua/project/go2_sim_ws/install/quadropted_msgs/lib'
[0.436s] Level 1:colcon.colcon_core.shell:create_environment_hook('quadropted_msgs', 'ld_library_path_lib')
[0.437s] INFO:colcon.colcon_core.shell:Creating environment hook '/home/huahua/project/go2_sim_ws/install/quadropted_msgs/share/quadropted_msgs/hook/ld_library_path_lib.ps1'
[0.437s] INFO:colcon.colcon_core.shell:Creating environment descriptor '/home/huahua/project/go2_sim_ws/install/quadropted_msgs/share/quadropted_msgs/hook/ld_library_path_lib.dsv'
[0.437s] INFO:colcon.colcon_core.shell:Creating environment hook '/home/huahua/project/go2_sim_ws/install/quadropted_msgs/share/quadropted_msgs/hook/ld_library_path_lib.sh'
[0.437s] Level 1:colcon.colcon_core.environment:checking '/home/huahua/project/go2_sim_ws/install/quadropted_msgs/bin'
[0.437s] Level 1:colcon.colcon_core.environment:checking '/home/huahua/project/go2_sim_ws/install/quadropted_msgs/lib/pkgconfig/quadropted_msgs.pc'
[0.437s] Level 1:colcon.colcon_core.environment:checking '/home/huahua/project/go2_sim_ws/install/quadropted_msgs/lib/python3.10/site-packages'
[0.437s] Level 1:colcon.colcon_core.environment:checking '/home/huahua/project/go2_sim_ws/install/quadropted_msgs/bin'
[0.438s] INFO:colcon.colcon_core.shell:Creating package script '/home/huahua/project/go2_sim_ws/install/quadropted_msgs/share/quadropted_msgs/package.ps1'
[0.438s] INFO:colcon.colcon_core.shell:Creating package descriptor '/home/huahua/project/go2_sim_ws/install/quadropted_msgs/share/quadropted_msgs/package.dsv'
[0.438s] INFO:colcon.colcon_core.shell:Creating package script '/home/huahua/project/go2_sim_ws/install/quadropted_msgs/share/quadropted_msgs/package.sh'
[0.438s] INFO:colcon.colcon_core.shell:Creating package script '/home/huahua/project/go2_sim_ws/install/quadropted_msgs/share/quadropted_msgs/package.bash'
[0.438s] INFO:colcon.colcon_core.shell:Creating package script '/home/huahua/project/go2_sim_ws/install/quadropted_msgs/share/quadropted_msgs/package.zsh'
[0.438s] Level 1:colcon.colcon_core.environment:create_file_with_runtime_dependencies(/home/huahua/project/go2_sim_ws/install/quadropted_msgs/share/colcon-core/packages/quadropted_msgs)
[0.439s] Level 1:colcon.colcon_core.environment:create_environment_scripts_only(quadropted_msgs)
[0.439s] Level 1:colcon.colcon_core.environment:checking '/home/huahua/project/go2_sim_ws/install/quadropted_msgs' for CMake module files
[0.439s] Level 1:colcon.colcon_core.environment:checking '/home/huahua/project/go2_sim_ws/install/quadropted_msgs' for CMake config files
[0.439s] Level 1:colcon.colcon_core.shell:create_environment_hook('quadropted_msgs', 'cmake_prefix_path')
[0.439s] INFO:colcon.colcon_core.shell:Creating environment hook '/home/huahua/project/go2_sim_ws/install/quadropted_msgs/share/quadropted_msgs/hook/cmake_prefix_path.ps1'
[0.440s] INFO:colcon.colcon_core.shell:Creating environment descriptor '/home/huahua/project/go2_sim_ws/install/quadropted_msgs/share/quadropted_msgs/hook/cmake_prefix_path.dsv'
[0.440s] INFO:colcon.colcon_core.shell:Creating environment hook '/home/huahua/project/go2_sim_ws/install/quadropted_msgs/share/quadropted_msgs/hook/cmake_prefix_path.sh'
[0.440s] Level 1:colcon.colcon_core.environment:checking '/home/huahua/project/go2_sim_ws/install/quadropted_msgs/lib'
[0.440s] Level 1:colcon.colcon_core.shell:create_environment_hook('quadropted_msgs', 'ld_library_path_lib')
[0.440s] INFO:colcon.colcon_core.shell:Creating environment hook '/home/huahua/project/go2_sim_ws/install/quadropted_msgs/share/quadropted_msgs/hook/ld_library_path_lib.ps1'
[0.441s] INFO:colcon.colcon_core.shell:Creating environment descriptor '/home/huahua/project/go2_sim_ws/install/quadropted_msgs/share/quadropted_msgs/hook/ld_library_path_lib.dsv'
[0.441s] INFO:colcon.colcon_core.shell:Creating environment hook '/home/huahua/project/go2_sim_ws/install/quadropted_msgs/share/quadropted_msgs/hook/ld_library_path_lib.sh'
[0.441s] Level 1:colcon.colcon_core.environment:checking '/home/huahua/project/go2_sim_ws/install/quadropted_msgs/bin'
[0.441s] Level 1:colcon.colcon_core.environment:checking '/home/huahua/project/go2_sim_ws/install/quadropted_msgs/lib/pkgconfig/quadropted_msgs.pc'
[0.441s] Level 1:colcon.colcon_core.environment:checking '/home/huahua/project/go2_sim_ws/install/quadropted_msgs/lib/python3.10/site-packages'
[0.441s] Level 1:colcon.colcon_core.environment:checking '/home/huahua/project/go2_sim_ws/install/quadropted_msgs/bin'
[0.441s] INFO:colcon.colcon_core.shell:Creating package script '/home/huahua/project/go2_sim_ws/install/quadropted_msgs/share/quadropted_msgs/package.ps1'
[0.442s] INFO:colcon.colcon_core.shell:Creating package descriptor '/home/huahua/project/go2_sim_ws/install/quadropted_msgs/share/quadropted_msgs/package.dsv'
[0.442s] INFO:colcon.colcon_core.shell:Creating package script '/home/huahua/project/go2_sim_ws/install/quadropted_msgs/share/quadropted_msgs/package.sh'
[0.442s] INFO:colcon.colcon_core.shell:Creating package script '/home/huahua/project/go2_sim_ws/install/quadropted_msgs/share/quadropted_msgs/package.bash'
[0.442s] INFO:colcon.colcon_core.shell:Creating package script '/home/huahua/project/go2_sim_ws/install/quadropted_msgs/share/quadropted_msgs/package.zsh'
[0.442s] Level 1:colcon.colcon_core.environment:create_file_with_runtime_dependencies(/home/huahua/project/go2_sim_ws/install/quadropted_msgs/share/colcon-core/packages/quadropted_msgs)
[0.443s] DEBUG:colcon.colcon_parallel_executor.executor.parallel:closing loop
[0.443s] DEBUG:colcon.colcon_parallel_executor.executor.parallel:loop closed
[0.443s] DEBUG:colcon.colcon_parallel_executor.executor.parallel:run_until_complete finished with '0'
[0.443s] DEBUG:colcon.colcon_core.event_reactor:joining thread
[0.446s] INFO:colcon.colcon_core.plugin_system:Skipping extension 'colcon_notification.desktop_notification.terminal_notifier': Not used on non-Darwin systems
[0.446s] INFO:colcon.colcon_core.plugin_system:Skipping extension 'colcon_notification.desktop_notification.win32': Not used on non-Windows systems
[0.446s] INFO:colcon.colcon_notification.desktop_notification:Sending desktop notification using 'notify2'
[0.452s] DEBUG:colcon.colcon_core.event_reactor:joined thread
[0.452s] INFO:colcon.colcon_core.shell:Creating prefix script '/home/huahua/project/go2_sim_ws/install/local_setup.ps1'
[0.452s] INFO:colcon.colcon_core.shell:Creating prefix util module '/home/huahua/project/go2_sim_ws/install/_local_setup_util_ps1.py'
[0.453s] INFO:colcon.colcon_core.shell:Creating prefix chain script '/home/huahua/project/go2_sim_ws/install/setup.ps1'
[0.454s] INFO:colcon.colcon_core.shell:Creating prefix script '/home/huahua/project/go2_sim_ws/install/local_setup.sh'
[0.454s] INFO:colcon.colcon_core.shell:Creating prefix util module '/home/huahua/project/go2_sim_ws/install/_local_setup_util_sh.py'
[0.454s] INFO:colcon.colcon_core.shell:Creating prefix chain script '/home/huahua/project/go2_sim_ws/install/setup.sh'
[0.455s] INFO:colcon.colcon_core.shell:Creating prefix script '/home/huahua/project/go2_sim_ws/install/local_setup.bash'
[0.455s] INFO:colcon.colcon_core.shell:Creating prefix chain script '/home/huahua/project/go2_sim_ws/install/setup.bash'
[0.455s] INFO:colcon.colcon_core.shell:Creating prefix script '/home/huahua/project/go2_sim_ws/install/local_setup.zsh'
[0.456s] INFO:colcon.colcon_core.shell:Creating prefix chain script '/home/huahua/project/go2_sim_ws/install/setup.zsh'
