[0.011s] Invoking command in '/home/huahua/project/go2_sim_ws/build/go1_description': CMAKE_PREFIX_PATH=${CMAKE_PREFIX_PATH}:/opt/ros/humble /usr/bin/cmake --build /home/huahua/project/go2_sim_ws/build/go1_description -- -j20 -l20
[0.033s] Invoked command in '/home/huahua/project/go2_sim_ws/build/go1_description' returned '0': CMAKE_PREFIX_PATH=${CMAKE_PREFIX_PATH}:/opt/ros/humble /usr/bin/cmake --build /home/huahua/project/go2_sim_ws/build/go1_description -- -j20 -l20
[0.039s] Invoking command in '/home/huahua/project/go2_sim_ws/build/go1_description': CMAKE_PREFIX_PATH=${CMAKE_PREFIX_PATH}:/opt/ros/humble /usr/bin/cmake --install /home/huahua/project/go2_sim_ws/build/go1_description
[0.044s] -- Install configuration: ""
[0.044s] -- Up-to-date: /home/huahua/project/go2_sim_ws/install/go1_description/share/go1_description//meshes
[0.044s] -- Up-to-date: /home/huahua/project/go2_sim_ws/install/go1_description/share/go1_description//meshes/thigh.dae
[0.044s] -- Up-to-date: /home/huahua/project/go2_sim_ws/install/go1_description/share/go1_description//meshes/trunk.dae
[0.044s] -- Up-to-date: /home/huahua/project/go2_sim_ws/install/go1_description/share/go1_description//meshes/thigh_mirror.dae
[0.044s] -- Up-to-date: /home/huahua/project/go2_sim_ws/install/go1_description/share/go1_description//meshes/calf.dae
[0.044s] -- Up-to-date: /home/huahua/project/go2_sim_ws/install/go1_description/share/go1_description//meshes/depthCamera.dae
[0.044s] -- Up-to-date: /home/huahua/project/go2_sim_ws/install/go1_description/share/go1_description//meshes/ultraSound.dae
[0.045s] -- Up-to-date: /home/huahua/project/go2_sim_ws/install/go1_description/share/go1_description//meshes/hip.dae
[0.045s] -- Up-to-date: /home/huahua/project/go2_sim_ws/install/go1_description/share/go1_description//config
[0.045s] -- Up-to-date: /home/huahua/project/go2_sim_ws/install/go1_description/share/go1_description//config/robot_control.yaml
[0.045s] -- Up-to-date: /home/huahua/project/go2_sim_ws/install/go1_description/share/go1_description//config/gz_bridge.yaml
[0.045s] -- Up-to-date: /home/huahua/project/go2_sim_ws/install/go1_description/share/go1_description//config/gaz_ros2_ctl_use_sim.yaml
[0.045s] -- Up-to-date: /home/huahua/project/go2_sim_ws/install/go1_description/share/go1_description//xacro
[0.046s] -- Up-to-date: /home/huahua/project/go2_sim_ws/install/go1_description/share/go1_description//xacro/gazebo.xacro
[0.046s] -- Up-to-date: /home/huahua/project/go2_sim_ws/install/go1_description/share/go1_description//xacro/ultraSound.xacro
[0.046s] -- Up-to-date: /home/huahua/project/go2_sim_ws/install/go1_description/share/go1_description//xacro/const.xacro
[0.046s] -- Up-to-date: /home/huahua/project/go2_sim_ws/install/go1_description/share/go1_description//xacro/robot.xacro
[0.046s] -- Up-to-date: /home/huahua/project/go2_sim_ws/install/go1_description/share/go1_description//xacro/leg.xacro
[0.046s] -- Up-to-date: /home/huahua/project/go2_sim_ws/install/go1_description/share/go1_description//xacro/transmission.xacro
[0.047s] -- Up-to-date: /home/huahua/project/go2_sim_ws/install/go1_description/share/go1_description//xacro/materials.xacro
[0.047s] -- Up-to-date: /home/huahua/project/go2_sim_ws/install/go1_description/share/go1_description//xacro/depthCamera.xacro
[0.047s] -- Up-to-date: /home/huahua/project/go2_sim_ws/install/go1_description/share/go1_description//launch
[0.047s] -- Up-to-date: /home/huahua/project/go2_sim_ws/install/go1_description/share/go1_description//launch/joints_move.launch.py
[0.047s] -- Up-to-date: /home/huahua/project/go2_sim_ws/install/go1_description/share/go1_description//launch/launch_sim.launch.py
[0.047s] -- Up-to-date: /home/huahua/project/go2_sim_ws/install/go1_description/share/ament_index/resource_index/package_run_dependencies/go1_description
[0.047s] -- Up-to-date: /home/huahua/project/go2_sim_ws/install/go1_description/share/ament_index/resource_index/parent_prefix_path/go1_description
[0.047s] -- Up-to-date: /home/huahua/project/go2_sim_ws/install/go1_description/share/go1_description/environment/ament_prefix_path.sh
[0.047s] -- Up-to-date: /home/huahua/project/go2_sim_ws/install/go1_description/share/go1_description/environment/ament_prefix_path.dsv
[0.047s] -- Up-to-date: /home/huahua/project/go2_sim_ws/install/go1_description/share/go1_description/environment/path.sh
[0.047s] -- Up-to-date: /home/huahua/project/go2_sim_ws/install/go1_description/share/go1_description/environment/path.dsv
[0.047s] -- Up-to-date: /home/huahua/project/go2_sim_ws/install/go1_description/share/go1_description/local_setup.bash
[0.047s] -- Up-to-date: /home/huahua/project/go2_sim_ws/install/go1_description/share/go1_description/local_setup.sh
[0.047s] -- Up-to-date: /home/huahua/project/go2_sim_ws/install/go1_description/share/go1_description/local_setup.zsh
[0.047s] -- Up-to-date: /home/huahua/project/go2_sim_ws/install/go1_description/share/go1_description/local_setup.dsv
[0.047s] -- Up-to-date: /home/huahua/project/go2_sim_ws/install/go1_description/share/go1_description/package.dsv
[0.048s] -- Up-to-date: /home/huahua/project/go2_sim_ws/install/go1_description/share/ament_index/resource_index/packages/go1_description
[0.049s] -- Up-to-date: /home/huahua/project/go2_sim_ws/install/go1_description/share/go1_description/cmake/go1_descriptionConfig.cmake
[0.049s] -- Up-to-date: /home/huahua/project/go2_sim_ws/install/go1_description/share/go1_description/cmake/go1_descriptionConfig-version.cmake
[0.049s] -- Up-to-date: /home/huahua/project/go2_sim_ws/install/go1_description/share/go1_description/package.xml
[0.052s] Invoked command in '/home/huahua/project/go2_sim_ws/build/go1_description' returned '0': CMAKE_PREFIX_PATH=${CMAKE_PREFIX_PATH}:/opt/ros/humble /usr/bin/cmake --install /home/huahua/project/go2_sim_ws/build/go1_description
